
*** Running vivado
    with args -log nexysA7fpga.vdi -applog -m64 -product Vivado -messageDb vivado.pb -mode batch -source nexysA7fpga.tcl -notrace



****** Vivado v2020.2 (64-bit)
  **** SW Build 3064766 on Wed Nov 18 09:12:45 MST 2020
  **** IP Build 3064653 on Wed Nov 18 14:17:31 MST 2020
    ** Copyright 1986-2020 Xilinx, Inc. All Rights Reserved.

source nexysA7fpga.tcl -notrace
INFO: [IP_Flow 19-234] Refreshing IP repositories
INFO: [IP_Flow 19-1700] Loaded user IP repository 'd:/PSU_Work_and_Textbooks/ECE544/ECE544_ProjFinal/ECE-544-final-project/ece544ip_v2021'.
INFO: [IP_Flow 19-1700] Loaded user IP repository 'd:/PSU_Work_and_Textbooks/ECE544/ECE544_ProjFinal/ECE-544-final-project/vivado-library-v2019.1-1'.
INFO: [IP_Flow 19-2313] Loaded Vivado IP repository 'C:/Xilinx/Vivado/2020.2/data/ip'.
WARNING: [IP_Flow 19-4995] The host OS only allows 260 characters in a normal path. The IP cache path is more than 80 characters. If you experience issues with IP caching, please consider changing the IP cache to a location with a shorter path. Alternately consider using the OS subst command to map part of the path to a drive letter. 
Current IP cache path is D:/PSU_Work_and_Textbooks/ECE544/ECE544_ProjFinal/ECE-544-final-project/Photo_Motor_Vivado/Photo_Motor_Vivado.cache/ip 
Command: link_design -top nexysA7fpga -part xc7a100tcsg324-1
Design is defaulting to srcset: sources_1
Design is defaulting to constrset: constrs_1
INFO: [Device 21-403] Loading part xc7a100tcsg324-1
INFO: [Project 1-454] Reading design checkpoint 'd:/PSU_Work_and_Textbooks/ECE544/ECE544_ProjFinal/ECE-544-final-project/Photo_Motor_Vivado/Photo_Motor_Vivado.gen/sources_1/bd/embsys/ip/embsys_PWM_0_0/embsys_PWM_0_0.dcp' for cell 'EMBSYS/PWM_0'
INFO: [Project 1-454] Reading design checkpoint 'd:/PSU_Work_and_Textbooks/ECE544/ECE544_ProjFinal/ECE-544-final-project/Photo_Motor_Vivado/Photo_Motor_Vivado.gen/sources_1/bd/embsys/ip/embsys_PmodENC544_0_0/embsys_PmodENC544_0_0.dcp' for cell 'EMBSYS/PmodENC544_0'
INFO: [Project 1-454] Reading design checkpoint 'd:/PSU_Work_and_Textbooks/ECE544/ECE544_ProjFinal/ECE-544-final-project/Photo_Motor_Vivado/Photo_Motor_Vivado.gen/sources_1/bd/embsys/ip/embsys_PmodOLEDrgb_0_0/embsys_PmodOLEDrgb_0_0.dcp' for cell 'EMBSYS/PmodOLEDrgb_0'
INFO: [Project 1-454] Reading design checkpoint 'd:/PSU_Work_and_Textbooks/ECE544/ECE544_ProjFinal/ECE-544-final-project/Photo_Motor_Vivado/Photo_Motor_Vivado.gen/sources_1/bd/embsys/ip/embsys_axi_gpio_0_4/embsys_axi_gpio_0_4.dcp' for cell 'EMBSYS/axi_ButtonSwitch_GPIO'
INFO: [Project 1-454] Reading design checkpoint 'd:/PSU_Work_and_Textbooks/ECE544/ECE544_ProjFinal/ECE-544-final-project/Photo_Motor_Vivado/Photo_Motor_Vivado.gen/sources_1/bd/embsys/ip/embsys_axi_gpio_0_0/embsys_axi_gpio_0_0.dcp' for cell 'EMBSYS/axi_gpio_0'
INFO: [Project 1-454] Reading design checkpoint 'd:/PSU_Work_and_Textbooks/ECE544/ECE544_ProjFinal/ECE-544-final-project/Photo_Motor_Vivado/Photo_Motor_Vivado.gen/sources_1/bd/embsys/ip/embsys_axi_timebase_wdt_0_0/embsys_axi_timebase_wdt_0_0.dcp' for cell 'EMBSYS/axi_timebase_wdt_0'
INFO: [Project 1-454] Reading design checkpoint 'd:/PSU_Work_and_Textbooks/ECE544/ECE544_ProjFinal/ECE-544-final-project/Photo_Motor_Vivado/Photo_Motor_Vivado.gen/sources_1/bd/embsys/ip/embsys_axi_timer_0_0/embsys_axi_timer_0_0.dcp' for cell 'EMBSYS/axi_timer_0'
INFO: [Project 1-454] Reading design checkpoint 'd:/PSU_Work_and_Textbooks/ECE544/ECE544_ProjFinal/ECE-544-final-project/Photo_Motor_Vivado/Photo_Motor_Vivado.gen/sources_1/bd/embsys/ip/embsys_axi_uartlite_0_0/embsys_axi_uartlite_0_0.dcp' for cell 'EMBSYS/axi_uartlite_0'
INFO: [Project 1-454] Reading design checkpoint 'd:/PSU_Work_and_Textbooks/ECE544/ECE544_ProjFinal/ECE-544-final-project/Photo_Motor_Vivado/Photo_Motor_Vivado.gen/sources_1/bd/embsys/ip/embsys_clk_wiz_1_0/embsys_clk_wiz_1_0.dcp' for cell 'EMBSYS/clk_wiz_1'
INFO: [Project 1-454] Reading design checkpoint 'd:/PSU_Work_and_Textbooks/ECE544/ECE544_ProjFinal/ECE-544-final-project/Photo_Motor_Vivado/Photo_Motor_Vivado.gen/sources_1/bd/embsys/ip/embsys_fit_timer_0_0/embsys_fit_timer_0_0.dcp' for cell 'EMBSYS/fit_timer_0'
INFO: [Project 1-454] Reading design checkpoint 'd:/PSU_Work_and_Textbooks/ECE544/ECE544_ProjFinal/ECE-544-final-project/Photo_Motor_Vivado/Photo_Motor_Vivado.gen/sources_1/bd/embsys/ip/embsys_mdm_1_0/embsys_mdm_1_0.dcp' for cell 'EMBSYS/mdm_1'
INFO: [Project 1-454] Reading design checkpoint 'd:/PSU_Work_and_Textbooks/ECE544/ECE544_ProjFinal/ECE-544-final-project/Photo_Motor_Vivado/Photo_Motor_Vivado.gen/sources_1/bd/embsys/ip/embsys_microblaze_0_0/embsys_microblaze_0_0.dcp' for cell 'EMBSYS/microblaze_0'
INFO: [Project 1-454] Reading design checkpoint 'd:/PSU_Work_and_Textbooks/ECE544/ECE544_ProjFinal/ECE-544-final-project/Photo_Motor_Vivado/Photo_Motor_Vivado.gen/sources_1/bd/embsys/ip/embsys_microblaze_0_axi_intc_0/embsys_microblaze_0_axi_intc_0.dcp' for cell 'EMBSYS/microblaze_0_axi_intc'
INFO: [Project 1-454] Reading design checkpoint 'd:/PSU_Work_and_Textbooks/ECE544/ECE544_ProjFinal/ECE-544-final-project/Photo_Motor_Vivado/Photo_Motor_Vivado.gen/sources_1/bd/embsys/ip/embsys_nexys4io_0_0/embsys_nexys4io_0_0.dcp' for cell 'EMBSYS/nexys4io_0'
INFO: [Project 1-454] Reading design checkpoint 'd:/PSU_Work_and_Textbooks/ECE544/ECE544_ProjFinal/ECE-544-final-project/Photo_Motor_Vivado/Photo_Motor_Vivado.gen/sources_1/bd/embsys/ip/embsys_rst_clk_wiz_1_100M_0/embsys_rst_clk_wiz_1_100M_0.dcp' for cell 'EMBSYS/rst_clk_wiz_1_100M'
INFO: [Project 1-454] Reading design checkpoint 'd:/PSU_Work_and_Textbooks/ECE544/ECE544_ProjFinal/ECE-544-final-project/Photo_Motor_Vivado/Photo_Motor_Vivado.gen/sources_1/bd/embsys/ip/embsys_xadc_wiz_0_0/embsys_xadc_wiz_0_0.dcp' for cell 'EMBSYS/xadc_wiz_0'
INFO: [Project 1-454] Reading design checkpoint 'd:/PSU_Work_and_Textbooks/ECE544/ECE544_ProjFinal/ECE-544-final-project/Photo_Motor_Vivado/Photo_Motor_Vivado.gen/sources_1/bd/embsys/ip/embsys_tier2_xbar_0_0/embsys_tier2_xbar_0_0.dcp' for cell 'EMBSYS/microblaze_0_axi_periph/tier2_xbar_0'
INFO: [Project 1-454] Reading design checkpoint 'd:/PSU_Work_and_Textbooks/ECE544/ECE544_ProjFinal/ECE-544-final-project/Photo_Motor_Vivado/Photo_Motor_Vivado.gen/sources_1/bd/embsys/ip/embsys_tier2_xbar_1_0/embsys_tier2_xbar_1_0.dcp' for cell 'EMBSYS/microblaze_0_axi_periph/tier2_xbar_1'
INFO: [Project 1-454] Reading design checkpoint 'd:/PSU_Work_and_Textbooks/ECE544/ECE544_ProjFinal/ECE-544-final-project/Photo_Motor_Vivado/Photo_Motor_Vivado.gen/sources_1/bd/embsys/ip/embsys_tier2_xbar_2_0/embsys_tier2_xbar_2_0.dcp' for cell 'EMBSYS/microblaze_0_axi_periph/tier2_xbar_2'
INFO: [Project 1-454] Reading design checkpoint 'd:/PSU_Work_and_Textbooks/ECE544/ECE544_ProjFinal/ECE-544-final-project/Photo_Motor_Vivado/Photo_Motor_Vivado.gen/sources_1/bd/embsys/ip/embsys_xbar_0/embsys_xbar_0.dcp' for cell 'EMBSYS/microblaze_0_axi_periph/xbar'
INFO: [Project 1-454] Reading design checkpoint 'd:/PSU_Work_and_Textbooks/ECE544/ECE544_ProjFinal/ECE-544-final-project/Photo_Motor_Vivado/Photo_Motor_Vivado.gen/sources_1/bd/embsys/ip/embsys_auto_pc_0/embsys_auto_pc_0.dcp' for cell 'EMBSYS/microblaze_0_axi_periph/i02_couplers/auto_pc'
INFO: [Project 1-454] Reading design checkpoint 'd:/PSU_Work_and_Textbooks/ECE544/ECE544_ProjFinal/ECE-544-final-project/Photo_Motor_Vivado/Photo_Motor_Vivado.gen/sources_1/bd/embsys/ip/embsys_dlmb_bram_if_cntlr_0/embsys_dlmb_bram_if_cntlr_0.dcp' for cell 'EMBSYS/microblaze_0_local_memory/dlmb_bram_if_cntlr'
INFO: [Project 1-454] Reading design checkpoint 'd:/PSU_Work_and_Textbooks/ECE544/ECE544_ProjFinal/ECE-544-final-project/Photo_Motor_Vivado/Photo_Motor_Vivado.gen/sources_1/bd/embsys/ip/embsys_dlmb_v10_0/embsys_dlmb_v10_0.dcp' for cell 'EMBSYS/microblaze_0_local_memory/dlmb_v10'
INFO: [Project 1-454] Reading design checkpoint 'd:/PSU_Work_and_Textbooks/ECE544/ECE544_ProjFinal/ECE-544-final-project/Photo_Motor_Vivado/Photo_Motor_Vivado.gen/sources_1/bd/embsys/ip/embsys_ilmb_bram_if_cntlr_0/embsys_ilmb_bram_if_cntlr_0.dcp' for cell 'EMBSYS/microblaze_0_local_memory/ilmb_bram_if_cntlr'
INFO: [Project 1-454] Reading design checkpoint 'd:/PSU_Work_and_Textbooks/ECE544/ECE544_ProjFinal/ECE-544-final-project/Photo_Motor_Vivado/Photo_Motor_Vivado.gen/sources_1/bd/embsys/ip/embsys_ilmb_v10_0/embsys_ilmb_v10_0.dcp' for cell 'EMBSYS/microblaze_0_local_memory/ilmb_v10'
INFO: [Project 1-454] Reading design checkpoint 'd:/PSU_Work_and_Textbooks/ECE544/ECE544_ProjFinal/ECE-544-final-project/Photo_Motor_Vivado/Photo_Motor_Vivado.gen/sources_1/bd/embsys/ip/embsys_lmb_bram_0/embsys_lmb_bram_0.dcp' for cell 'EMBSYS/microblaze_0_local_memory/lmb_bram'
Netlist sorting complete. Time (s): cpu = 00:00:00 ; elapsed = 00:00:00.227 . Memory (MB): peak = 1144.547 ; gain = 0.000
INFO: [Netlist 29-17] Analyzing 557 Unisim elements for replacement
INFO: [Netlist 29-28] Unisim Transformation completed in 0 CPU seconds
INFO: [Project 1-479] Netlist was created with Vivado 2020.2
INFO: [Project 1-570] Preparing netlist for logic optimization
Parsing XDC File [d:/PSU_Work_and_Textbooks/ECE544/ECE544_ProjFinal/ECE-544-final-project/Photo_Motor_Vivado/Photo_Motor_Vivado.gen/sources_1/bd/embsys/ip/embsys_microblaze_0_0/embsys_microblaze_0_0.xdc] for cell 'EMBSYS/microblaze_0/U0'
Finished Parsing XDC File [d:/PSU_Work_and_Textbooks/ECE544/ECE544_ProjFinal/ECE-544-final-project/Photo_Motor_Vivado/Photo_Motor_Vivado.gen/sources_1/bd/embsys/ip/embsys_microblaze_0_0/embsys_microblaze_0_0.xdc] for cell 'EMBSYS/microblaze_0/U0'
Parsing XDC File [d:/PSU_Work_and_Textbooks/ECE544/ECE544_ProjFinal/ECE-544-final-project/Photo_Motor_Vivado/Photo_Motor_Vivado.gen/sources_1/bd/embsys/ip/embsys_axi_gpio_0_0/embsys_axi_gpio_0_0_board.xdc] for cell 'EMBSYS/axi_gpio_0/U0'
Finished Parsing XDC File [d:/PSU_Work_and_Textbooks/ECE544/ECE544_ProjFinal/ECE-544-final-project/Photo_Motor_Vivado/Photo_Motor_Vivado.gen/sources_1/bd/embsys/ip/embsys_axi_gpio_0_0/embsys_axi_gpio_0_0_board.xdc] for cell 'EMBSYS/axi_gpio_0/U0'
Parsing XDC File [d:/PSU_Work_and_Textbooks/ECE544/ECE544_ProjFinal/ECE-544-final-project/Photo_Motor_Vivado/Photo_Motor_Vivado.gen/sources_1/bd/embsys/ip/embsys_axi_gpio_0_0/embsys_axi_gpio_0_0.xdc] for cell 'EMBSYS/axi_gpio_0/U0'
Finished Parsing XDC File [d:/PSU_Work_and_Textbooks/ECE544/ECE544_ProjFinal/ECE-544-final-project/Photo_Motor_Vivado/Photo_Motor_Vivado.gen/sources_1/bd/embsys/ip/embsys_axi_gpio_0_0/embsys_axi_gpio_0_0.xdc] for cell 'EMBSYS/axi_gpio_0/U0'
Parsing XDC File [d:/PSU_Work_and_Textbooks/ECE544/ECE544_ProjFinal/ECE-544-final-project/Photo_Motor_Vivado/Photo_Motor_Vivado.gen/sources_1/bd/embsys/ip/embsys_axi_timer_0_0/embsys_axi_timer_0_0.xdc] for cell 'EMBSYS/axi_timer_0/U0'
Finished Parsing XDC File [d:/PSU_Work_and_Textbooks/ECE544/ECE544_ProjFinal/ECE-544-final-project/Photo_Motor_Vivado/Photo_Motor_Vivado.gen/sources_1/bd/embsys/ip/embsys_axi_timer_0_0/embsys_axi_timer_0_0.xdc] for cell 'EMBSYS/axi_timer_0/U0'
Parsing XDC File [d:/PSU_Work_and_Textbooks/ECE544/ECE544_ProjFinal/ECE-544-final-project/Photo_Motor_Vivado/Photo_Motor_Vivado.gen/sources_1/bd/embsys/ip/embsys_axi_uartlite_0_0/embsys_axi_uartlite_0_0_board.xdc] for cell 'EMBSYS/axi_uartlite_0/U0'
Finished Parsing XDC File [d:/PSU_Work_and_Textbooks/ECE544/ECE544_ProjFinal/ECE-544-final-project/Photo_Motor_Vivado/Photo_Motor_Vivado.gen/sources_1/bd/embsys/ip/embsys_axi_uartlite_0_0/embsys_axi_uartlite_0_0_board.xdc] for cell 'EMBSYS/axi_uartlite_0/U0'
Parsing XDC File [d:/PSU_Work_and_Textbooks/ECE544/ECE544_ProjFinal/ECE-544-final-project/Photo_Motor_Vivado/Photo_Motor_Vivado.gen/sources_1/bd/embsys/ip/embsys_axi_uartlite_0_0/embsys_axi_uartlite_0_0.xdc] for cell 'EMBSYS/axi_uartlite_0/U0'
Finished Parsing XDC File [d:/PSU_Work_and_Textbooks/ECE544/ECE544_ProjFinal/ECE-544-final-project/Photo_Motor_Vivado/Photo_Motor_Vivado.gen/sources_1/bd/embsys/ip/embsys_axi_uartlite_0_0/embsys_axi_uartlite_0_0.xdc] for cell 'EMBSYS/axi_uartlite_0/U0'
Parsing XDC File [d:/PSU_Work_and_Textbooks/ECE544/ECE544_ProjFinal/ECE-544-final-project/Photo_Motor_Vivado/Photo_Motor_Vivado.gen/sources_1/bd/embsys/ip/embsys_microblaze_0_axi_intc_0/embsys_microblaze_0_axi_intc_0.xdc] for cell 'EMBSYS/microblaze_0_axi_intc/U0'
Finished Parsing XDC File [d:/PSU_Work_and_Textbooks/ECE544/ECE544_ProjFinal/ECE-544-final-project/Photo_Motor_Vivado/Photo_Motor_Vivado.gen/sources_1/bd/embsys/ip/embsys_microblaze_0_axi_intc_0/embsys_microblaze_0_axi_intc_0.xdc] for cell 'EMBSYS/microblaze_0_axi_intc/U0'
Parsing XDC File [d:/PSU_Work_and_Textbooks/ECE544/ECE544_ProjFinal/ECE-544-final-project/Photo_Motor_Vivado/Photo_Motor_Vivado.gen/sources_1/bd/embsys/ip/embsys_mdm_1_0/embsys_mdm_1_0.xdc] for cell 'EMBSYS/mdm_1/U0'
INFO: [Timing 38-35] Done setting XDC timing constraints. [d:/PSU_Work_and_Textbooks/ECE544/ECE544_ProjFinal/ECE-544-final-project/Photo_Motor_Vivado/Photo_Motor_Vivado.gen/sources_1/bd/embsys/ip/embsys_mdm_1_0/embsys_mdm_1_0.xdc:50]
get_clocks: Time (s): cpu = 00:00:06 ; elapsed = 00:00:05 . Memory (MB): peak = 1777.059 ; gain = 583.855
Finished Parsing XDC File [d:/PSU_Work_and_Textbooks/ECE544/ECE544_ProjFinal/ECE-544-final-project/Photo_Motor_Vivado/Photo_Motor_Vivado.gen/sources_1/bd/embsys/ip/embsys_mdm_1_0/embsys_mdm_1_0.xdc] for cell 'EMBSYS/mdm_1/U0'
Parsing XDC File [d:/PSU_Work_and_Textbooks/ECE544/ECE544_ProjFinal/ECE-544-final-project/Photo_Motor_Vivado/Photo_Motor_Vivado.gen/sources_1/bd/embsys/ip/embsys_clk_wiz_1_0/embsys_clk_wiz_1_0_board.xdc] for cell 'EMBSYS/clk_wiz_1/inst'
Finished Parsing XDC File [d:/PSU_Work_and_Textbooks/ECE544/ECE544_ProjFinal/ECE-544-final-project/Photo_Motor_Vivado/Photo_Motor_Vivado.gen/sources_1/bd/embsys/ip/embsys_clk_wiz_1_0/embsys_clk_wiz_1_0_board.xdc] for cell 'EMBSYS/clk_wiz_1/inst'
Parsing XDC File [d:/PSU_Work_and_Textbooks/ECE544/ECE544_ProjFinal/ECE-544-final-project/Photo_Motor_Vivado/Photo_Motor_Vivado.gen/sources_1/bd/embsys/ip/embsys_clk_wiz_1_0/embsys_clk_wiz_1_0.xdc] for cell 'EMBSYS/clk_wiz_1/inst'
INFO: [Timing 38-2] Deriving generated clocks [d:/PSU_Work_and_Textbooks/ECE544/ECE544_ProjFinal/ECE-544-final-project/Photo_Motor_Vivado/Photo_Motor_Vivado.gen/sources_1/bd/embsys/ip/embsys_clk_wiz_1_0/embsys_clk_wiz_1_0.xdc:57]
Finished Parsing XDC File [d:/PSU_Work_and_Textbooks/ECE544/ECE544_ProjFinal/ECE-544-final-project/Photo_Motor_Vivado/Photo_Motor_Vivado.gen/sources_1/bd/embsys/ip/embsys_clk_wiz_1_0/embsys_clk_wiz_1_0.xdc] for cell 'EMBSYS/clk_wiz_1/inst'
Parsing XDC File [d:/PSU_Work_and_Textbooks/ECE544/ECE544_ProjFinal/ECE-544-final-project/Photo_Motor_Vivado/Photo_Motor_Vivado.gen/sources_1/bd/embsys/ip/embsys_rst_clk_wiz_1_100M_0/embsys_rst_clk_wiz_1_100M_0_board.xdc] for cell 'EMBSYS/rst_clk_wiz_1_100M/U0'
Finished Parsing XDC File [d:/PSU_Work_and_Textbooks/ECE544/ECE544_ProjFinal/ECE-544-final-project/Photo_Motor_Vivado/Photo_Motor_Vivado.gen/sources_1/bd/embsys/ip/embsys_rst_clk_wiz_1_100M_0/embsys_rst_clk_wiz_1_100M_0_board.xdc] for cell 'EMBSYS/rst_clk_wiz_1_100M/U0'
Parsing XDC File [d:/PSU_Work_and_Textbooks/ECE544/ECE544_ProjFinal/ECE-544-final-project/Photo_Motor_Vivado/Photo_Motor_Vivado.gen/sources_1/bd/embsys/ip/embsys_rst_clk_wiz_1_100M_0/embsys_rst_clk_wiz_1_100M_0.xdc] for cell 'EMBSYS/rst_clk_wiz_1_100M/U0'
Finished Parsing XDC File [d:/PSU_Work_and_Textbooks/ECE544/ECE544_ProjFinal/ECE-544-final-project/Photo_Motor_Vivado/Photo_Motor_Vivado.gen/sources_1/bd/embsys/ip/embsys_rst_clk_wiz_1_100M_0/embsys_rst_clk_wiz_1_100M_0.xdc] for cell 'EMBSYS/rst_clk_wiz_1_100M/U0'
Parsing XDC File [d:/PSU_Work_and_Textbooks/ECE544/ECE544_ProjFinal/ECE-544-final-project/Photo_Motor_Vivado/Photo_Motor_Vivado.gen/sources_1/bd/embsys/ip/embsys_PmodOLEDrgb_0_0/ip/PmodOLEDrgb_pmod_bridge_0_0/PmodOLEDrgb_pmod_bridge_0_0_board.xdc] for cell 'EMBSYS/PmodOLEDrgb_0/inst/pmod_bridge_0/inst'
Finished Parsing XDC File [d:/PSU_Work_and_Textbooks/ECE544/ECE544_ProjFinal/ECE-544-final-project/Photo_Motor_Vivado/Photo_Motor_Vivado.gen/sources_1/bd/embsys/ip/embsys_PmodOLEDrgb_0_0/ip/PmodOLEDrgb_pmod_bridge_0_0/PmodOLEDrgb_pmod_bridge_0_0_board.xdc] for cell 'EMBSYS/PmodOLEDrgb_0/inst/pmod_bridge_0/inst'
Parsing XDC File [d:/PSU_Work_and_Textbooks/ECE544/ECE544_ProjFinal/ECE-544-final-project/Photo_Motor_Vivado/Photo_Motor_Vivado.gen/sources_1/bd/embsys/ip/embsys_PmodOLEDrgb_0_0/ip/PmodOLEDrgb_axi_gpio_0_1/PmodOLEDrgb_axi_gpio_0_1_board.xdc] for cell 'EMBSYS/PmodOLEDrgb_0/inst/axi_gpio_0/U0'
Finished Parsing XDC File [d:/PSU_Work_and_Textbooks/ECE544/ECE544_ProjFinal/ECE-544-final-project/Photo_Motor_Vivado/Photo_Motor_Vivado.gen/sources_1/bd/embsys/ip/embsys_PmodOLEDrgb_0_0/ip/PmodOLEDrgb_axi_gpio_0_1/PmodOLEDrgb_axi_gpio_0_1_board.xdc] for cell 'EMBSYS/PmodOLEDrgb_0/inst/axi_gpio_0/U0'
Parsing XDC File [d:/PSU_Work_and_Textbooks/ECE544/ECE544_ProjFinal/ECE-544-final-project/Photo_Motor_Vivado/Photo_Motor_Vivado.gen/sources_1/bd/embsys/ip/embsys_PmodOLEDrgb_0_0/ip/PmodOLEDrgb_axi_gpio_0_1/PmodOLEDrgb_axi_gpio_0_1.xdc] for cell 'EMBSYS/PmodOLEDrgb_0/inst/axi_gpio_0/U0'
Finished Parsing XDC File [d:/PSU_Work_and_Textbooks/ECE544/ECE544_ProjFinal/ECE-544-final-project/Photo_Motor_Vivado/Photo_Motor_Vivado.gen/sources_1/bd/embsys/ip/embsys_PmodOLEDrgb_0_0/ip/PmodOLEDrgb_axi_gpio_0_1/PmodOLEDrgb_axi_gpio_0_1.xdc] for cell 'EMBSYS/PmodOLEDrgb_0/inst/axi_gpio_0/U0'
Parsing XDC File [d:/PSU_Work_and_Textbooks/ECE544/ECE544_ProjFinal/ECE-544-final-project/Photo_Motor_Vivado/Photo_Motor_Vivado.gen/sources_1/bd/embsys/ip/embsys_PmodOLEDrgb_0_0/ip/PmodOLEDrgb_axi_quad_spi_0_0/PmodOLEDrgb_axi_quad_spi_0_0_board.xdc] for cell 'EMBSYS/PmodOLEDrgb_0/inst/axi_quad_spi_0/U0'
Finished Parsing XDC File [d:/PSU_Work_and_Textbooks/ECE544/ECE544_ProjFinal/ECE-544-final-project/Photo_Motor_Vivado/Photo_Motor_Vivado.gen/sources_1/bd/embsys/ip/embsys_PmodOLEDrgb_0_0/ip/PmodOLEDrgb_axi_quad_spi_0_0/PmodOLEDrgb_axi_quad_spi_0_0_board.xdc] for cell 'EMBSYS/PmodOLEDrgb_0/inst/axi_quad_spi_0/U0'
Parsing XDC File [d:/PSU_Work_and_Textbooks/ECE544/ECE544_ProjFinal/ECE-544-final-project/Photo_Motor_Vivado/Photo_Motor_Vivado.gen/sources_1/bd/embsys/ip/embsys_PmodOLEDrgb_0_0/ip/PmodOLEDrgb_axi_quad_spi_0_0/PmodOLEDrgb_axi_quad_spi_0_0.xdc] for cell 'EMBSYS/PmodOLEDrgb_0/inst/axi_quad_spi_0/U0'
Finished Parsing XDC File [d:/PSU_Work_and_Textbooks/ECE544/ECE544_ProjFinal/ECE-544-final-project/Photo_Motor_Vivado/Photo_Motor_Vivado.gen/sources_1/bd/embsys/ip/embsys_PmodOLEDrgb_0_0/ip/PmodOLEDrgb_axi_quad_spi_0_0/PmodOLEDrgb_axi_quad_spi_0_0.xdc] for cell 'EMBSYS/PmodOLEDrgb_0/inst/axi_quad_spi_0/U0'
Parsing XDC File [d:/PSU_Work_and_Textbooks/ECE544/ECE544_ProjFinal/ECE-544-final-project/Photo_Motor_Vivado/Photo_Motor_Vivado.gen/sources_1/bd/embsys/ip/embsys_PmodOLEDrgb_0_0/embsys_PmodOLEDrgb_0_0_board.xdc] for cell 'EMBSYS/PmodOLEDrgb_0/inst'
Finished Parsing XDC File [d:/PSU_Work_and_Textbooks/ECE544/ECE544_ProjFinal/ECE-544-final-project/Photo_Motor_Vivado/Photo_Motor_Vivado.gen/sources_1/bd/embsys/ip/embsys_PmodOLEDrgb_0_0/embsys_PmodOLEDrgb_0_0_board.xdc] for cell 'EMBSYS/PmodOLEDrgb_0/inst'
Parsing XDC File [d:/PSU_Work_and_Textbooks/ECE544/ECE544_ProjFinal/ECE-544-final-project/Photo_Motor_Vivado/Photo_Motor_Vivado.gen/sources_1/bd/embsys/ip/embsys_axi_timebase_wdt_0_0/embsys_axi_timebase_wdt_0_0.xdc] for cell 'EMBSYS/axi_timebase_wdt_0/U0'
Finished Parsing XDC File [d:/PSU_Work_and_Textbooks/ECE544/ECE544_ProjFinal/ECE-544-final-project/Photo_Motor_Vivado/Photo_Motor_Vivado.gen/sources_1/bd/embsys/ip/embsys_axi_timebase_wdt_0_0/embsys_axi_timebase_wdt_0_0.xdc] for cell 'EMBSYS/axi_timebase_wdt_0/U0'
Parsing XDC File [d:/PSU_Work_and_Textbooks/ECE544/ECE544_ProjFinal/ECE-544-final-project/Photo_Motor_Vivado/Photo_Motor_Vivado.gen/sources_1/bd/embsys/ip/embsys_axi_gpio_0_4/embsys_axi_gpio_0_4_board.xdc] for cell 'EMBSYS/axi_ButtonSwitch_GPIO/U0'
Finished Parsing XDC File [d:/PSU_Work_and_Textbooks/ECE544/ECE544_ProjFinal/ECE-544-final-project/Photo_Motor_Vivado/Photo_Motor_Vivado.gen/sources_1/bd/embsys/ip/embsys_axi_gpio_0_4/embsys_axi_gpio_0_4_board.xdc] for cell 'EMBSYS/axi_ButtonSwitch_GPIO/U0'
Parsing XDC File [d:/PSU_Work_and_Textbooks/ECE544/ECE544_ProjFinal/ECE-544-final-project/Photo_Motor_Vivado/Photo_Motor_Vivado.gen/sources_1/bd/embsys/ip/embsys_axi_gpio_0_4/embsys_axi_gpio_0_4.xdc] for cell 'EMBSYS/axi_ButtonSwitch_GPIO/U0'
Finished Parsing XDC File [d:/PSU_Work_and_Textbooks/ECE544/ECE544_ProjFinal/ECE-544-final-project/Photo_Motor_Vivado/Photo_Motor_Vivado.gen/sources_1/bd/embsys/ip/embsys_axi_gpio_0_4/embsys_axi_gpio_0_4.xdc] for cell 'EMBSYS/axi_ButtonSwitch_GPIO/U0'
Parsing XDC File [d:/PSU_Work_and_Textbooks/ECE544/ECE544_ProjFinal/ECE-544-final-project/Photo_Motor_Vivado/Photo_Motor_Vivado.gen/sources_1/bd/embsys/ip/embsys_xadc_wiz_0_0/embsys_xadc_wiz_0_0.xdc] for cell 'EMBSYS/xadc_wiz_0/inst'
Finished Parsing XDC File [d:/PSU_Work_and_Textbooks/ECE544/ECE544_ProjFinal/ECE-544-final-project/Photo_Motor_Vivado/Photo_Motor_Vivado.gen/sources_1/bd/embsys/ip/embsys_xadc_wiz_0_0/embsys_xadc_wiz_0_0.xdc] for cell 'EMBSYS/xadc_wiz_0/inst'
Parsing XDC File [D:/PSU_Work_and_Textbooks/ECE544/ECE544_ProjFinal/ECE-544-final-project/Photo_Motor_Vivado/Photo_Motor_Vivado.srcs/constrs_1/imports/constraints/nexysA7fpga.xdc]
WARNING: [Vivado 12-584] No ports matched 'vauxn10'. [D:/PSU_Work_and_Textbooks/ECE544/ECE544_ProjFinal/ECE-544-final-project/Photo_Motor_Vivado/Photo_Motor_Vivado.srcs/constrs_1/imports/constraints/nexysA7fpga.xdc:150]
CRITICAL WARNING: [Common 17-55] 'set_property' expects at least one object. [D:/PSU_Work_and_Textbooks/ECE544/ECE544_ProjFinal/ECE-544-final-project/Photo_Motor_Vivado/Photo_Motor_Vivado.srcs/constrs_1/imports/constraints/nexysA7fpga.xdc:150]
Resolution: If [get_<value>] was used to populate the object, check to make sure this command returns at least one valid object.
WARNING: [Vivado 12-584] No ports matched 'vauxp10'. [D:/PSU_Work_and_Textbooks/ECE544/ECE544_ProjFinal/ECE-544-final-project/Photo_Motor_Vivado/Photo_Motor_Vivado.srcs/constrs_1/imports/constraints/nexysA7fpga.xdc:151]
CRITICAL WARNING: [Common 17-55] 'set_property' expects at least one object. [D:/PSU_Work_and_Textbooks/ECE544/ECE544_ProjFinal/ECE-544-final-project/Photo_Motor_Vivado/Photo_Motor_Vivado.srcs/constrs_1/imports/constraints/nexysA7fpga.xdc:151]
Resolution: If [get_<value>] was used to populate the object, check to make sure this command returns at least one valid object.
WARNING: [Vivado 12-584] No ports matched 'vauxn11'. [D:/PSU_Work_and_Textbooks/ECE544/ECE544_ProjFinal/ECE-544-final-project/Photo_Motor_Vivado/Photo_Motor_Vivado.srcs/constrs_1/imports/constraints/nexysA7fpga.xdc:154]
CRITICAL WARNING: [Common 17-55] 'set_property' expects at least one object. [D:/PSU_Work_and_Textbooks/ECE544/ECE544_ProjFinal/ECE-544-final-project/Photo_Motor_Vivado/Photo_Motor_Vivado.srcs/constrs_1/imports/constraints/nexysA7fpga.xdc:154]
Resolution: If [get_<value>] was used to populate the object, check to make sure this command returns at least one valid object.
WARNING: [Vivado 12-584] No ports matched 'vauxp11'. [D:/PSU_Work_and_Textbooks/ECE544/ECE544_ProjFinal/ECE-544-final-project/Photo_Motor_Vivado/Photo_Motor_Vivado.srcs/constrs_1/imports/constraints/nexysA7fpga.xdc:155]
CRITICAL WARNING: [Common 17-55] 'set_property' expects at least one object. [D:/PSU_Work_and_Textbooks/ECE544/ECE544_ProjFinal/ECE-544-final-project/Photo_Motor_Vivado/Photo_Motor_Vivado.srcs/constrs_1/imports/constraints/nexysA7fpga.xdc:155]
Resolution: If [get_<value>] was used to populate the object, check to make sure this command returns at least one valid object.
Finished Parsing XDC File [D:/PSU_Work_and_Textbooks/ECE544/ECE544_ProjFinal/ECE-544-final-project/Photo_Motor_Vivado/Photo_Motor_Vivado.srcs/constrs_1/imports/constraints/nexysA7fpga.xdc]
Parsing XDC File [d:/PSU_Work_and_Textbooks/ECE544/ECE544_ProjFinal/ECE-544-final-project/Photo_Motor_Vivado/Photo_Motor_Vivado.gen/sources_1/bd/embsys/ip/embsys_microblaze_0_axi_intc_0/embsys_microblaze_0_axi_intc_0_clocks.xdc] for cell 'EMBSYS/microblaze_0_axi_intc/U0'
Finished Parsing XDC File [d:/PSU_Work_and_Textbooks/ECE544/ECE544_ProjFinal/ECE-544-final-project/Photo_Motor_Vivado/Photo_Motor_Vivado.gen/sources_1/bd/embsys/ip/embsys_microblaze_0_axi_intc_0/embsys_microblaze_0_axi_intc_0_clocks.xdc] for cell 'EMBSYS/microblaze_0_axi_intc/U0'
Parsing XDC File [d:/PSU_Work_and_Textbooks/ECE544/ECE544_ProjFinal/ECE-544-final-project/Photo_Motor_Vivado/Photo_Motor_Vivado.gen/sources_1/bd/embsys/ip/embsys_PmodOLEDrgb_0_0/ip/PmodOLEDrgb_axi_quad_spi_0_0/PmodOLEDrgb_axi_quad_spi_0_0_clocks.xdc] for cell 'EMBSYS/PmodOLEDrgb_0/inst/axi_quad_spi_0/U0'
INFO: [Timing 38-2] Deriving generated clocks [d:/PSU_Work_and_Textbooks/ECE544/ECE544_ProjFinal/ECE-544-final-project/Photo_Motor_Vivado/Photo_Motor_Vivado.gen/sources_1/bd/embsys/ip/embsys_PmodOLEDrgb_0_0/ip/PmodOLEDrgb_axi_quad_spi_0_0/PmodOLEDrgb_axi_quad_spi_0_0_clocks.xdc:50]
Finished Parsing XDC File [d:/PSU_Work_and_Textbooks/ECE544/ECE544_ProjFinal/ECE-544-final-project/Photo_Motor_Vivado/Photo_Motor_Vivado.gen/sources_1/bd/embsys/ip/embsys_PmodOLEDrgb_0_0/ip/PmodOLEDrgb_axi_quad_spi_0_0/PmodOLEDrgb_axi_quad_spi_0_0_clocks.xdc] for cell 'EMBSYS/PmodOLEDrgb_0/inst/axi_quad_spi_0/U0'
INFO: [Project 1-1715] 3 XPM XDC files have been applied to the design.
INFO: [Opt 31-138] Pushed 0 inverter(s) to 0 load pin(s).
WARNING: [Constraints 18-5572] Instance EMBSYS/PmodOLEDrgb_0/inst/axi_quad_spi_0/U0/NO_DUAL_QUAD_MODE.QSPI_NORMAL/IO0_I_REG has IOB constraint set, However, the instance does not seem to have valid I/O connection to be placed into I/O. The constraint on the instance will be ignored.
WARNING: [Constraints 18-5572] Instance EMBSYS/PmodOLEDrgb_0/inst/axi_quad_spi_0/U0/NO_DUAL_QUAD_MODE.QSPI_NORMAL/IO1_I_REG has IOB constraint set, However, the instance does not seem to have valid I/O connection to be placed into I/O. The constraint on the instance will be ignored.
Generating merged BMM file for the design top 'nexysA7fpga'...
INFO: [Memdata 28-144] Successfully populated the BRAM INIT strings from the following elf files: d:/PSU_Work_and_Textbooks/ECE544/ECE544_ProjFinal/ECE-544-final-project/Photo_Motor_Vivado/Photo_Motor_Vivado.gen/sources_1/bd/embsys/ip/embsys_microblaze_0_0/data/mb_bootloop_le.elf 
Netlist sorting complete. Time (s): cpu = 00:00:00 ; elapsed = 00:00:00.007 . Memory (MB): peak = 1777.059 ; gain = 0.000
INFO: [Project 1-111] Unisim Transformation Summary:
  A total of 132 instances were transformed.
  LUT6_2 => LUT6_2 (LUT5, LUT6): 80 instances
  RAM16X1D => RAM32X1D (RAMD32(x2)): 32 instances
  RAM32M => RAM32M (RAMD32(x6), RAMS32(x2)): 20 instances

42 Infos, 7 Warnings, 4 Critical Warnings and 0 Errors encountered.
link_design completed successfully
link_design: Time (s): cpu = 00:00:15 ; elapsed = 00:00:18 . Memory (MB): peak = 1777.059 ; gain = 632.512
Command: opt_design
Attempting to get a license for feature 'Implementation' and/or device 'xc7a100t'
INFO: [Common 17-349] Got license for feature 'Implementation' and/or device 'xc7a100t'
Running DRC as a precondition to command opt_design

Starting DRC Task
INFO: [DRC 23-27] Running DRC with 2 threads
WARNING: [DRC RPBF-3] IO port buffering is incomplete: Device port JA[0] expects both input and output buffering but the buffers are incomplete.
WARNING: [DRC RPBF-3] IO port buffering is incomplete: Device port JA[1] expects both input and output buffering but the buffers are incomplete.
WARNING: [DRC RPBF-3] IO port buffering is incomplete: Device port JA[2] expects both input and output buffering but the buffers are incomplete.
WARNING: [DRC RPBF-3] IO port buffering is incomplete: Device port JA[3] expects both input and output buffering but the buffers are incomplete.
WARNING: [DRC RPBF-3] IO port buffering is incomplete: Device port JA[4] expects both input and output buffering but the buffers are incomplete.
WARNING: [DRC RPBF-3] IO port buffering is incomplete: Device port JA[5] expects both input and output buffering but the buffers are incomplete.
WARNING: [DRC RPBF-3] IO port buffering is incomplete: Device port JA[6] expects both input and output buffering but the buffers are incomplete.
WARNING: [DRC RPBF-3] IO port buffering is incomplete: Device port JA[7] expects both input and output buffering but the buffers are incomplete.
WARNING: [DRC RPBF-3] IO port buffering is incomplete: Device port JB[0] expects both input and output buffering but the buffers are incomplete.
WARNING: [DRC RPBF-3] IO port buffering is incomplete: Device port JB[1] expects both input and output buffering but the buffers are incomplete.
WARNING: [DRC RPBF-3] IO port buffering is incomplete: Device port JB[2] expects both input and output buffering but the buffers are incomplete.
WARNING: [DRC RPBF-3] IO port buffering is incomplete: Device port JB[3] expects both input and output buffering but the buffers are incomplete.
WARNING: [DRC RPBF-3] IO port buffering is incomplete: Device port JB[4] expects both input and output buffering but the buffers are incomplete.
WARNING: [DRC RPBF-3] IO port buffering is incomplete: Device port JB[5] expects both input and output buffering but the buffers are incomplete.
WARNING: [DRC RPBF-3] IO port buffering is incomplete: Device port JB[6] expects both input and output buffering but the buffers are incomplete.
WARNING: [DRC RPBF-3] IO port buffering is incomplete: Device port JB[7] expects both input and output buffering but the buffers are incomplete.
WARNING: [DRC RPBF-3] IO port buffering is incomplete: Device port JC[4] expects both input and output buffering but the buffers are incomplete.
WARNING: [DRC RPBF-3] IO port buffering is incomplete: Device port JC[5] expects both input and output buffering but the buffers are incomplete.
WARNING: [DRC RPBF-3] IO port buffering is incomplete: Device port JC[6] expects both input and output buffering but the buffers are incomplete.
WARNING: [DRC RPBF-3] IO port buffering is incomplete: Device port JC[7] expects both input and output buffering but the buffers are incomplete.
INFO: [Project 1-461] DRC finished with 0 Errors, 20 Warnings
INFO: [Project 1-462] Please refer to the DRC report (report_drc) for more information.

Time (s): cpu = 00:00:01 ; elapsed = 00:00:00.984 . Memory (MB): peak = 1777.059 ; gain = 0.000

Starting Cache Timing Information Task
INFO: [Timing 38-35] Done setting XDC timing constraints.
Ending Cache Timing Information Task | Checksum: 8ce8c858

Time (s): cpu = 00:00:01 ; elapsed = 00:00:00.337 . Memory (MB): peak = 1777.059 ; gain = 0.000

Starting Logic Optimization Task

Phase 1 Retarget
INFO: [Opt 31-138] Pushed 2 inverter(s) to 2 load pin(s).
INFO: [Opt 31-49] Retargeted 0 cell(s).
Phase 1 Retarget | Checksum: 12b52dc7d

Time (s): cpu = 00:00:01 ; elapsed = 00:00:00.606 . Memory (MB): peak = 1964.051 ; gain = 0.770
INFO: [Opt 31-389] Phase Retarget created 388 cells and removed 558 cells
INFO: [Opt 31-1021] In phase Retarget, 24 netlist objects are constrained preventing optimization. Please run opt_design with -debug_log to get more detail. 

Phase 2 Constant propagation
INFO: [Opt 31-138] Pushed 1 inverter(s) to 1 load pin(s).
Phase 2 Constant propagation | Checksum: 141e823bc

Time (s): cpu = 00:00:01 ; elapsed = 00:00:00.738 . Memory (MB): peak = 1964.051 ; gain = 0.770
INFO: [Opt 31-389] Phase Constant propagation created 69 cells and removed 357 cells
INFO: [Opt 31-1021] In phase Constant propagation, 2 netlist objects are constrained preventing optimization. Please run opt_design with -debug_log to get more detail. 

Phase 3 Sweep
Phase 3 Sweep | Checksum: 1a07d6ce6

Time (s): cpu = 00:00:02 ; elapsed = 00:00:01 . Memory (MB): peak = 1964.051 ; gain = 0.770
INFO: [Opt 31-389] Phase Sweep created 20 cells and removed 436 cells
INFO: [Opt 31-1021] In phase Sweep, 2 netlist objects are constrained preventing optimization. Please run opt_design with -debug_log to get more detail. 

Phase 4 BUFG optimization
INFO: [Opt 31-194] Inserted BUFG EMBSYS/mdm_1/U0/Use_E2.BSCAN_I/Dbg_Update_0_BUFG_inst to drive 42 load(s) on clock net EMBSYS/mdm_1/U0/Use_E2.BSCAN_I/Dbg_Update_0_BUFG
INFO: [Opt 31-193] Inserted 1 BUFG(s) on clock nets
Phase 4 BUFG optimization | Checksum: a654c8dc

Time (s): cpu = 00:00:02 ; elapsed = 00:00:01 . Memory (MB): peak = 1964.051 ; gain = 0.770
INFO: [Opt 31-662] Phase BUFG optimization created 1 cells of which 1 are BUFGs and removed 0 cells.

Phase 5 Shift Register Optimization
INFO: [Opt 31-1064] SRL Remap converted 0 SRLs to 0 registers and converted 0 registers of register chains to 0 SRLs
Phase 5 Shift Register Optimization | Checksum: a654c8dc

Time (s): cpu = 00:00:02 ; elapsed = 00:00:01 . Memory (MB): peak = 1964.051 ; gain = 0.770
INFO: [Opt 31-389] Phase Shift Register Optimization created 0 cells and removed 0 cells

Phase 6 Post Processing Netlist
Phase 6 Post Processing Netlist | Checksum: 10c9e7123

Time (s): cpu = 00:00:02 ; elapsed = 00:00:01 . Memory (MB): peak = 1964.051 ; gain = 0.770
INFO: [Opt 31-389] Phase Post Processing Netlist created 0 cells and removed 0 cells
INFO: [Opt 31-1021] In phase Post Processing Netlist, 2 netlist objects are constrained preventing optimization. Please run opt_design with -debug_log to get more detail. 
Opt_design Change Summary
=========================


-------------------------------------------------------------------------------------------------------------------------
|  Phase                        |  #Cells created  |  #Cells Removed  |  #Constrained objects preventing optimizations  |
-------------------------------------------------------------------------------------------------------------------------
|  Retarget                     |             388  |             558  |                                             24  |
|  Constant propagation         |              69  |             357  |                                              2  |
|  Sweep                        |              20  |             436  |                                              2  |
|  BUFG optimization            |               1  |               0  |                                              0  |
|  Shift Register Optimization  |               0  |               0  |                                              0  |
|  Post Processing Netlist      |               0  |               0  |                                              2  |
-------------------------------------------------------------------------------------------------------------------------



Starting Connectivity Check Task

Time (s): cpu = 00:00:00 ; elapsed = 00:00:00.013 . Memory (MB): peak = 1964.051 ; gain = 0.000
Ending Logic Optimization Task | Checksum: d4d1546e

Time (s): cpu = 00:00:02 ; elapsed = 00:00:02 . Memory (MB): peak = 1964.051 ; gain = 0.770

Starting Power Optimization Task
INFO: [Pwropt 34-132] Skipping clock gating for clocks with a period < 2.00 ns.
INFO: [Timing 38-35] Done setting XDC timing constraints.
Running Vector-less Activity Propagation...
INFO: [Pwropt 34-9] Applying IDT optimizations ...
INFO: [Pwropt 34-10] Applying ODC optimizations ...

Finished Running Vector-less Activity Propagation


Starting PowerOpt Patch Enables Task
INFO: [Pwropt 34-162] WRITE_MODE attribute of 0 BRAM(s) out of a total of 32 has been updated to save power. Run report_power_opt to get a complete listing of the BRAMs updated.
INFO: [Pwropt 34-201] Structural ODC has moved 0 WE to EN ports
Number of BRAM Ports augmented: 0 newly gated: 0 Total Ports: 64
Ending PowerOpt Patch Enables Task | Checksum: d4d1546e

Time (s): cpu = 00:00:00 ; elapsed = 00:00:00.327 . Memory (MB): peak = 2121.527 ; gain = 0.000
Ending Power Optimization Task | Checksum: d4d1546e

Time (s): cpu = 00:00:09 ; elapsed = 00:00:05 . Memory (MB): peak = 2121.527 ; gain = 157.477

Starting Final Cleanup Task
Ending Final Cleanup Task | Checksum: d4d1546e

Time (s): cpu = 00:00:00 ; elapsed = 00:00:00 . Memory (MB): peak = 2121.527 ; gain = 0.000

Starting Netlist Obfuscation Task
Netlist sorting complete. Time (s): cpu = 00:00:00 ; elapsed = 00:00:00.018 . Memory (MB): peak = 2121.527 ; gain = 0.000
Ending Netlist Obfuscation Task | Checksum: d4d1546e

Time (s): cpu = 00:00:00 ; elapsed = 00:00:00.018 . Memory (MB): peak = 2121.527 ; gain = 0.000
INFO: [Common 17-83] Releasing license: Implementation
70 Infos, 27 Warnings, 4 Critical Warnings and 0 Errors encountered.
opt_design completed successfully
opt_design: Time (s): cpu = 00:00:14 ; elapsed = 00:00:09 . Memory (MB): peak = 2121.527 ; gain = 344.469
INFO: [Timing 38-35] Done setting XDC timing constraints.
INFO: [Timing 38-480] Writing timing data to binary archive.
Writing placer database...
Writing XDEF routing.
Writing XDEF routing logical nets.
Writing XDEF routing special nets.
Write XDEF Complete: Time (s): cpu = 00:00:00 ; elapsed = 00:00:00.076 . Memory (MB): peak = 2121.527 ; gain = 0.000
INFO: [Common 17-1381] The checkpoint 'D:/PSU_Work_and_Textbooks/ECE544/ECE544_ProjFinal/ECE-544-final-project/Photo_Motor_Vivado/Photo_Motor_Vivado.runs/impl_1/nexysA7fpga_opt.dcp' has been generated.
INFO: [runtcl-4] Executing : report_drc -file nexysA7fpga_drc_opted.rpt -pb nexysA7fpga_drc_opted.pb -rpx nexysA7fpga_drc_opted.rpx
Command: report_drc -file nexysA7fpga_drc_opted.rpt -pb nexysA7fpga_drc_opted.pb -rpx nexysA7fpga_drc_opted.rpx
INFO: [IP_Flow 19-1839] IP Catalog is up to date.
INFO: [DRC 23-27] Running DRC with 2 threads
INFO: [Coretcl 2-168] The results of DRC are in file D:/PSU_Work_and_Textbooks/ECE544/ECE544_ProjFinal/ECE-544-final-project/Photo_Motor_Vivado/Photo_Motor_Vivado.runs/impl_1/nexysA7fpga_drc_opted.rpt.
report_drc completed successfully
report_drc: Time (s): cpu = 00:00:10 ; elapsed = 00:00:06 . Memory (MB): peak = 2121.527 ; gain = 0.000
Command: place_design
Attempting to get a license for feature 'Implementation' and/or device 'xc7a100t'
INFO: [Common 17-349] Got license for feature 'Implementation' and/or device 'xc7a100t'
INFO: [DRC 23-27] Running DRC with 2 threads
INFO: [Vivado_Tcl 4-198] DRC finished with 0 Errors
INFO: [Vivado_Tcl 4-199] Please refer to the DRC report (report_drc) for more information.
Running DRC as a precondition to command place_design
INFO: [DRC 23-27] Running DRC with 2 threads
WARNING: [DRC RPBF-3] IO port buffering is incomplete: Device port JA[0] expects both input and output buffering but the buffers are incomplete.
WARNING: [DRC RPBF-3] IO port buffering is incomplete: Device port JA[1] expects both input and output buffering but the buffers are incomplete.
WARNING: [DRC RPBF-3] IO port buffering is incomplete: Device port JA[2] expects both input and output buffering but the buffers are incomplete.
WARNING: [DRC RPBF-3] IO port buffering is incomplete: Device port JA[3] expects both input and output buffering but the buffers are incomplete.
WARNING: [DRC RPBF-3] IO port buffering is incomplete: Device port JA[4] expects both input and output buffering but the buffers are incomplete.
WARNING: [DRC RPBF-3] IO port buffering is incomplete: Device port JA[5] expects both input and output buffering but the buffers are incomplete.
WARNING: [DRC RPBF-3] IO port buffering is incomplete: Device port JA[6] expects both input and output buffering but the buffers are incomplete.
WARNING: [DRC RPBF-3] IO port buffering is incomplete: Device port JA[7] expects both input and output buffering but the buffers are incomplete.
WARNING: [DRC RPBF-3] IO port buffering is incomplete: Device port JB[0] expects both input and output buffering but the buffers are incomplete.
WARNING: [DRC RPBF-3] IO port buffering is incomplete: Device port JB[1] expects both input and output buffering but the buffers are incomplete.
WARNING: [DRC RPBF-3] IO port buffering is incomplete: Device port JB[2] expects both input and output buffering but the buffers are incomplete.
WARNING: [DRC RPBF-3] IO port buffering is incomplete: Device port JB[3] expects both input and output buffering but the buffers are incomplete.
WARNING: [DRC RPBF-3] IO port buffering is incomplete: Device port JB[4] expects both input and output buffering but the buffers are incomplete.
WARNING: [DRC RPBF-3] IO port buffering is incomplete: Device port JB[5] expects both input and output buffering but the buffers are incomplete.
WARNING: [DRC RPBF-3] IO port buffering is incomplete: Device port JB[6] expects both input and output buffering but the buffers are incomplete.
WARNING: [DRC RPBF-3] IO port buffering is incomplete: Device port JB[7] expects both input and output buffering but the buffers are incomplete.
WARNING: [DRC RPBF-3] IO port buffering is incomplete: Device port JC[4] expects both input and output buffering but the buffers are incomplete.
WARNING: [DRC RPBF-3] IO port buffering is incomplete: Device port JC[5] expects both input and output buffering but the buffers are incomplete.
WARNING: [DRC RPBF-3] IO port buffering is incomplete: Device port JC[6] expects both input and output buffering but the buffers are incomplete.
WARNING: [DRC RPBF-3] IO port buffering is incomplete: Device port JC[7] expects both input and output buffering but the buffers are incomplete.
INFO: [Vivado_Tcl 4-198] DRC finished with 0 Errors, 20 Warnings
INFO: [Vivado_Tcl 4-199] Please refer to the DRC report (report_drc) for more information.

Starting Placer Task
INFO: [Place 30-611] Multithreading enabled for place_design using a maximum of 2 CPUs

Phase 1 Placer Initialization

Phase 1.1 Placer Initialization Netlist Sorting
Netlist sorting complete. Time (s): cpu = 00:00:00 ; elapsed = 00:00:00.006 . Memory (MB): peak = 2121.527 ; gain = 0.000
Phase 1.1 Placer Initialization Netlist Sorting | Checksum: 50098b1c

Time (s): cpu = 00:00:00 ; elapsed = 00:00:00.011 . Memory (MB): peak = 2121.527 ; gain = 0.000
Netlist sorting complete. Time (s): cpu = 00:00:00 ; elapsed = 00:00:00.007 . Memory (MB): peak = 2121.527 ; gain = 0.000

Phase 1.2 IO Placement/ Clock Placement/ Build Placer Device
Phase 1.2 IO Placement/ Clock Placement/ Build Placer Device | Checksum: 6be18882

Time (s): cpu = 00:00:00 ; elapsed = 00:00:00.483 . Memory (MB): peak = 2121.527 ; gain = 0.000

Phase 1.3 Build Placer Netlist Model
Phase 1.3 Build Placer Netlist Model | Checksum: 194b57b5a

Time (s): cpu = 00:00:02 ; elapsed = 00:00:02 . Memory (MB): peak = 2121.527 ; gain = 0.000

Phase 1.4 Constrain Clocks/Macros
Phase 1.4 Constrain Clocks/Macros | Checksum: 194b57b5a

Time (s): cpu = 00:00:02 ; elapsed = 00:00:02 . Memory (MB): peak = 2121.527 ; gain = 0.000
Phase 1 Placer Initialization | Checksum: 194b57b5a

Time (s): cpu = 00:00:02 ; elapsed = 00:00:02 . Memory (MB): peak = 2121.527 ; gain = 0.000

Phase 2 Global Placement

Phase 2.1 Floorplanning
Phase 2.1 Floorplanning | Checksum: 140bfd8b2

Time (s): cpu = 00:00:03 ; elapsed = 00:00:02 . Memory (MB): peak = 2121.527 ; gain = 0.000

Phase 2.2 Update Timing before SLR Path Opt
Phase 2.2 Update Timing before SLR Path Opt | Checksum: 1a151d72e

Time (s): cpu = 00:00:03 ; elapsed = 00:00:02 . Memory (MB): peak = 2121.527 ; gain = 0.000

Phase 2.3 Global Placement Core

Phase 2.3.1 Physical Synthesis In Placer
INFO: [Physopt 32-1035] Found 0 LUTNM shape to break, 400 LUT instances to create LUTNM shape
INFO: [Physopt 32-1044] Break lutnm for timing: one critical 0, two critical 0, total 0, new lutff created 0
INFO: [Physopt 32-775] End 1 Pass. Optimized 173 nets or cells. Created 0 new cell, deleted 173 existing cells and moved 0 existing cell
INFO: [Physopt 32-65] No nets found for high-fanout optimization.
INFO: [Physopt 32-232] Optimized 0 net. Created 0 new instance.
INFO: [Physopt 32-775] End 1 Pass. Optimized 0 net or cell. Created 0 new cell, deleted 0 existing cell and moved 0 existing cell
INFO: [Physopt 32-670] No setup violation found.  DSP Register Optimization was not performed.
INFO: [Physopt 32-670] No setup violation found.  Shift Register to Pipeline Optimization was not performed.
INFO: [Physopt 32-670] No setup violation found.  Shift Register Optimization was not performed.
INFO: [Physopt 32-670] No setup violation found.  BRAM Register Optimization was not performed.
INFO: [Physopt 32-670] No setup violation found.  URAM Register Optimization was not performed.
INFO: [Physopt 32-949] No candidate nets found for dynamic/static region interface net replication
INFO: [Physopt 32-775] End 1 Pass. Optimized 0 net or cell. Created 0 new cell, deleted 0 existing cell and moved 0 existing cell
Netlist sorting complete. Time (s): cpu = 00:00:00 ; elapsed = 00:00:00.006 . Memory (MB): peak = 2121.527 ; gain = 0.000

Summary of Physical Synthesis Optimizations
============================================


-----------------------------------------------------------------------------------------------------------------------------------------------------------
|  Optimization                                     |  Added Cells  |  Removed Cells  |  Optimized Cells/Nets  |  Dont Touch  |  Iterations  |  Elapsed   |
-----------------------------------------------------------------------------------------------------------------------------------------------------------
|  LUT Combining                                    |            0  |            173  |                   173  |           0  |           1  |  00:00:00  |
|  Very High Fanout                                 |            0  |              0  |                     0  |           0  |           1  |  00:00:00  |
|  DSP Register                                     |            0  |              0  |                     0  |           0  |           0  |  00:00:00  |
|  Shift Register to Pipeline                       |            0  |              0  |                     0  |           0  |           0  |  00:00:00  |
|  Shift Register                                   |            0  |              0  |                     0  |           0  |           0  |  00:00:00  |
|  BRAM Register                                    |            0  |              0  |                     0  |           0  |           0  |  00:00:00  |
|  URAM Register                                    |            0  |              0  |                     0  |           0  |           0  |  00:00:00  |
|  Dynamic/Static Region Interface Net Replication  |            0  |              0  |                     0  |           0  |           1  |  00:00:00  |
|  Total                                            |            0  |            173  |                   173  |           0  |           3  |  00:00:00  |
-----------------------------------------------------------------------------------------------------------------------------------------------------------


Phase 2.3.1 Physical Synthesis In Placer | Checksum: 1d1fbd29a

Time (s): cpu = 00:00:11 ; elapsed = 00:00:07 . Memory (MB): peak = 2121.527 ; gain = 0.000
Phase 2.3 Global Placement Core | Checksum: 2328c7809

Time (s): cpu = 00:00:11 ; elapsed = 00:00:07 . Memory (MB): peak = 2121.527 ; gain = 0.000
Phase 2 Global Placement | Checksum: 2328c7809

Time (s): cpu = 00:00:11 ; elapsed = 00:00:07 . Memory (MB): peak = 2121.527 ; gain = 0.000

Phase 3 Detail Placement

Phase 3.1 Commit Multi Column Macros
Phase 3.1 Commit Multi Column Macros | Checksum: 245c34b2a

Time (s): cpu = 00:00:12 ; elapsed = 00:00:07 . Memory (MB): peak = 2121.527 ; gain = 0.000

Phase 3.2 Commit Most Macros & LUTRAMs
Phase 3.2 Commit Most Macros & LUTRAMs | Checksum: 1f345a646

Time (s): cpu = 00:00:13 ; elapsed = 00:00:08 . Memory (MB): peak = 2121.527 ; gain = 0.000

Phase 3.3 Area Swap Optimization
Phase 3.3 Area Swap Optimization | Checksum: 245470b7a

Time (s): cpu = 00:00:13 ; elapsed = 00:00:08 . Memory (MB): peak = 2121.527 ; gain = 0.000

Phase 3.4 Pipeline Register Optimization
Phase 3.4 Pipeline Register Optimization | Checksum: 17100c2f0

Time (s): cpu = 00:00:13 ; elapsed = 00:00:08 . Memory (MB): peak = 2121.527 ; gain = 0.000

Phase 3.5 Small Shape Detail Placement
Phase 3.5 Small Shape Detail Placement | Checksum: 2188377fa

Time (s): cpu = 00:00:15 ; elapsed = 00:00:10 . Memory (MB): peak = 2121.527 ; gain = 0.000

Phase 3.6 Re-assign LUT pins
Phase 3.6 Re-assign LUT pins | Checksum: 2273f1d9a

Time (s): cpu = 00:00:16 ; elapsed = 00:00:10 . Memory (MB): peak = 2121.527 ; gain = 0.000

Phase 3.7 Pipeline Register Optimization
Phase 3.7 Pipeline Register Optimization | Checksum: 1ba93c108

Time (s): cpu = 00:00:16 ; elapsed = 00:00:10 . Memory (MB): peak = 2121.527 ; gain = 0.000
Phase 3 Detail Placement | Checksum: 1ba93c108

Time (s): cpu = 00:00:16 ; elapsed = 00:00:10 . Memory (MB): peak = 2121.527 ; gain = 0.000

Phase 4 Post Placement Optimization and Clean-Up

Phase 4.1 Post Commit Optimization
INFO: [Timing 38-35] Done setting XDC timing constraints.

Phase 4.1.1 Post Placement Optimization
Post Placement Optimization Initialization | Checksum: 2672bbd56

Phase 4.1.1.1 BUFG Insertion

Starting Physical Synthesis Task

Phase 1 Physical Synthesis Initialization
INFO: [Physopt 32-721] Multithreading enabled for phys_opt_design using a maximum of 2 CPUs
INFO: [Physopt 32-619] Estimated Timing Summary | WNS=1.509 | TNS=0.000 |
Phase 1 Physical Synthesis Initialization | Checksum: 22508279a

Time (s): cpu = 00:00:00 ; elapsed = 00:00:00.412 . Memory (MB): peak = 2121.527 ; gain = 0.000
INFO: [Place 46-56] BUFG insertion identified 0 candidate nets. Inserted BUFG: 0, Replicated BUFG Driver: 0, Skipped due to Placement/Routing Conflicts: 0, Skipped due to Timing Degradation: 0, Skipped due to Illegal Netlist: 0.
Ending Physical Synthesis Task | Checksum: 23059731d

Time (s): cpu = 00:00:00 ; elapsed = 00:00:00.428 . Memory (MB): peak = 2121.527 ; gain = 0.000
Phase 4.1.1.1 BUFG Insertion | Checksum: 2672bbd56

Time (s): cpu = 00:00:18 ; elapsed = 00:00:12 . Memory (MB): peak = 2121.527 ; gain = 0.000
INFO: [Place 30-746] Post Placement Timing Summary WNS=1.509. For the most accurate timing information please run report_timing.

Time (s): cpu = 00:00:19 ; elapsed = 00:00:12 . Memory (MB): peak = 2121.527 ; gain = 0.000
Phase 4.1 Post Commit Optimization | Checksum: 28b80095e

Time (s): cpu = 00:00:19 ; elapsed = 00:00:12 . Memory (MB): peak = 2121.527 ; gain = 0.000

Phase 4.2 Post Placement Cleanup
Phase 4.2 Post Placement Cleanup | Checksum: 28b80095e

Time (s): cpu = 00:00:19 ; elapsed = 00:00:12 . Memory (MB): peak = 2121.527 ; gain = 0.000

Phase 4.3 Placer Reporting

Phase 4.3.1 Print Estimated Congestion
INFO: [Place 30-612] Post-Placement Estimated Congestion 
 ____________________________________________________
|           | Global Congestion | Short Congestion  |
| Direction | Region Size       | Region Size       |
|___________|___________________|___________________|
|      North|                1x1|                1x1|
|___________|___________________|___________________|
|      South|                1x1|                1x1|
|___________|___________________|___________________|
|       East|                1x1|                1x1|
|___________|___________________|___________________|
|       West|                1x1|                1x1|
|___________|___________________|___________________|

Phase 4.3.1 Print Estimated Congestion | Checksum: 28b80095e

Time (s): cpu = 00:00:19 ; elapsed = 00:00:12 . Memory (MB): peak = 2121.527 ; gain = 0.000
Phase 4.3 Placer Reporting | Checksum: 28b80095e

Time (s): cpu = 00:00:19 ; elapsed = 00:00:12 . Memory (MB): peak = 2121.527 ; gain = 0.000

Phase 4.4 Final Placement Cleanup
Netlist sorting complete. Time (s): cpu = 00:00:00 ; elapsed = 00:00:00.006 . Memory (MB): peak = 2121.527 ; gain = 0.000

Time (s): cpu = 00:00:19 ; elapsed = 00:00:12 . Memory (MB): peak = 2121.527 ; gain = 0.000
Phase 4 Post Placement Optimization and Clean-Up | Checksum: 26c904cbe

Time (s): cpu = 00:00:19 ; elapsed = 00:00:12 . Memory (MB): peak = 2121.527 ; gain = 0.000
Ending Placer Task | Checksum: 18ca1ed2b

Time (s): cpu = 00:00:19 ; elapsed = 00:00:12 . Memory (MB): peak = 2121.527 ; gain = 0.000
INFO: [Common 17-83] Releasing license: Implementation
105 Infos, 47 Warnings, 4 Critical Warnings and 0 Errors encountered.
place_design completed successfully
place_design: Time (s): cpu = 00:00:22 ; elapsed = 00:00:14 . Memory (MB): peak = 2121.527 ; gain = 0.000
INFO: [Timing 38-480] Writing timing data to binary archive.
Writing placer database...
Writing XDEF routing.
Writing XDEF routing logical nets.
Writing XDEF routing special nets.
Write XDEF Complete: Time (s): cpu = 00:00:02 ; elapsed = 00:00:00.482 . Memory (MB): peak = 2121.527 ; gain = 0.000
INFO: [Common 17-1381] The checkpoint 'D:/PSU_Work_and_Textbooks/ECE544/ECE544_ProjFinal/ECE-544-final-project/Photo_Motor_Vivado/Photo_Motor_Vivado.runs/impl_1/nexysA7fpga_placed.dcp' has been generated.
INFO: [runtcl-4] Executing : report_io -file nexysA7fpga_io_placed.rpt
report_io: Time (s): cpu = 00:00:00 ; elapsed = 00:00:00.043 . Memory (MB): peak = 2121.527 ; gain = 0.000
INFO: [runtcl-4] Executing : report_utilization -file nexysA7fpga_utilization_placed.rpt -pb nexysA7fpga_utilization_placed.pb
INFO: [runtcl-4] Executing : report_control_sets -verbose -file nexysA7fpga_control_sets_placed.rpt
report_control_sets: Time (s): cpu = 00:00:00 ; elapsed = 00:00:00.019 . Memory (MB): peak = 2121.527 ; gain = 0.000
Command: phys_opt_design
Attempting to get a license for feature 'Implementation' and/or device 'xc7a100t'
INFO: [Common 17-349] Got license for feature 'Implementation' and/or device 'xc7a100t'
INFO: [Vivado_Tcl 4-383] Design worst setup slack (WNS) is greater than or equal to 0.000 ns. Skipping all physical synthesis optimizations.
INFO: [Vivado_Tcl 4-232] No setup violation found. The netlist was not modified.
INFO: [Common 17-83] Releasing license: Implementation
114 Infos, 47 Warnings, 4 Critical Warnings and 0 Errors encountered.
phys_opt_design completed successfully
INFO: [Timing 38-480] Writing timing data to binary archive.
Writing placer database...
Writing XDEF routing.
Writing XDEF routing logical nets.
Writing XDEF routing special nets.
Write XDEF Complete: Time (s): cpu = 00:00:02 ; elapsed = 00:00:00.427 . Memory (MB): peak = 2121.527 ; gain = 0.000
INFO: [Common 17-1381] The checkpoint 'D:/PSU_Work_and_Textbooks/ECE544/ECE544_ProjFinal/ECE-544-final-project/Photo_Motor_Vivado/Photo_Motor_Vivado.runs/impl_1/nexysA7fpga_physopt.dcp' has been generated.
Command: route_design
Attempting to get a license for feature 'Implementation' and/or device 'xc7a100t'
INFO: [Common 17-349] Got license for feature 'Implementation' and/or device 'xc7a100t'
Running DRC as a precondition to command route_design
INFO: [DRC 23-27] Running DRC with 2 threads
INFO: [Vivado_Tcl 4-198] DRC finished with 0 Errors
INFO: [Vivado_Tcl 4-199] Please refer to the DRC report (report_drc) for more information.


Starting Routing Task
INFO: [Route 35-254] Multithreading enabled for route_design using a maximum of 2 CPUs
Checksum: PlaceDB: c6eb5f0e ConstDB: 0 ShapeSum: c5b68e1d RouteDB: 0

Phase 1 Build RT Design
Phase 1 Build RT Design | Checksum: 8a6307d3

Time (s): cpu = 00:00:18 ; elapsed = 00:00:15 . Memory (MB): peak = 2231.848 ; gain = 110.320
Post Restoration Checksum: NetGraph: 48eda198 NumContArr: 4175663b Constraints: 0 Timing: 0

Phase 2 Router Initialization

Phase 2.1 Create Timer
Phase 2.1 Create Timer | Checksum: 8a6307d3

Time (s): cpu = 00:00:18 ; elapsed = 00:00:15 . Memory (MB): peak = 2231.871 ; gain = 110.344

Phase 2.2 Fix Topology Constraints
Phase 2.2 Fix Topology Constraints | Checksum: 8a6307d3

Time (s): cpu = 00:00:18 ; elapsed = 00:00:15 . Memory (MB): peak = 2237.891 ; gain = 116.363

Phase 2.3 Pre Route Cleanup
Phase 2.3 Pre Route Cleanup | Checksum: 8a6307d3

Time (s): cpu = 00:00:18 ; elapsed = 00:00:15 . Memory (MB): peak = 2237.891 ; gain = 116.363
 Number of Nodes with overlaps = 0

Phase 2.4 Update Timing
Phase 2.4 Update Timing | Checksum: 13730ffc3

Time (s): cpu = 00:00:21 ; elapsed = 00:00:18 . Memory (MB): peak = 2263.953 ; gain = 142.426
INFO: [Route 35-416] Intermediate Timing Summary | WNS=1.683  | TNS=0.000  | WHS=-0.260 | THS=-329.158|


Phase 2.5 Update Timing for Bus Skew

Phase 2.5.1 Update Timing
Phase 2.5.1 Update Timing | Checksum: 1286139fa

Time (s): cpu = 00:00:25 ; elapsed = 00:00:20 . Memory (MB): peak = 2266.035 ; gain = 144.508
INFO: [Route 35-416] Intermediate Timing Summary | WNS=1.683  | TNS=0.000  | WHS=N/A    | THS=N/A    |

Phase 2.5 Update Timing for Bus Skew | Checksum: 20ae2b642

Time (s): cpu = 00:00:25 ; elapsed = 00:00:20 . Memory (MB): peak = 2278.652 ; gain = 157.125
Phase 2 Router Initialization | Checksum: 1b44ef301

Time (s): cpu = 00:00:25 ; elapsed = 00:00:20 . Memory (MB): peak = 2278.652 ; gain = 157.125

Router Utilization Summary
  Global Vertical Routing Utilization    = 0.00248074 %
  Global Horizontal Routing Utilization  = 0.00483092 %
  Routable Net Status*
  *Does not include unroutable nets such as driverless and loadless.
  Run report_route_status for detailed report.
  Number of Failed Nets               = 7656
    (Failed Nets is the sum of unrouted and partially routed nets)
  Number of Unrouted Nets             = 7656
  Number of Partially Routed Nets     = 0
  Number of Node Overlaps             = 0


Phase 3 Initial Routing

Phase 3.1 Global Routing
Phase 3.1 Global Routing | Checksum: 1b44ef301

Time (s): cpu = 00:00:25 ; elapsed = 00:00:20 . Memory (MB): peak = 2278.652 ; gain = 157.125
Phase 3 Initial Routing | Checksum: 23d087c9b

Time (s): cpu = 00:00:31 ; elapsed = 00:00:23 . Memory (MB): peak = 2320.488 ; gain = 198.961

Phase 4 Rip-up And Reroute

Phase 4.1 Global Iteration 0
 Number of Nodes with overlaps = 718
 Number of Nodes with overlaps = 61
 Number of Nodes with overlaps = 22
 Number of Nodes with overlaps = 11
 Number of Nodes with overlaps = 4
 Number of Nodes with overlaps = 0
INFO: [Route 35-416] Intermediate Timing Summary | WNS=1.609  | TNS=0.000  | WHS=N/A    | THS=N/A    |

Phase 4.1 Global Iteration 0 | Checksum: 8a4613a3

Time (s): cpu = 00:00:37 ; elapsed = 00:00:28 . Memory (MB): peak = 2320.488 ; gain = 198.961
Phase 4 Rip-up And Reroute | Checksum: 8a4613a3

Time (s): cpu = 00:00:37 ; elapsed = 00:00:28 . Memory (MB): peak = 2320.488 ; gain = 198.961

Phase 5 Delay and Skew Optimization

Phase 5.1 Delay CleanUp

Phase 5.1.1 Update Timing
Phase 5.1.1 Update Timing | Checksum: df7a4ffb

Time (s): cpu = 00:00:38 ; elapsed = 00:00:28 . Memory (MB): peak = 2320.488 ; gain = 198.961
INFO: [Route 35-416] Intermediate Timing Summary | WNS=1.638  | TNS=0.000  | WHS=N/A    | THS=N/A    |

Phase 5.1 Delay CleanUp | Checksum: 1253ac7f3

Time (s): cpu = 00:00:38 ; elapsed = 00:00:28 . Memory (MB): peak = 2320.488 ; gain = 198.961

Phase 5.2 Clock Skew Optimization
Phase 5.2 Clock Skew Optimization | Checksum: 1253ac7f3

Time (s): cpu = 00:00:38 ; elapsed = 00:00:28 . Memory (MB): peak = 2320.488 ; gain = 198.961
Phase 5 Delay and Skew Optimization | Checksum: 1253ac7f3

Time (s): cpu = 00:00:38 ; elapsed = 00:00:28 . Memory (MB): peak = 2320.488 ; gain = 198.961

Phase 6 Post Hold Fix

Phase 6.1 Hold Fix Iter

Phase 6.1.1 Update Timing
Phase 6.1.1 Update Timing | Checksum: 7a378700

Time (s): cpu = 00:00:39 ; elapsed = 00:00:29 . Memory (MB): peak = 2320.488 ; gain = 198.961
INFO: [Route 35-416] Intermediate Timing Summary | WNS=1.638  | TNS=0.000  | WHS=0.024  | THS=0.000  |

Phase 6.1 Hold Fix Iter | Checksum: 5fa00bd3

Time (s): cpu = 00:00:39 ; elapsed = 00:00:29 . Memory (MB): peak = 2320.488 ; gain = 198.961
Phase 6 Post Hold Fix | Checksum: 5fa00bd3

Time (s): cpu = 00:00:39 ; elapsed = 00:00:29 . Memory (MB): peak = 2320.488 ; gain = 198.961

Phase 7 Route finalize

Router Utilization Summary
  Global Vertical Routing Utilization    = 1.55334 %
  Global Horizontal Routing Utilization  = 1.99034 %
  Routable Net Status*
  *Does not include unroutable nets such as driverless and loadless.
  Run report_route_status for detailed report.
  Number of Failed Nets               = 0
    (Failed Nets is the sum of unrouted and partially routed nets)
  Number of Unrouted Nets             = 0
  Number of Partially Routed Nets     = 0
  Number of Node Overlaps             = 0

Phase 7 Route finalize | Checksum: f2ed4ad0

Time (s): cpu = 00:00:39 ; elapsed = 00:00:29 . Memory (MB): peak = 2320.488 ; gain = 198.961

Phase 8 Verifying routed nets

 Verification completed successfully
Phase 8 Verifying routed nets | Checksum: f2ed4ad0

Time (s): cpu = 00:00:39 ; elapsed = 00:00:29 . Memory (MB): peak = 2320.488 ; gain = 198.961

Phase 9 Depositing Routes
Phase 9 Depositing Routes | Checksum: 140e9c6d4

Time (s): cpu = 00:00:40 ; elapsed = 00:00:30 . Memory (MB): peak = 2320.488 ; gain = 198.961

Phase 10 Post Router Timing
INFO: [Route 35-57] Estimated Timing Summary | WNS=1.638  | TNS=0.000  | WHS=0.024  | THS=0.000  |

INFO: [Route 35-327] The final timing numbers are based on the router estimated timing analysis. For a complete and accurate timing signoff, please run report_timing_summary.
Phase 10 Post Router Timing | Checksum: 140e9c6d4

Time (s): cpu = 00:00:40 ; elapsed = 00:00:30 . Memory (MB): peak = 2320.488 ; gain = 198.961
INFO: [Route 35-16] Router Completed Successfully

Time (s): cpu = 00:00:40 ; elapsed = 00:00:30 . Memory (MB): peak = 2320.488 ; gain = 198.961

Routing Is Done.
INFO: [Common 17-83] Releasing license: Implementation
130 Infos, 47 Warnings, 4 Critical Warnings and 0 Errors encountered.
route_design completed successfully
route_design: Time (s): cpu = 00:00:44 ; elapsed = 00:00:31 . Memory (MB): peak = 2320.488 ; gain = 198.961
INFO: [Timing 38-480] Writing timing data to binary archive.
Writing placer database...
Writing XDEF routing.
Writing XDEF routing logical nets.
Writing XDEF routing special nets.
Write XDEF Complete: Time (s): cpu = 00:00:02 ; elapsed = 00:00:00.586 . Memory (MB): peak = 2320.488 ; gain = 0.000
INFO: [Common 17-1381] The checkpoint 'D:/PSU_Work_and_Textbooks/ECE544/ECE544_ProjFinal/ECE-544-final-project/Photo_Motor_Vivado/Photo_Motor_Vivado.runs/impl_1/nexysA7fpga_routed.dcp' has been generated.
INFO: [runtcl-4] Executing : report_drc -file nexysA7fpga_drc_routed.rpt -pb nexysA7fpga_drc_routed.pb -rpx nexysA7fpga_drc_routed.rpx
Command: report_drc -file nexysA7fpga_drc_routed.rpt -pb nexysA7fpga_drc_routed.pb -rpx nexysA7fpga_drc_routed.rpx
INFO: [IP_Flow 19-1839] IP Catalog is up to date.
INFO: [DRC 23-27] Running DRC with 2 threads
INFO: [Coretcl 2-168] The results of DRC are in file D:/PSU_Work_and_Textbooks/ECE544/ECE544_ProjFinal/ECE-544-final-project/Photo_Motor_Vivado/Photo_Motor_Vivado.runs/impl_1/nexysA7fpga_drc_routed.rpt.
report_drc completed successfully
INFO: [runtcl-4] Executing : report_methodology -file nexysA7fpga_methodology_drc_routed.rpt -pb nexysA7fpga_methodology_drc_routed.pb -rpx nexysA7fpga_methodology_drc_routed.rpx
Command: report_methodology -file nexysA7fpga_methodology_drc_routed.rpt -pb nexysA7fpga_methodology_drc_routed.pb -rpx nexysA7fpga_methodology_drc_routed.rpx
INFO: [Timing 38-35] Done setting XDC timing constraints.
INFO: [DRC 23-133] Running Methodology with 2 threads
INFO: [Coretcl 2-1520] The results of Report Methodology are in file D:/PSU_Work_and_Textbooks/ECE544/ECE544_ProjFinal/ECE-544-final-project/Photo_Motor_Vivado/Photo_Motor_Vivado.runs/impl_1/nexysA7fpga_methodology_drc_routed.rpt.
report_methodology completed successfully
INFO: [runtcl-4] Executing : report_power -file nexysA7fpga_power_routed.rpt -pb nexysA7fpga_power_summary_routed.pb -rpx nexysA7fpga_power_routed.rpx
Command: report_power -file nexysA7fpga_power_routed.rpt -pb nexysA7fpga_power_summary_routed.pb -rpx nexysA7fpga_power_routed.rpx
INFO: [Timing 38-35] Done setting XDC timing constraints.
Running Vector-less Activity Propagation...

Finished Running Vector-less Activity Propagation
WARNING: [Power 33-332] Found switching activity that implies high-fanout reset nets being asserted for excessive periods of time which may result in inaccurate power analysis.
Resolution: To review and fix problems, please run Power Constraints Advisor in the GUI from Tools > Power Constraints Advisor or run report_power with the -advisory option to generate a text report.
142 Infos, 48 Warnings, 4 Critical Warnings and 0 Errors encountered.
report_power completed successfully
INFO: [runtcl-4] Executing : report_route_status -file nexysA7fpga_route_status.rpt -pb nexysA7fpga_route_status.pb
INFO: [runtcl-4] Executing : report_timing_summary -max_paths 10 -file nexysA7fpga_timing_summary_routed.rpt -pb nexysA7fpga_timing_summary_routed.pb -rpx nexysA7fpga_timing_summary_routed.rpx -warn_on_violation 
INFO: [Timing 38-91] UpdateTimingParams: Speed grade: -1, Delay Type: min_max.
INFO: [Timing 38-191] Multithreading enabled for timing update using a maximum of 2 CPUs
WARNING: [Timing 38-436] There are set_bus_skew constraint(s) in this design. Please run report_bus_skew to ensure that bus skew requirements are met.
INFO: [runtcl-4] Executing : report_incremental_reuse -file nexysA7fpga_incremental_reuse_routed.rpt
INFO: [Vivado_Tcl 4-1062] Incremental flow is disabled. No incremental reuse Info to report.
INFO: [runtcl-4] Executing : report_clock_utilization -file nexysA7fpga_clock_utilization_routed.rpt
INFO: [runtcl-4] Executing : report_bus_skew -warn_on_violation -file nexysA7fpga_bus_skew_routed.rpt -pb nexysA7fpga_bus_skew_routed.pb -rpx nexysA7fpga_bus_skew_routed.rpx
INFO: [Timing 38-91] UpdateTimingParams: Speed grade: -1, Delay Type: min_max.
INFO: [Timing 38-191] Multithreading enabled for timing update using a maximum of 2 CPUs
INFO: [Common 17-206] Exiting Vivado at Wed Jun  8 11:06:39 2022...

*** Running vivado
    with args -log nexysA7fpga.vdi -applog -m64 -product Vivado -messageDb vivado.pb -mode batch -source nexysA7fpga.tcl -notrace



****** Vivado v2020.2 (64-bit)
  **** SW Build 3064766 on Wed Nov 18 09:12:45 MST 2020
  **** IP Build 3064653 on Wed Nov 18 14:17:31 MST 2020
    ** Copyright 1986-2020 Xilinx, Inc. All Rights Reserved.

source nexysA7fpga.tcl -notrace
Command: open_checkpoint nexysA7fpga_routed.dcp

Starting open_checkpoint Task

Time (s): cpu = 00:00:00 ; elapsed = 00:00:00.027 . Memory (MB): peak = 1144.273 ; gain = 0.000
INFO: [Device 21-403] Loading part xc7a100tcsg324-1
Netlist sorting complete. Time (s): cpu = 00:00:01 ; elapsed = 00:00:00.607 . Memory (MB): peak = 1144.273 ; gain = 0.000
INFO: [Netlist 29-17] Analyzing 556 Unisim elements for replacement
INFO: [Netlist 29-28] Unisim Transformation completed in 0 CPU seconds
INFO: [Project 1-479] Netlist was created with Vivado 2020.2
INFO: [Project 1-570] Preparing netlist for logic optimization
INFO: [Timing 38-478] Restoring timing data from binary archive.
INFO: [Timing 38-479] Binary timing data restore complete.
INFO: [Project 1-856] Restoring constraints from binary archive.
INFO: [Project 1-853] Binary constraint restore complete.
Reading XDEF placement.
Reading placer database...
Reading XDEF routing.
Read XDEF File: Time (s): cpu = 00:00:02 ; elapsed = 00:00:02 . Memory (MB): peak = 1663.250 ; gain = 3.016
Restored from archive | CPU: 2.000000 secs | Memory: 0.000000 MB |
Finished XDEF File Restore: Time (s): cpu = 00:00:02 ; elapsed = 00:00:02 . Memory (MB): peak = 1663.250 ; gain = 3.016
Netlist sorting complete. Time (s): cpu = 00:00:00 ; elapsed = 00:00:00.008 . Memory (MB): peak = 1663.250 ; gain = 0.000
INFO: [Project 1-111] Unisim Transformation Summary:
  A total of 132 instances were transformed.
  LUT6_2 => LUT6_2 (LUT5, LUT6): 79 instances
  RAM16X1D => RAM32X1D (RAMD32(x2)): 32 instances
  RAM32M => RAM32M (RAMD32(x6), RAMS32(x2)): 20 instances
  SRLC16E => SRL16E: 1 instance 

INFO: [Project 1-604] Checkpoint was created with Vivado v2020.2 (64-bit) build 3064766
open_checkpoint: Time (s): cpu = 00:00:33 ; elapsed = 00:00:34 . Memory (MB): peak = 1663.250 ; gain = 518.977
INFO: [Memdata 28-167] Found XPM memory block EMBSYS/PmodOLEDrgb_0/inst/axi_quad_spi_0/U0/NO_DUAL_QUAD_MODE.QSPI_NORMAL/QSPI_LEGACY_MD_GEN.QSPI_CORE_INTERFACE_I/FIFO_EXISTS.TX_FIFO_II/xpm_fifo_instance.xpm_fifo_async_inst/gnuram_async_fifo.xpm_fifo_base_inst/gen_sdpram.xpm_memory_base_inst with a P_MEMORY_PRIMITIVE property set to auto. A value of block is required. You will not be able to use the updatemem program to update the bitstream with new data for the EMBSYS/PmodOLEDrgb_0/inst/axi_quad_spi_0/U0/NO_DUAL_QUAD_MODE.QSPI_NORMAL/QSPI_LEGACY_MD_GEN.QSPI_CORE_INTERFACE_I/FIFO_EXISTS.TX_FIFO_II/xpm_fifo_instance.xpm_fifo_async_inst/gnuram_async_fifo.xpm_fifo_base_inst/gen_sdpram.xpm_memory_base_inst block.
INFO: [Memdata 28-167] Found XPM memory block EMBSYS/PmodOLEDrgb_0/inst/axi_quad_spi_0/U0/NO_DUAL_QUAD_MODE.QSPI_NORMAL/QSPI_LEGACY_MD_GEN.QSPI_CORE_INTERFACE_I/FIFO_EXISTS.RX_FIFO_II/gnuram_async_fifo.xpm_fifo_base_inst/gen_sdpram.xpm_memory_base_inst with a P_MEMORY_PRIMITIVE property set to auto. A value of block is required. You will not be able to use the updatemem program to update the bitstream with new data for the EMBSYS/PmodOLEDrgb_0/inst/axi_quad_spi_0/U0/NO_DUAL_QUAD_MODE.QSPI_NORMAL/QSPI_LEGACY_MD_GEN.QSPI_CORE_INTERFACE_I/FIFO_EXISTS.RX_FIFO_II/gnuram_async_fifo.xpm_fifo_base_inst/gen_sdpram.xpm_memory_base_inst block.
Command: write_bitstream -force nexysA7fpga.bit
Attempting to get a license for feature 'Implementation' and/or device 'xc7a100t'
INFO: [Common 17-349] Got license for feature 'Implementation' and/or device 'xc7a100t'
Running DRC as a precondition to command write_bitstream
INFO: [IP_Flow 19-234] Refreshing IP repositories
INFO: [IP_Flow 19-1704] No user IP repositories specified
INFO: [IP_Flow 19-2313] Loaded Vivado IP repository 'C:/Xilinx/Vivado/2020.2/data/ip'.
INFO: [DRC 23-27] Running DRC with 2 threads
INFO: [Vivado 12-3199] DRC finished with 0 Errors
INFO: [Vivado 12-3200] Please refer to the DRC report (report_drc) for more information.
INFO: [Designutils 20-2272] Running write_bitstream with 2 threads.
Loading data files...
Loading site data...
Loading route data...
Processing options...
Creating bitmap...
Creating bitstream...
Writing bitstream ./nexysA7fpga.bit...
INFO: [Vivado 12-1842] Bitgen Completed Successfully.
INFO: [Project 1-120] WebTalk data collection is mandatory when using a WebPACK part without a full Vivado license. To see the specific WebTalk data collected for your design, open the usage_statistics_webtalk.html or usage_statistics_webtalk.xml file in the implementation directory.
INFO: [Common 17-186] 'D:/PSU_Work_and_Textbooks/ECE544/ECE544_ProjFinal/ECE-544-final-project/Photo_Motor_Vivado/Photo_Motor_Vivado.runs/impl_1/usage_statistics_webtalk.xml' has been successfully sent to Xilinx on Wed Jun  8 11:08:46 2022. For additional details about this file, please refer to the WebTalk help file at C:/Xilinx/Vivado/2020.2/doc/webtalk_introduction.html.
INFO: [Common 17-83] Releasing license: Implementation
25 Infos, 0 Warnings, 0 Critical Warnings and 0 Errors encountered.
write_bitstream completed successfully
write_bitstream: Time (s): cpu = 00:00:51 ; elapsed = 00:00:39 . Memory (MB): peak = 2242.113 ; gain = 563.559
INFO: [Common 17-206] Exiting Vivado at Wed Jun  8 11:08:46 2022...
