
*** Running vivado
    with args -log embsys_nexys4io_0_0.vds -m64 -product Vivado -mode batch -messageDb vivado.pb -notrace -source embsys_nexys4io_0_0.tcl



****** Vivado v2020.2 (64-bit)
  **** SW Build 3064766 on Wed Nov 18 09:12:45 MST 2020
  **** IP Build 3064653 on Wed Nov 18 14:17:31 MST 2020
    ** Copyright 1986-2020 Xilinx, Inc. All Rights Reserved.

source embsys_nexys4io_0_0.tcl -notrace
INFO: [IP_Flow 19-234] Refreshing IP repositories
INFO: [IP_Flow 19-1700] Loaded user IP repository 'd:/PSU_Work_and_Textbooks/ECE544/Project0_NK/ece544ip_v2021'.
INFO: [IP_Flow 19-1700] Loaded user IP repository 'd:/PSU_Work_and_Textbooks/ECE544/Project0_NK/vivado-library-v2019.1-1'.
INFO: [IP_Flow 19-2313] Loaded Vivado IP repository 'C:/Xilinx/Vivado/2020.2/data/ip'.
Command: synth_design -top embsys_nexys4io_0_0 -part xc7a100tcsg324-1 -mode out_of_context
Starting synth_design
Attempting to get a license for feature 'Synthesis' and/or device 'xc7a100t'
INFO: [Common 17-349] Got license for feature 'Synthesis' and/or device 'xc7a100t'
INFO: [Device 21-403] Loading part xc7a100tcsg324-1
INFO: [Synth 8-7079] Multithreading enabled for synth_design using a maximum of 2 processes.
INFO: [Synth 8-7078] Launching helper process for spawning children vivado processes
INFO: [Synth 8-7075] Helper process launched with PID 38640
WARNING: [Synth 8-6901] identifier 'btnsw_in' is used before its declaration [d:/PSU_Work_and_Textbooks/ECE544/Project0_NK/Project0_NK.gen/sources_1/bd/embsys/ipshared/f811/hdl/nexys4io_v3_0_S00_AXI.v:512]
---------------------------------------------------------------------------------
Starting RTL Elaboration : Time (s): cpu = 00:00:07 ; elapsed = 00:00:07 . Memory (MB): peak = 1171.555 ; gain = 61.320
---------------------------------------------------------------------------------
INFO: [Synth 8-6157] synthesizing module 'embsys_nexys4io_0_0' [d:/PSU_Work_and_Textbooks/ECE544/Project0_NK/Project0_NK.gen/sources_1/bd/embsys/ip/embsys_nexys4io_0_0/synth/embsys_nexys4io_0_0.v:56]
INFO: [Synth 8-6157] synthesizing module 'nexys4io_v3_0' [d:/PSU_Work_and_Textbooks/ECE544/Project0_NK/Project0_NK.gen/sources_1/bd/embsys/ipshared/f811/hdl/nexys4io_v3_0.v:4]
	Parameter SIMULATE bound to: 0 - type: integer 
	Parameter C_S00_AXI_DATA_WIDTH bound to: 32 - type: integer 
	Parameter C_S00_AXI_ADDR_WIDTH bound to: 6 - type: integer 
INFO: [Synth 8-6157] synthesizing module 'nexys4io_v3_0_S00_AXI' [d:/PSU_Work_and_Textbooks/ECE544/Project0_NK/Project0_NK.gen/sources_1/bd/embsys/ipshared/f811/hdl/nexys4io_v3_0_S00_AXI.v:4]
	Parameter SIMULATE bound to: 0 - type: integer 
	Parameter C_S_AXI_DATA_WIDTH bound to: 32 - type: integer 
	Parameter C_S_AXI_ADDR_WIDTH bound to: 6 - type: integer 
	Parameter ADDR_LSB bound to: 2 - type: integer 
	Parameter OPT_MEM_ADDR_BITS bound to: 3 - type: integer 
INFO: [Synth 8-226] default block is never used [d:/PSU_Work_and_Textbooks/ECE544/Project0_NK/Project0_NK.gen/sources_1/bd/embsys/ipshared/f811/hdl/nexys4io_v3_0_S00_AXI.v:273]
INFO: [Synth 8-226] default block is never used [d:/PSU_Work_and_Textbooks/ECE544/Project0_NK/Project0_NK.gen/sources_1/bd/embsys/ipshared/f811/hdl/nexys4io_v3_0_S00_AXI.v:510]
INFO: [Synth 8-6157] synthesizing module 'debounce' [d:/PSU_Work_and_Textbooks/ECE544/Project0_NK/Project0_NK.gen/sources_1/bd/embsys/ipshared/f811/src/debounce.v:24]
	Parameter CLK_FREQUENCY_HZ bound to: 100000000 - type: integer 
	Parameter DEBOUNCE_FREQUENCY_HZ bound to: 250 - type: integer 
	Parameter RESET_POLARITY_LOW bound to: 1 - type: integer 
	Parameter CNTR_WIDTH bound to: 32 - type: integer 
	Parameter SIMULATE bound to: 0 - type: integer 
	Parameter SIMULATE_FREQUENCY_CNT bound to: 5 - type: integer 
	Parameter pb0_in bound to: 4'b0001 
INFO: [Synth 8-155] case statement is not full and has no default [d:/PSU_Work_and_Textbooks/ECE544/Project0_NK/Project0_NK.gen/sources_1/bd/embsys/ipshared/f811/src/debounce.v:102]
INFO: [Synth 8-155] case statement is not full and has no default [d:/PSU_Work_and_Textbooks/ECE544/Project0_NK/Project0_NK.gen/sources_1/bd/embsys/ipshared/f811/src/debounce.v:103]
INFO: [Synth 8-155] case statement is not full and has no default [d:/PSU_Work_and_Textbooks/ECE544/Project0_NK/Project0_NK.gen/sources_1/bd/embsys/ipshared/f811/src/debounce.v:104]
INFO: [Synth 8-155] case statement is not full and has no default [d:/PSU_Work_and_Textbooks/ECE544/Project0_NK/Project0_NK.gen/sources_1/bd/embsys/ipshared/f811/src/debounce.v:105]
INFO: [Synth 8-155] case statement is not full and has no default [d:/PSU_Work_and_Textbooks/ECE544/Project0_NK/Project0_NK.gen/sources_1/bd/embsys/ipshared/f811/src/debounce.v:106]
INFO: [Synth 8-155] case statement is not full and has no default [d:/PSU_Work_and_Textbooks/ECE544/Project0_NK/Project0_NK.gen/sources_1/bd/embsys/ipshared/f811/src/debounce.v:107]
INFO: [Synth 8-155] case statement is not full and has no default [d:/PSU_Work_and_Textbooks/ECE544/Project0_NK/Project0_NK.gen/sources_1/bd/embsys/ipshared/f811/src/debounce.v:110]
INFO: [Synth 8-155] case statement is not full and has no default [d:/PSU_Work_and_Textbooks/ECE544/Project0_NK/Project0_NK.gen/sources_1/bd/embsys/ipshared/f811/src/debounce.v:111]
INFO: [Synth 8-155] case statement is not full and has no default [d:/PSU_Work_and_Textbooks/ECE544/Project0_NK/Project0_NK.gen/sources_1/bd/embsys/ipshared/f811/src/debounce.v:112]
INFO: [Synth 8-155] case statement is not full and has no default [d:/PSU_Work_and_Textbooks/ECE544/Project0_NK/Project0_NK.gen/sources_1/bd/embsys/ipshared/f811/src/debounce.v:113]
INFO: [Synth 8-155] case statement is not full and has no default [d:/PSU_Work_and_Textbooks/ECE544/Project0_NK/Project0_NK.gen/sources_1/bd/embsys/ipshared/f811/src/debounce.v:114]
INFO: [Synth 8-155] case statement is not full and has no default [d:/PSU_Work_and_Textbooks/ECE544/Project0_NK/Project0_NK.gen/sources_1/bd/embsys/ipshared/f811/src/debounce.v:115]
INFO: [Synth 8-155] case statement is not full and has no default [d:/PSU_Work_and_Textbooks/ECE544/Project0_NK/Project0_NK.gen/sources_1/bd/embsys/ipshared/f811/src/debounce.v:116]
INFO: [Synth 8-155] case statement is not full and has no default [d:/PSU_Work_and_Textbooks/ECE544/Project0_NK/Project0_NK.gen/sources_1/bd/embsys/ipshared/f811/src/debounce.v:117]
INFO: [Synth 8-155] case statement is not full and has no default [d:/PSU_Work_and_Textbooks/ECE544/Project0_NK/Project0_NK.gen/sources_1/bd/embsys/ipshared/f811/src/debounce.v:118]
INFO: [Synth 8-155] case statement is not full and has no default [d:/PSU_Work_and_Textbooks/ECE544/Project0_NK/Project0_NK.gen/sources_1/bd/embsys/ipshared/f811/src/debounce.v:119]
INFO: [Synth 8-155] case statement is not full and has no default [d:/PSU_Work_and_Textbooks/ECE544/Project0_NK/Project0_NK.gen/sources_1/bd/embsys/ipshared/f811/src/debounce.v:120]
INFO: [Synth 8-155] case statement is not full and has no default [d:/PSU_Work_and_Textbooks/ECE544/Project0_NK/Project0_NK.gen/sources_1/bd/embsys/ipshared/f811/src/debounce.v:121]
INFO: [Synth 8-155] case statement is not full and has no default [d:/PSU_Work_and_Textbooks/ECE544/Project0_NK/Project0_NK.gen/sources_1/bd/embsys/ipshared/f811/src/debounce.v:122]
INFO: [Synth 8-155] case statement is not full and has no default [d:/PSU_Work_and_Textbooks/ECE544/Project0_NK/Project0_NK.gen/sources_1/bd/embsys/ipshared/f811/src/debounce.v:123]
INFO: [Synth 8-155] case statement is not full and has no default [d:/PSU_Work_and_Textbooks/ECE544/Project0_NK/Project0_NK.gen/sources_1/bd/embsys/ipshared/f811/src/debounce.v:124]
INFO: [Synth 8-155] case statement is not full and has no default [d:/PSU_Work_and_Textbooks/ECE544/Project0_NK/Project0_NK.gen/sources_1/bd/embsys/ipshared/f811/src/debounce.v:125]
INFO: [Synth 8-6155] done synthesizing module 'debounce' (1#1) [d:/PSU_Work_and_Textbooks/ECE544/Project0_NK/Project0_NK.gen/sources_1/bd/embsys/ipshared/f811/src/debounce.v:24]
INFO: [Synth 8-6157] synthesizing module 'sevensegment' [d:/PSU_Work_and_Textbooks/ECE544/Project0_NK/Project0_NK.gen/sources_1/bd/embsys/ipshared/f811/src/sevensegment.v:35]
	Parameter CLK_FREQUENCY_HZ bound to: 100000000 - type: integer 
	Parameter REFRESH_FREQUENCY_HZ bound to: 500 - type: integer 
	Parameter RESET_POLARITY_LOW bound to: 1 - type: integer 
	Parameter CNTR_WIDTH bound to: 32 - type: integer 
	Parameter SIMULATE bound to: 0 - type: integer 
	Parameter SIMULATE_FREQUENCY_CNT bound to: 5 - type: integer 
	Parameter digit1 bound to: 8'b11111110 
	Parameter digit2 bound to: 8'b11111101 
	Parameter digit3 bound to: 8'b11111011 
	Parameter digit4 bound to: 8'b11110111 
	Parameter digit5 bound to: 8'b11101111 
	Parameter digit6 bound to: 8'b11011111 
	Parameter digit7 bound to: 8'b10111111 
	Parameter digit8 bound to: 8'b01111111 
INFO: [Synth 8-6157] synthesizing module 'Digit' [d:/PSU_Work_and_Textbooks/ECE544/Project0_NK/Project0_NK.gen/sources_1/bd/embsys/ipshared/f811/src/sevensegment.v:194]
	Parameter zero bound to: 7'b1000000 
	Parameter one bound to: 7'b1111001 
	Parameter two bound to: 7'b0100100 
	Parameter three bound to: 7'b0110000 
	Parameter four bound to: 7'b0011001 
	Parameter five bound to: 7'b0010010 
	Parameter six bound to: 7'b0000010 
	Parameter seven bound to: 7'b1111000 
	Parameter eight bound to: 7'b0000000 
	Parameter nine bound to: 7'b0010000 
	Parameter A bound to: 7'b0001000 
	Parameter B bound to: 7'b0000011 
	Parameter C bound to: 7'b1000110 
	Parameter D bound to: 7'b0100001 
	Parameter E bound to: 7'b0000110 
	Parameter F bound to: 7'b0001110 
	Parameter seg_a bound to: 7'b1111110 
	Parameter seg_b bound to: 7'b1111101 
	Parameter seg_c bound to: 7'b1111011 
	Parameter seg_d bound to: 7'b1110111 
	Parameter seg_e bound to: 7'b1101111 
	Parameter seg_f bound to: 7'b1011111 
	Parameter seg_g bound to: 7'b0111111 
	Parameter upH bound to: 7'b0001001 
	Parameter upL bound to: 7'b1000111 
	Parameter upR bound to: 7'b0001000 
	Parameter lol bound to: 7'b1001111 
	Parameter lor bound to: 7'b0101111 
	Parameter loy bound to: 7'b0010001 
	Parameter blank bound to: 7'b1111111 
INFO: [Synth 8-6155] done synthesizing module 'Digit' (2#1) [d:/PSU_Work_and_Textbooks/ECE544/Project0_NK/Project0_NK.gen/sources_1/bd/embsys/ipshared/f811/src/sevensegment.v:194]
INFO: [Synth 8-6155] done synthesizing module 'sevensegment' (3#1) [d:/PSU_Work_and_Textbooks/ECE544/Project0_NK/Project0_NK.gen/sources_1/bd/embsys/ipshared/f811/src/sevensegment.v:35]
INFO: [Synth 8-6157] synthesizing module 'rgbpwm' [d:/PSU_Work_and_Textbooks/ECE544/Project0_NK/Project0_NK.gen/sources_1/bd/embsys/ipshared/f811/src/rgbpwm.v:62]
	Parameter RESET_POLARITY_LOW bound to: 1 - type: integer 
	Parameter PWM_DC_WIDTH bound to: 8 - type: integer 
	Parameter PWM_CH_COUNT bound to: 3 - type: integer 
	Parameter PWM_CNTR_WIDTH bound to: 9 - type: integer 
	Parameter RED_INDEX bound to: 2 - type: integer 
	Parameter GREEN_INDEX bound to: 1 - type: integer 
	Parameter BLUE_INDEX bound to: 0 - type: integer 
INFO: [Synth 8-6155] done synthesizing module 'rgbpwm' (4#1) [d:/PSU_Work_and_Textbooks/ECE544/Project0_NK/Project0_NK.gen/sources_1/bd/embsys/ipshared/f811/src/rgbpwm.v:62]
INFO: [Synth 8-6155] done synthesizing module 'nexys4io_v3_0_S00_AXI' (5#1) [d:/PSU_Work_and_Textbooks/ECE544/Project0_NK/Project0_NK.gen/sources_1/bd/embsys/ipshared/f811/hdl/nexys4io_v3_0_S00_AXI.v:4]
INFO: [Synth 8-6155] done synthesizing module 'nexys4io_v3_0' (6#1) [d:/PSU_Work_and_Textbooks/ECE544/Project0_NK/Project0_NK.gen/sources_1/bd/embsys/ipshared/f811/hdl/nexys4io_v3_0.v:4]
INFO: [Synth 8-6155] done synthesizing module 'embsys_nexys4io_0_0' (7#1) [d:/PSU_Work_and_Textbooks/ECE544/Project0_NK/Project0_NK.gen/sources_1/bd/embsys/ip/embsys_nexys4io_0_0/synth/embsys_nexys4io_0_0.v:56]
---------------------------------------------------------------------------------
Finished RTL Elaboration : Time (s): cpu = 00:00:09 ; elapsed = 00:00:09 . Memory (MB): peak = 1244.559 ; gain = 134.324
---------------------------------------------------------------------------------
---------------------------------------------------------------------------------
Start Handling Custom Attributes
---------------------------------------------------------------------------------
---------------------------------------------------------------------------------
Finished Handling Custom Attributes : Time (s): cpu = 00:00:09 ; elapsed = 00:00:10 . Memory (MB): peak = 1244.559 ; gain = 134.324
---------------------------------------------------------------------------------
---------------------------------------------------------------------------------
Finished RTL Optimization Phase 1 : Time (s): cpu = 00:00:09 ; elapsed = 00:00:10 . Memory (MB): peak = 1244.559 ; gain = 134.324
---------------------------------------------------------------------------------
Netlist sorting complete. Time (s): cpu = 00:00:01 ; elapsed = 00:00:00.044 . Memory (MB): peak = 1244.559 ; gain = 0.000
INFO: [Project 1-570] Preparing netlist for logic optimization

Processing XDC Constraints
Initializing timing engine
Completed Processing XDC Constraints

Netlist sorting complete. Time (s): cpu = 00:00:00 ; elapsed = 00:00:00 . Memory (MB): peak = 1333.023 ; gain = 0.000
INFO: [Project 1-111] Unisim Transformation Summary:
No Unisim elements were transformed.

Constraint Validation Runtime : Time (s): cpu = 00:00:00 ; elapsed = 00:00:00.072 . Memory (MB): peak = 1333.074 ; gain = 0.051
---------------------------------------------------------------------------------
Finished Constraint Validation : Time (s): cpu = 00:00:19 ; elapsed = 00:00:19 . Memory (MB): peak = 1333.074 ; gain = 222.840
---------------------------------------------------------------------------------
---------------------------------------------------------------------------------
Start Loading Part and Timing Information
---------------------------------------------------------------------------------
Loading part: xc7a100tcsg324-1
---------------------------------------------------------------------------------
Finished Loading Part and Timing Information : Time (s): cpu = 00:00:19 ; elapsed = 00:00:19 . Memory (MB): peak = 1333.074 ; gain = 222.840
---------------------------------------------------------------------------------
---------------------------------------------------------------------------------
Start Applying 'set_property' XDC Constraints
---------------------------------------------------------------------------------
---------------------------------------------------------------------------------
Finished applying 'set_property' XDC Constraints : Time (s): cpu = 00:00:19 ; elapsed = 00:00:19 . Memory (MB): peak = 1333.074 ; gain = 222.840
---------------------------------------------------------------------------------
INFO: [Synth 8-802] inferred FSM for state register 'an_reg' in module 'sevensegment'
---------------------------------------------------------------------------------------------------
                   State |                     New Encoding |                Previous Encoding 
---------------------------------------------------------------------------------------------------
                  digit1 |                              000 |                         11111110
                  digit2 |                              001 |                         11111101
                  digit3 |                              010 |                         11111011
                  digit4 |                              011 |                         11110111
                  digit5 |                              100 |                         11101111
                  digit6 |                              101 |                         11011111
                  digit7 |                              110 |                         10111111
                  digit8 |                              111 |                         01111111
---------------------------------------------------------------------------------------------------
INFO: [Synth 8-3354] encoded FSM with state register 'an_reg' using encoding 'sequential' in module 'sevensegment'
---------------------------------------------------------------------------------
Finished RTL Optimization Phase 2 : Time (s): cpu = 00:00:20 ; elapsed = 00:00:21 . Memory (MB): peak = 1333.074 ; gain = 222.840
---------------------------------------------------------------------------------
---------------------------------------------------------------------------------
Start RTL Component Statistics 
---------------------------------------------------------------------------------
Detailed RTL Component Info : 
+---Adders : 
	   2 Input   32 Bit       Adders := 2     
	   2 Input    9 Bit       Adders := 2     
+---Registers : 
	               32 Bit    Registers := 18    
	               16 Bit    Registers := 1     
	                9 Bit    Registers := 2     
	                8 Bit    Registers := 9     
	                6 Bit    Registers := 3     
	                4 Bit    Registers := 22    
	                2 Bit    Registers := 2     
	                1 Bit    Registers := 6     
+---Muxes : 
	   2 Input   32 Bit        Muxes := 17    
	  16 Input   32 Bit        Muxes := 15    
	   8 Input    8 Bit        Muxes := 2     
	   8 Input    3 Bit        Muxes := 1     
	   3 Input    1 Bit        Muxes := 22    
	   2 Input    1 Bit        Muxes := 5     
---------------------------------------------------------------------------------
Finished RTL Component Statistics 
---------------------------------------------------------------------------------
---------------------------------------------------------------------------------
Start Part Resource Summary
---------------------------------------------------------------------------------
Part Resources:
DSPs: 240 (col length:80)
BRAMs: 270 (col length: RAMB18 80 RAMB36 40)
---------------------------------------------------------------------------------
Finished Part Resource Summary
---------------------------------------------------------------------------------
---------------------------------------------------------------------------------
Start Cross Boundary and Area Optimization
---------------------------------------------------------------------------------
---------------------------------------------------------------------------------
Finished Cross Boundary and Area Optimization : Time (s): cpu = 00:00:29 ; elapsed = 00:00:30 . Memory (MB): peak = 1333.074 ; gain = 222.840
---------------------------------------------------------------------------------
---------------------------------------------------------------------------------
Start Applying XDC Timing Constraints
---------------------------------------------------------------------------------
---------------------------------------------------------------------------------
Finished Applying XDC Timing Constraints : Time (s): cpu = 00:00:38 ; elapsed = 00:00:40 . Memory (MB): peak = 1333.074 ; gain = 222.840
---------------------------------------------------------------------------------
---------------------------------------------------------------------------------
Start Timing Optimization
---------------------------------------------------------------------------------
---------------------------------------------------------------------------------
Finished Timing Optimization : Time (s): cpu = 00:00:39 ; elapsed = 00:00:40 . Memory (MB): peak = 1333.074 ; gain = 222.840
---------------------------------------------------------------------------------
---------------------------------------------------------------------------------
Start Technology Mapping
---------------------------------------------------------------------------------
---------------------------------------------------------------------------------
Finished Technology Mapping : Time (s): cpu = 00:00:39 ; elapsed = 00:00:41 . Memory (MB): peak = 1342.848 ; gain = 232.613
---------------------------------------------------------------------------------
---------------------------------------------------------------------------------
Start IO Insertion
---------------------------------------------------------------------------------
---------------------------------------------------------------------------------
Start Flattening Before IO Insertion
---------------------------------------------------------------------------------
---------------------------------------------------------------------------------
Finished Flattening Before IO Insertion
---------------------------------------------------------------------------------
---------------------------------------------------------------------------------
Start Final Netlist Cleanup
---------------------------------------------------------------------------------
---------------------------------------------------------------------------------
Finished Final Netlist Cleanup
---------------------------------------------------------------------------------
---------------------------------------------------------------------------------
Finished IO Insertion : Time (s): cpu = 00:00:47 ; elapsed = 00:00:48 . Memory (MB): peak = 1353.715 ; gain = 243.480
---------------------------------------------------------------------------------
---------------------------------------------------------------------------------
Start Renaming Generated Instances
---------------------------------------------------------------------------------
---------------------------------------------------------------------------------
Finished Renaming Generated Instances : Time (s): cpu = 00:00:47 ; elapsed = 00:00:48 . Memory (MB): peak = 1353.715 ; gain = 243.480
---------------------------------------------------------------------------------
---------------------------------------------------------------------------------
Start Rebuilding User Hierarchy
---------------------------------------------------------------------------------
---------------------------------------------------------------------------------
Finished Rebuilding User Hierarchy : Time (s): cpu = 00:00:47 ; elapsed = 00:00:48 . Memory (MB): peak = 1353.715 ; gain = 243.480
---------------------------------------------------------------------------------
---------------------------------------------------------------------------------
Start Renaming Generated Ports
---------------------------------------------------------------------------------
---------------------------------------------------------------------------------
Finished Renaming Generated Ports : Time (s): cpu = 00:00:47 ; elapsed = 00:00:48 . Memory (MB): peak = 1353.715 ; gain = 243.480
---------------------------------------------------------------------------------
---------------------------------------------------------------------------------
Start Handling Custom Attributes
---------------------------------------------------------------------------------
---------------------------------------------------------------------------------
Finished Handling Custom Attributes : Time (s): cpu = 00:00:47 ; elapsed = 00:00:48 . Memory (MB): peak = 1353.715 ; gain = 243.480
---------------------------------------------------------------------------------
---------------------------------------------------------------------------------
Start Renaming Generated Nets
---------------------------------------------------------------------------------
---------------------------------------------------------------------------------
Finished Renaming Generated Nets : Time (s): cpu = 00:00:47 ; elapsed = 00:00:48 . Memory (MB): peak = 1353.715 ; gain = 243.480
---------------------------------------------------------------------------------
---------------------------------------------------------------------------------
Start Writing Synthesis Report
---------------------------------------------------------------------------------

Report BlackBoxes: 
+-+--------------+----------+
| |BlackBox name |Instances |
+-+--------------+----------+
+-+--------------+----------+

Report Cell Usage: 
+------+-------+------+
|      |Cell   |Count |
+------+-------+------+
|1     |CARRY4 |    28|
|2     |LUT1   |    19|
|3     |LUT2   |    11|
|4     |LUT3   |    13|
|5     |LUT4   |    68|
|6     |LUT5   |   130|
|7     |LUT6   |   201|
|8     |MUXF7  |    72|
|9     |MUXF8  |    32|
|10    |FDRE   |   787|
|11    |FDSE   |     1|
+------+-------+------+
---------------------------------------------------------------------------------
Finished Writing Synthesis Report : Time (s): cpu = 00:00:47 ; elapsed = 00:00:48 . Memory (MB): peak = 1353.715 ; gain = 243.480
---------------------------------------------------------------------------------
Synthesis finished with 0 errors, 0 critical warnings and 0 warnings.
Synthesis Optimization Runtime : Time (s): cpu = 00:00:35 ; elapsed = 00:00:45 . Memory (MB): peak = 1353.715 ; gain = 154.965
Synthesis Optimization Complete : Time (s): cpu = 00:00:47 ; elapsed = 00:00:48 . Memory (MB): peak = 1353.715 ; gain = 243.480
INFO: [Project 1-571] Translating synthesized netlist
Netlist sorting complete. Time (s): cpu = 00:00:00 ; elapsed = 00:00:00.016 . Memory (MB): peak = 1365.738 ; gain = 0.000
INFO: [Netlist 29-17] Analyzing 132 Unisim elements for replacement
INFO: [Netlist 29-28] Unisim Transformation completed in 0 CPU seconds
INFO: [Project 1-570] Preparing netlist for logic optimization
INFO: [Opt 31-138] Pushed 0 inverter(s) to 0 load pin(s).
Netlist sorting complete. Time (s): cpu = 00:00:00 ; elapsed = 00:00:00.001 . Memory (MB): peak = 1365.738 ; gain = 0.000
INFO: [Project 1-111] Unisim Transformation Summary:
No Unisim elements were transformed.

INFO: [Common 17-83] Releasing license: Synthesis
58 Infos, 1 Warnings, 0 Critical Warnings and 0 Errors encountered.
synth_design completed successfully
synth_design: Time (s): cpu = 00:00:54 ; elapsed = 00:00:57 . Memory (MB): peak = 1365.738 ; gain = 255.504
INFO: [Common 17-1381] The checkpoint 'D:/PSU_Work_and_Textbooks/ECE544/Project0_NK/Project0_NK.runs/embsys_nexys4io_0_0_synth_1/embsys_nexys4io_0_0.dcp' has been generated.
WARNING: [Common 17-576] 'use_project_ipc' is deprecated. This option is deprecated and no longer used.
INFO: [Coretcl 2-1648] Added synthesis output to IP cache for IP embsys_nexys4io_0_0, cache-ID = 2b8817419e6e36ec
INFO: [Coretcl 2-1174] Renamed 14 cell refs.
INFO: [Common 17-1381] The checkpoint 'D:/PSU_Work_and_Textbooks/ECE544/Project0_NK/Project0_NK.runs/embsys_nexys4io_0_0_synth_1/embsys_nexys4io_0_0.dcp' has been generated.
INFO: [runtcl-4] Executing : report_utilization -file embsys_nexys4io_0_0_utilization_synth.rpt -pb embsys_nexys4io_0_0_utilization_synth.pb
INFO: [Common 17-206] Exiting Vivado at Sun Apr 10 03:16:46 2022...

*** Running vivado
    with args -log embsys_nexys4io_0_0.vds -m64 -product Vivado -mode batch -messageDb vivado.pb -notrace -source embsys_nexys4io_0_0.tcl



****** Vivado v2020.2 (64-bit)
  **** SW Build 3064766 on Wed Nov 18 09:12:45 MST 2020
  **** IP Build 3064653 on Wed Nov 18 14:17:31 MST 2020
    ** Copyright 1986-2020 Xilinx, Inc. All Rights Reserved.

source embsys_nexys4io_0_0.tcl -notrace
INFO: [IP_Flow 19-234] Refreshing IP repositories
INFO: [IP_Flow 19-1700] Loaded user IP repository 'd:/PSU_Work_and_Textbooks/ECE544/ECE544_ProjFinal/ECE-544-final-project/ece544ip_v2021'.
INFO: [IP_Flow 19-1700] Loaded user IP repository 'd:/PSU_Work_and_Textbooks/ECE544/ECE544_ProjFinal/ECE-544-final-project/vivado-library-v2019.1-1'.
INFO: [IP_Flow 19-2313] Loaded Vivado IP repository 'C:/Xilinx/Vivado/2020.2/data/ip'.
WARNING: [IP_Flow 19-4995] The host OS only allows 260 characters in a normal path. The IP cache path is more than 80 characters. If you experience issues with IP caching, please consider changing the IP cache to a location with a shorter path. Alternately consider using the OS subst command to map part of the path to a drive letter. 
Current IP cache path is d:/PSU_Work_and_Textbooks/ECE544/ECE544_ProjFinal/Light_Motor_Vivado/Light_Motor_Vivado.cache/ip 
Command: synth_design -top embsys_nexys4io_0_0 -part xc7a100tcsg324-1 -mode out_of_context
Starting synth_design
Attempting to get a license for feature 'Synthesis' and/or device 'xc7a100t'
INFO: [Common 17-349] Got license for feature 'Synthesis' and/or device 'xc7a100t'
INFO: [Device 21-403] Loading part xc7a100tcsg324-1
INFO: [Synth 8-7079] Multithreading enabled for synth_design using a maximum of 2 processes.
INFO: [Synth 8-7078] Launching helper process for spawning children vivado processes
INFO: [Synth 8-7075] Helper process launched with PID 23916
WARNING: [Synth 8-6901] identifier 'btnsw_in' is used before its declaration [d:/PSU_Work_and_Textbooks/ECE544/ECE544_ProjFinal/Light_Motor_Vivado/Light_Motor_Vivado.gen/sources_1/bd/embsys/ipshared/f811/hdl/nexys4io_v3_0_S00_AXI.v:512]
---------------------------------------------------------------------------------
Starting RTL Elaboration : Time (s): cpu = 00:00:09 ; elapsed = 00:00:09 . Memory (MB): peak = 1172.242 ; gain = 32.801
---------------------------------------------------------------------------------
INFO: [Synth 8-6157] synthesizing module 'embsys_nexys4io_0_0' [d:/PSU_Work_and_Textbooks/ECE544/ECE544_ProjFinal/Light_Motor_Vivado/Light_Motor_Vivado.gen/sources_1/bd/embsys/ip/embsys_nexys4io_0_0/synth/embsys_nexys4io_0_0.v:56]
INFO: [Synth 8-6157] synthesizing module 'nexys4io_v3_0' [d:/PSU_Work_and_Textbooks/ECE544/ECE544_ProjFinal/Light_Motor_Vivado/Light_Motor_Vivado.gen/sources_1/bd/embsys/ipshared/f811/hdl/nexys4io_v3_0.v:4]
	Parameter SIMULATE bound to: 0 - type: integer 
	Parameter C_S00_AXI_DATA_WIDTH bound to: 32 - type: integer 
	Parameter C_S00_AXI_ADDR_WIDTH bound to: 6 - type: integer 
INFO: [Synth 8-6157] synthesizing module 'nexys4io_v3_0_S00_AXI' [d:/PSU_Work_and_Textbooks/ECE544/ECE544_ProjFinal/Light_Motor_Vivado/Light_Motor_Vivado.gen/sources_1/bd/embsys/ipshared/f811/hdl/nexys4io_v3_0_S00_AXI.v:4]
	Parameter SIMULATE bound to: 0 - type: integer 
	Parameter C_S_AXI_DATA_WIDTH bound to: 32 - type: integer 
	Parameter C_S_AXI_ADDR_WIDTH bound to: 6 - type: integer 
	Parameter ADDR_LSB bound to: 2 - type: integer 
	Parameter OPT_MEM_ADDR_BITS bound to: 3 - type: integer 
INFO: [Synth 8-226] default block is never used [d:/PSU_Work_and_Textbooks/ECE544/ECE544_ProjFinal/Light_Motor_Vivado/Light_Motor_Vivado.gen/sources_1/bd/embsys/ipshared/f811/hdl/nexys4io_v3_0_S00_AXI.v:273]
INFO: [Synth 8-226] default block is never used [d:/PSU_Work_and_Textbooks/ECE544/ECE544_ProjFinal/Light_Motor_Vivado/Light_Motor_Vivado.gen/sources_1/bd/embsys/ipshared/f811/hdl/nexys4io_v3_0_S00_AXI.v:510]
INFO: [Synth 8-6157] synthesizing module 'debounce' [d:/PSU_Work_and_Textbooks/ECE544/ECE544_ProjFinal/Light_Motor_Vivado/Light_Motor_Vivado.gen/sources_1/bd/embsys/ipshared/f811/src/debounce.v:24]
	Parameter CLK_FREQUENCY_HZ bound to: 100000000 - type: integer 
	Parameter DEBOUNCE_FREQUENCY_HZ bound to: 250 - type: integer 
	Parameter RESET_POLARITY_LOW bound to: 1 - type: integer 
	Parameter CNTR_WIDTH bound to: 32 - type: integer 
	Parameter SIMULATE bound to: 0 - type: integer 
	Parameter SIMULATE_FREQUENCY_CNT bound to: 5 - type: integer 
	Parameter pb0_in bound to: 4'b0001 
INFO: [Synth 8-155] case statement is not full and has no default [d:/PSU_Work_and_Textbooks/ECE544/ECE544_ProjFinal/Light_Motor_Vivado/Light_Motor_Vivado.gen/sources_1/bd/embsys/ipshared/f811/src/debounce.v:102]
INFO: [Synth 8-155] case statement is not full and has no default [d:/PSU_Work_and_Textbooks/ECE544/ECE544_ProjFinal/Light_Motor_Vivado/Light_Motor_Vivado.gen/sources_1/bd/embsys/ipshared/f811/src/debounce.v:103]
INFO: [Synth 8-155] case statement is not full and has no default [d:/PSU_Work_and_Textbooks/ECE544/ECE544_ProjFinal/Light_Motor_Vivado/Light_Motor_Vivado.gen/sources_1/bd/embsys/ipshared/f811/src/debounce.v:104]
INFO: [Synth 8-155] case statement is not full and has no default [d:/PSU_Work_and_Textbooks/ECE544/ECE544_ProjFinal/Light_Motor_Vivado/Light_Motor_Vivado.gen/sources_1/bd/embsys/ipshared/f811/src/debounce.v:105]
INFO: [Synth 8-155] case statement is not full and has no default [d:/PSU_Work_and_Textbooks/ECE544/ECE544_ProjFinal/Light_Motor_Vivado/Light_Motor_Vivado.gen/sources_1/bd/embsys/ipshared/f811/src/debounce.v:106]
INFO: [Synth 8-155] case statement is not full and has no default [d:/PSU_Work_and_Textbooks/ECE544/ECE544_ProjFinal/Light_Motor_Vivado/Light_Motor_Vivado.gen/sources_1/bd/embsys/ipshared/f811/src/debounce.v:107]
INFO: [Synth 8-155] case statement is not full and has no default [d:/PSU_Work_and_Textbooks/ECE544/ECE544_ProjFinal/Light_Motor_Vivado/Light_Motor_Vivado.gen/sources_1/bd/embsys/ipshared/f811/src/debounce.v:110]
INFO: [Synth 8-155] case statement is not full and has no default [d:/PSU_Work_and_Textbooks/ECE544/ECE544_ProjFinal/Light_Motor_Vivado/Light_Motor_Vivado.gen/sources_1/bd/embsys/ipshared/f811/src/debounce.v:111]
INFO: [Synth 8-155] case statement is not full and has no default [d:/PSU_Work_and_Textbooks/ECE544/ECE544_ProjFinal/Light_Motor_Vivado/Light_Motor_Vivado.gen/sources_1/bd/embsys/ipshared/f811/src/debounce.v:112]
INFO: [Synth 8-155] case statement is not full and has no default [d:/PSU_Work_and_Textbooks/ECE544/ECE544_ProjFinal/Light_Motor_Vivado/Light_Motor_Vivado.gen/sources_1/bd/embsys/ipshared/f811/src/debounce.v:113]
INFO: [Synth 8-155] case statement is not full and has no default [d:/PSU_Work_and_Textbooks/ECE544/ECE544_ProjFinal/Light_Motor_Vivado/Light_Motor_Vivado.gen/sources_1/bd/embsys/ipshared/f811/src/debounce.v:114]
INFO: [Synth 8-155] case statement is not full and has no default [d:/PSU_Work_and_Textbooks/ECE544/ECE544_ProjFinal/Light_Motor_Vivado/Light_Motor_Vivado.gen/sources_1/bd/embsys/ipshared/f811/src/debounce.v:115]
INFO: [Synth 8-155] case statement is not full and has no default [d:/PSU_Work_and_Textbooks/ECE544/ECE544_ProjFinal/Light_Motor_Vivado/Light_Motor_Vivado.gen/sources_1/bd/embsys/ipshared/f811/src/debounce.v:116]
INFO: [Synth 8-155] case statement is not full and has no default [d:/PSU_Work_and_Textbooks/ECE544/ECE544_ProjFinal/Light_Motor_Vivado/Light_Motor_Vivado.gen/sources_1/bd/embsys/ipshared/f811/src/debounce.v:117]
INFO: [Synth 8-155] case statement is not full and has no default [d:/PSU_Work_and_Textbooks/ECE544/ECE544_ProjFinal/Light_Motor_Vivado/Light_Motor_Vivado.gen/sources_1/bd/embsys/ipshared/f811/src/debounce.v:118]
INFO: [Synth 8-155] case statement is not full and has no default [d:/PSU_Work_and_Textbooks/ECE544/ECE544_ProjFinal/Light_Motor_Vivado/Light_Motor_Vivado.gen/sources_1/bd/embsys/ipshared/f811/src/debounce.v:119]
INFO: [Synth 8-155] case statement is not full and has no default [d:/PSU_Work_and_Textbooks/ECE544/ECE544_ProjFinal/Light_Motor_Vivado/Light_Motor_Vivado.gen/sources_1/bd/embsys/ipshared/f811/src/debounce.v:120]
INFO: [Synth 8-155] case statement is not full and has no default [d:/PSU_Work_and_Textbooks/ECE544/ECE544_ProjFinal/Light_Motor_Vivado/Light_Motor_Vivado.gen/sources_1/bd/embsys/ipshared/f811/src/debounce.v:121]
INFO: [Synth 8-155] case statement is not full and has no default [d:/PSU_Work_and_Textbooks/ECE544/ECE544_ProjFinal/Light_Motor_Vivado/Light_Motor_Vivado.gen/sources_1/bd/embsys/ipshared/f811/src/debounce.v:122]
INFO: [Synth 8-155] case statement is not full and has no default [d:/PSU_Work_and_Textbooks/ECE544/ECE544_ProjFinal/Light_Motor_Vivado/Light_Motor_Vivado.gen/sources_1/bd/embsys/ipshared/f811/src/debounce.v:123]
INFO: [Synth 8-155] case statement is not full and has no default [d:/PSU_Work_and_Textbooks/ECE544/ECE544_ProjFinal/Light_Motor_Vivado/Light_Motor_Vivado.gen/sources_1/bd/embsys/ipshared/f811/src/debounce.v:124]
INFO: [Synth 8-155] case statement is not full and has no default [d:/PSU_Work_and_Textbooks/ECE544/ECE544_ProjFinal/Light_Motor_Vivado/Light_Motor_Vivado.gen/sources_1/bd/embsys/ipshared/f811/src/debounce.v:125]
INFO: [Synth 8-6155] done synthesizing module 'debounce' (1#1) [d:/PSU_Work_and_Textbooks/ECE544/ECE544_ProjFinal/Light_Motor_Vivado/Light_Motor_Vivado.gen/sources_1/bd/embsys/ipshared/f811/src/debounce.v:24]
INFO: [Synth 8-6157] synthesizing module 'sevensegment' [d:/PSU_Work_and_Textbooks/ECE544/ECE544_ProjFinal/Light_Motor_Vivado/Light_Motor_Vivado.gen/sources_1/bd/embsys/ipshared/f811/src/sevensegment.v:35]
	Parameter CLK_FREQUENCY_HZ bound to: 100000000 - type: integer 
	Parameter REFRESH_FREQUENCY_HZ bound to: 500 - type: integer 
	Parameter RESET_POLARITY_LOW bound to: 1 - type: integer 
	Parameter CNTR_WIDTH bound to: 32 - type: integer 
	Parameter SIMULATE bound to: 0 - type: integer 
	Parameter SIMULATE_FREQUENCY_CNT bound to: 5 - type: integer 
	Parameter digit1 bound to: 8'b11111110 
	Parameter digit2 bound to: 8'b11111101 
	Parameter digit3 bound to: 8'b11111011 
	Parameter digit4 bound to: 8'b11110111 
	Parameter digit5 bound to: 8'b11101111 
	Parameter digit6 bound to: 8'b11011111 
	Parameter digit7 bound to: 8'b10111111 
	Parameter digit8 bound to: 8'b01111111 
INFO: [Synth 8-6157] synthesizing module 'Digit' [d:/PSU_Work_and_Textbooks/ECE544/ECE544_ProjFinal/Light_Motor_Vivado/Light_Motor_Vivado.gen/sources_1/bd/embsys/ipshared/f811/src/sevensegment.v:194]
	Parameter zero bound to: 7'b1000000 
	Parameter one bound to: 7'b1111001 
	Parameter two bound to: 7'b0100100 
	Parameter three bound to: 7'b0110000 
	Parameter four bound to: 7'b0011001 
	Parameter five bound to: 7'b0010010 
	Parameter six bound to: 7'b0000010 
	Parameter seven bound to: 7'b1111000 
	Parameter eight bound to: 7'b0000000 
	Parameter nine bound to: 7'b0010000 
	Parameter A bound to: 7'b0001000 
	Parameter B bound to: 7'b0000011 
	Parameter C bound to: 7'b1000110 
	Parameter D bound to: 7'b0100001 
	Parameter E bound to: 7'b0000110 
	Parameter F bound to: 7'b0001110 
	Parameter seg_a bound to: 7'b1111110 
	Parameter seg_b bound to: 7'b1111101 
	Parameter seg_c bound to: 7'b1111011 
	Parameter seg_d bound to: 7'b1110111 
	Parameter seg_e bound to: 7'b1101111 
	Parameter seg_f bound to: 7'b1011111 
	Parameter seg_g bound to: 7'b0111111 
	Parameter upH bound to: 7'b0001001 
	Parameter upL bound to: 7'b1000111 
	Parameter upR bound to: 7'b0001000 
	Parameter lol bound to: 7'b1001111 
	Parameter lor bound to: 7'b0101111 
	Parameter loy bound to: 7'b0010001 
	Parameter blank bound to: 7'b1111111 
INFO: [Synth 8-6155] done synthesizing module 'Digit' (2#1) [d:/PSU_Work_and_Textbooks/ECE544/ECE544_ProjFinal/Light_Motor_Vivado/Light_Motor_Vivado.gen/sources_1/bd/embsys/ipshared/f811/src/sevensegment.v:194]
INFO: [Synth 8-6155] done synthesizing module 'sevensegment' (3#1) [d:/PSU_Work_and_Textbooks/ECE544/ECE544_ProjFinal/Light_Motor_Vivado/Light_Motor_Vivado.gen/sources_1/bd/embsys/ipshared/f811/src/sevensegment.v:35]
INFO: [Synth 8-6157] synthesizing module 'rgbpwm' [d:/PSU_Work_and_Textbooks/ECE544/ECE544_ProjFinal/Light_Motor_Vivado/Light_Motor_Vivado.gen/sources_1/bd/embsys/ipshared/f811/src/rgbpwm.v:62]
	Parameter RESET_POLARITY_LOW bound to: 1 - type: integer 
	Parameter PWM_DC_WIDTH bound to: 8 - type: integer 
	Parameter PWM_CH_COUNT bound to: 3 - type: integer 
	Parameter PWM_CNTR_WIDTH bound to: 9 - type: integer 
	Parameter RED_INDEX bound to: 2 - type: integer 
	Parameter GREEN_INDEX bound to: 1 - type: integer 
	Parameter BLUE_INDEX bound to: 0 - type: integer 
INFO: [Synth 8-6155] done synthesizing module 'rgbpwm' (4#1) [d:/PSU_Work_and_Textbooks/ECE544/ECE544_ProjFinal/Light_Motor_Vivado/Light_Motor_Vivado.gen/sources_1/bd/embsys/ipshared/f811/src/rgbpwm.v:62]
INFO: [Synth 8-6155] done synthesizing module 'nexys4io_v3_0_S00_AXI' (5#1) [d:/PSU_Work_and_Textbooks/ECE544/ECE544_ProjFinal/Light_Motor_Vivado/Light_Motor_Vivado.gen/sources_1/bd/embsys/ipshared/f811/hdl/nexys4io_v3_0_S00_AXI.v:4]
INFO: [Synth 8-6155] done synthesizing module 'nexys4io_v3_0' (6#1) [d:/PSU_Work_and_Textbooks/ECE544/ECE544_ProjFinal/Light_Motor_Vivado/Light_Motor_Vivado.gen/sources_1/bd/embsys/ipshared/f811/hdl/nexys4io_v3_0.v:4]
INFO: [Synth 8-6155] done synthesizing module 'embsys_nexys4io_0_0' (7#1) [d:/PSU_Work_and_Textbooks/ECE544/ECE544_ProjFinal/Light_Motor_Vivado/Light_Motor_Vivado.gen/sources_1/bd/embsys/ip/embsys_nexys4io_0_0/synth/embsys_nexys4io_0_0.v:56]
---------------------------------------------------------------------------------
Finished RTL Elaboration : Time (s): cpu = 00:00:11 ; elapsed = 00:00:11 . Memory (MB): peak = 1245.355 ; gain = 105.914
---------------------------------------------------------------------------------
---------------------------------------------------------------------------------
Start Handling Custom Attributes
---------------------------------------------------------------------------------
---------------------------------------------------------------------------------
Finished Handling Custom Attributes : Time (s): cpu = 00:00:11 ; elapsed = 00:00:12 . Memory (MB): peak = 1245.355 ; gain = 105.914
---------------------------------------------------------------------------------
---------------------------------------------------------------------------------
Finished RTL Optimization Phase 1 : Time (s): cpu = 00:00:11 ; elapsed = 00:00:12 . Memory (MB): peak = 1245.355 ; gain = 105.914
---------------------------------------------------------------------------------
Netlist sorting complete. Time (s): cpu = 00:00:00 ; elapsed = 00:00:00.033 . Memory (MB): peak = 1245.355 ; gain = 0.000
INFO: [Project 1-570] Preparing netlist for logic optimization

Processing XDC Constraints
Initializing timing engine
Completed Processing XDC Constraints

Netlist sorting complete. Time (s): cpu = 00:00:00 ; elapsed = 00:00:00 . Memory (MB): peak = 1331.520 ; gain = 0.000
INFO: [Project 1-111] Unisim Transformation Summary:
No Unisim elements were transformed.

Constraint Validation Runtime : Time (s): cpu = 00:00:00 ; elapsed = 00:00:00.069 . Memory (MB): peak = 1331.594 ; gain = 0.074
---------------------------------------------------------------------------------
Finished Constraint Validation : Time (s): cpu = 00:00:20 ; elapsed = 00:00:21 . Memory (MB): peak = 1331.594 ; gain = 192.152
---------------------------------------------------------------------------------
---------------------------------------------------------------------------------
Start Loading Part and Timing Information
---------------------------------------------------------------------------------
Loading part: xc7a100tcsg324-1
---------------------------------------------------------------------------------
Finished Loading Part and Timing Information : Time (s): cpu = 00:00:20 ; elapsed = 00:00:21 . Memory (MB): peak = 1331.594 ; gain = 192.152
---------------------------------------------------------------------------------
---------------------------------------------------------------------------------
Start Applying 'set_property' XDC Constraints
---------------------------------------------------------------------------------
---------------------------------------------------------------------------------
Finished applying 'set_property' XDC Constraints : Time (s): cpu = 00:00:20 ; elapsed = 00:00:21 . Memory (MB): peak = 1331.594 ; gain = 192.152
---------------------------------------------------------------------------------
INFO: [Synth 8-802] inferred FSM for state register 'an_reg' in module 'sevensegment'
---------------------------------------------------------------------------------------------------
                   State |                     New Encoding |                Previous Encoding 
---------------------------------------------------------------------------------------------------
                  digit1 |                              000 |                         11111110
                  digit2 |                              001 |                         11111101
                  digit3 |                              010 |                         11111011
                  digit4 |                              011 |                         11110111
                  digit5 |                              100 |                         11101111
                  digit6 |                              101 |                         11011111
                  digit7 |                              110 |                         10111111
                  digit8 |                              111 |                         01111111
---------------------------------------------------------------------------------------------------
INFO: [Synth 8-3354] encoded FSM with state register 'an_reg' using encoding 'sequential' in module 'sevensegment'
---------------------------------------------------------------------------------
Finished RTL Optimization Phase 2 : Time (s): cpu = 00:00:21 ; elapsed = 00:00:22 . Memory (MB): peak = 1331.594 ; gain = 192.152
---------------------------------------------------------------------------------
---------------------------------------------------------------------------------
Start RTL Component Statistics 
---------------------------------------------------------------------------------
Detailed RTL Component Info : 
+---Adders : 
	   2 Input   32 Bit       Adders := 2     
	   2 Input    9 Bit       Adders := 2     
+---Registers : 
	               32 Bit    Registers := 18    
	               16 Bit    Registers := 1     
	                9 Bit    Registers := 2     
	                8 Bit    Registers := 9     
	                6 Bit    Registers := 3     
	                4 Bit    Registers := 22    
	                2 Bit    Registers := 2     
	                1 Bit    Registers := 6     
+---Muxes : 
	   2 Input   32 Bit        Muxes := 17    
	  16 Input   32 Bit        Muxes := 15    
	   8 Input    8 Bit        Muxes := 2     
	   8 Input    3 Bit        Muxes := 1     
	   3 Input    1 Bit        Muxes := 22    
	   2 Input    1 Bit        Muxes := 5     
---------------------------------------------------------------------------------
Finished RTL Component Statistics 
---------------------------------------------------------------------------------
---------------------------------------------------------------------------------
Start Part Resource Summary
---------------------------------------------------------------------------------
Part Resources:
DSPs: 240 (col length:80)
BRAMs: 270 (col length: RAMB18 80 RAMB36 40)
---------------------------------------------------------------------------------
Finished Part Resource Summary
---------------------------------------------------------------------------------
---------------------------------------------------------------------------------
Start Cross Boundary and Area Optimization
---------------------------------------------------------------------------------
---------------------------------------------------------------------------------
Finished Cross Boundary and Area Optimization : Time (s): cpu = 00:00:30 ; elapsed = 00:00:30 . Memory (MB): peak = 1331.594 ; gain = 192.152
---------------------------------------------------------------------------------
---------------------------------------------------------------------------------
Start Applying XDC Timing Constraints
---------------------------------------------------------------------------------
---------------------------------------------------------------------------------
Finished Applying XDC Timing Constraints : Time (s): cpu = 00:00:36 ; elapsed = 00:00:37 . Memory (MB): peak = 1331.594 ; gain = 192.152
---------------------------------------------------------------------------------
---------------------------------------------------------------------------------
Start Timing Optimization
---------------------------------------------------------------------------------
---------------------------------------------------------------------------------
Finished Timing Optimization : Time (s): cpu = 00:00:37 ; elapsed = 00:00:37 . Memory (MB): peak = 1331.594 ; gain = 192.152
---------------------------------------------------------------------------------
---------------------------------------------------------------------------------
Start Technology Mapping
---------------------------------------------------------------------------------
---------------------------------------------------------------------------------
Finished Technology Mapping : Time (s): cpu = 00:00:37 ; elapsed = 00:00:38 . Memory (MB): peak = 1341.746 ; gain = 202.305
---------------------------------------------------------------------------------
---------------------------------------------------------------------------------
Start IO Insertion
---------------------------------------------------------------------------------
---------------------------------------------------------------------------------
Start Flattening Before IO Insertion
---------------------------------------------------------------------------------
---------------------------------------------------------------------------------
Finished Flattening Before IO Insertion
---------------------------------------------------------------------------------
---------------------------------------------------------------------------------
Start Final Netlist Cleanup
---------------------------------------------------------------------------------
---------------------------------------------------------------------------------
Finished Final Netlist Cleanup
---------------------------------------------------------------------------------
---------------------------------------------------------------------------------
Finished IO Insertion : Time (s): cpu = 00:00:40 ; elapsed = 00:00:40 . Memory (MB): peak = 1352.750 ; gain = 213.309
---------------------------------------------------------------------------------
---------------------------------------------------------------------------------
Start Renaming Generated Instances
---------------------------------------------------------------------------------
---------------------------------------------------------------------------------
Finished Renaming Generated Instances : Time (s): cpu = 00:00:40 ; elapsed = 00:00:40 . Memory (MB): peak = 1352.750 ; gain = 213.309
---------------------------------------------------------------------------------
---------------------------------------------------------------------------------
Start Rebuilding User Hierarchy
---------------------------------------------------------------------------------
---------------------------------------------------------------------------------
Finished Rebuilding User Hierarchy : Time (s): cpu = 00:00:40 ; elapsed = 00:00:40 . Memory (MB): peak = 1352.750 ; gain = 213.309
---------------------------------------------------------------------------------
---------------------------------------------------------------------------------
Start Renaming Generated Ports
---------------------------------------------------------------------------------
---------------------------------------------------------------------------------
Finished Renaming Generated Ports : Time (s): cpu = 00:00:40 ; elapsed = 00:00:40 . Memory (MB): peak = 1352.750 ; gain = 213.309
---------------------------------------------------------------------------------
---------------------------------------------------------------------------------
Start Handling Custom Attributes
---------------------------------------------------------------------------------
---------------------------------------------------------------------------------
Finished Handling Custom Attributes : Time (s): cpu = 00:00:40 ; elapsed = 00:00:40 . Memory (MB): peak = 1352.750 ; gain = 213.309
---------------------------------------------------------------------------------
---------------------------------------------------------------------------------
Start Renaming Generated Nets
---------------------------------------------------------------------------------
---------------------------------------------------------------------------------
Finished Renaming Generated Nets : Time (s): cpu = 00:00:40 ; elapsed = 00:00:40 . Memory (MB): peak = 1352.750 ; gain = 213.309
---------------------------------------------------------------------------------
---------------------------------------------------------------------------------
Start Writing Synthesis Report
---------------------------------------------------------------------------------

Report BlackBoxes: 
+-+--------------+----------+
| |BlackBox name |Instances |
+-+--------------+----------+
+-+--------------+----------+

Report Cell Usage: 
+------+-------+------+
|      |Cell   |Count |
+------+-------+------+
|1     |CARRY4 |    28|
|2     |LUT1   |    19|
|3     |LUT2   |    11|
|4     |LUT3   |    13|
|5     |LUT4   |    68|
|6     |LUT5   |   130|
|7     |LUT6   |   201|
|8     |MUXF7  |    72|
|9     |MUXF8  |    32|
|10    |FDRE   |   787|
|11    |FDSE   |     1|
+------+-------+------+
---------------------------------------------------------------------------------
Finished Writing Synthesis Report : Time (s): cpu = 00:00:40 ; elapsed = 00:00:40 . Memory (MB): peak = 1352.750 ; gain = 213.309
---------------------------------------------------------------------------------
Synthesis finished with 0 errors, 0 critical warnings and 0 warnings.
Synthesis Optimization Runtime : Time (s): cpu = 00:00:26 ; elapsed = 00:00:38 . Memory (MB): peak = 1352.750 ; gain = 127.070
Synthesis Optimization Complete : Time (s): cpu = 00:00:40 ; elapsed = 00:00:40 . Memory (MB): peak = 1352.750 ; gain = 213.309
INFO: [Project 1-571] Translating synthesized netlist
Netlist sorting complete. Time (s): cpu = 00:00:00 ; elapsed = 00:00:00.012 . Memory (MB): peak = 1364.852 ; gain = 0.000
INFO: [Netlist 29-17] Analyzing 132 Unisim elements for replacement
INFO: [Netlist 29-28] Unisim Transformation completed in 0 CPU seconds
INFO: [Project 1-570] Preparing netlist for logic optimization
INFO: [Opt 31-138] Pushed 0 inverter(s) to 0 load pin(s).
Netlist sorting complete. Time (s): cpu = 00:00:00 ; elapsed = 00:00:00 . Memory (MB): peak = 1364.852 ; gain = 0.000
INFO: [Project 1-111] Unisim Transformation Summary:
No Unisim elements were transformed.

INFO: [Common 17-83] Releasing license: Synthesis
58 Infos, 2 Warnings, 0 Critical Warnings and 0 Errors encountered.
synth_design completed successfully
synth_design: Time (s): cpu = 00:00:46 ; elapsed = 00:00:48 . Memory (MB): peak = 1364.852 ; gain = 225.410
INFO: [Common 17-1381] The checkpoint 'D:/PSU_Work_and_Textbooks/ECE544/ECE544_ProjFinal/Light_Motor_Vivado/Light_Motor_Vivado.runs/embsys_nexys4io_0_0_synth_1/embsys_nexys4io_0_0.dcp' has been generated.
WARNING: [Common 17-576] 'use_project_ipc' is deprecated. This option is deprecated and no longer used.
INFO: [Coretcl 2-1648] Added synthesis output to IP cache for IP embsys_nexys4io_0_0, cache-ID = 2b8817419e6e36ec
INFO: [Coretcl 2-1174] Renamed 14 cell refs.
INFO: [Common 17-1381] The checkpoint 'D:/PSU_Work_and_Textbooks/ECE544/ECE544_ProjFinal/Light_Motor_Vivado/Light_Motor_Vivado.runs/embsys_nexys4io_0_0_synth_1/embsys_nexys4io_0_0.dcp' has been generated.
INFO: [runtcl-4] Executing : report_utilization -file embsys_nexys4io_0_0_utilization_synth.rpt -pb embsys_nexys4io_0_0_utilization_synth.pb
INFO: [Common 17-206] Exiting Vivado at Fri Jun  3 07:03:22 2022...
