
*** Running vivado
    with args -log embsys_ilmb_v10_0.vds -m64 -product Vivado -mode batch -messageDb vivado.pb -notrace -source embsys_ilmb_v10_0.tcl



****** Vivado v2020.2 (64-bit)
  **** SW Build 3064766 on Wed Nov 18 09:12:45 MST 2020
  **** IP Build 3064653 on Wed Nov 18 14:17:31 MST 2020
    ** Copyright 1986-2020 Xilinx, Inc. All Rights Reserved.

source embsys_ilmb_v10_0.tcl -notrace
INFO: [IP_Flow 19-234] Refreshing IP repositories
INFO: [IP_Flow 19-1700] Loaded user IP repository 'd:/PSU_Work_and_Textbooks/ECE544/Project0_NK/ece544ip_v2021'.
INFO: [IP_Flow 19-1700] Loaded user IP repository 'd:/PSU_Work_and_Textbooks/ECE544/Project0_NK/vivado-library-v2019.1-1'.
INFO: [IP_Flow 19-2313] Loaded Vivado IP repository 'C:/Xilinx/Vivado/2020.2/data/ip'.
INFO: [IP_Flow 19-4838] Using cached IP synthesis design for IP embsys_ilmb_v10_0, cache-ID = d7a33dfe5ed5e650.
INFO: [Common 17-206] Exiting Vivado at Sun Apr 10 03:16:45 2022...

*** Running vivado
    with args -log embsys_ilmb_v10_0.vds -m64 -product Vivado -mode batch -messageDb vivado.pb -notrace -source embsys_ilmb_v10_0.tcl



****** Vivado v2020.2 (64-bit)
  **** SW Build 3064766 on Wed Nov 18 09:12:45 MST 2020
  **** IP Build 3064653 on Wed Nov 18 14:17:31 MST 2020
    ** Copyright 1986-2020 Xilinx, Inc. All Rights Reserved.

source embsys_ilmb_v10_0.tcl -notrace
INFO: [IP_Flow 19-234] Refreshing IP repositories
INFO: [IP_Flow 19-1700] Loaded user IP repository 'd:/PSU_Work_and_Textbooks/ECE544/ECE544_ProjFinal/ECE-544-final-project/ece544ip_v2021'.
INFO: [IP_Flow 19-1700] Loaded user IP repository 'd:/PSU_Work_and_Textbooks/ECE544/ECE544_ProjFinal/ECE-544-final-project/vivado-library-v2019.1-1'.
INFO: [IP_Flow 19-2313] Loaded Vivado IP repository 'C:/Xilinx/Vivado/2020.2/data/ip'.
WARNING: [IP_Flow 19-4995] The host OS only allows 260 characters in a normal path. The IP cache path is more than 80 characters. If you experience issues with IP caching, please consider changing the IP cache to a location with a shorter path. Alternately consider using the OS subst command to map part of the path to a drive letter. 
Current IP cache path is d:/PSU_Work_and_Textbooks/ECE544/ECE544_ProjFinal/Light_Motor_Vivado/Light_Motor_Vivado.cache/ip 
INFO: [IP_Flow 19-4838] Using cached IP synthesis design for IP embsys_ilmb_v10_0, cache-ID = d7a33dfe5ed5e650.
INFO: [Common 17-206] Exiting Vivado at Fri Jun  3 07:03:33 2022...
