
*** Running vivado
    with args -log embsys_rst_clk_wiz_1_100M_0.vds -m64 -product Vivado -mode batch -messageDb vivado.pb -notrace -source embsys_rst_clk_wiz_1_100M_0.tcl



****** Vivado v2020.2 (64-bit)
  **** SW Build 3064766 on Wed Nov 18 09:12:45 MST 2020
  **** IP Build 3064653 on Wed Nov 18 14:17:31 MST 2020
    ** Copyright 1986-2020 Xilinx, Inc. All Rights Reserved.

source embsys_rst_clk_wiz_1_100M_0.tcl -notrace
INFO: [IP_Flow 19-234] Refreshing IP repositories
WARNING: [IP_Flow 19-2248] Failed to load user IP repository 'd:/PSU_Work_and_Textbooks/ECE544/ECE544_Proj1_NK/ip_repo/PWM_Analyzer_NK_1.0'; Can't find the specified path.
If this directory should no longer be in your list of user repositories, go to the IP Settings dialog and remove it.
WARNING: [IP_Flow 19-2207] Repository 'd:/PSU_Work_and_Textbooks/ECE544/ECE544_Proj1_NK/ip_repo/PWM_Analyzer_NK_1.0' already exists; ignoring attempt to add it again.
WARNING: [IP_Flow 19-2248] Failed to load user IP repository 'd:/PSU_Work_and_Textbooks/ECE544/ECE544_Proj1_NK/ip_repo/PWM_Analyzer_NK_1.0'; Can't find the specified path.
If this directory should no longer be in your list of user repositories, go to the IP Settings dialog and remove it.
INFO: [IP_Flow 19-1700] Loaded user IP repository 'd:/PSU_Work_and_Textbooks/ECE544/Project0_NK/ece544ip_v2021'.
INFO: [IP_Flow 19-1700] Loaded user IP repository 'd:/PSU_Work_and_Textbooks/ECE544/Project0_NK/vivado-library-v2019.1-1'.
INFO: [IP_Flow 19-2313] Loaded Vivado IP repository 'C:/Xilinx/Vivado/2020.2/data/ip'.
WARNING: [IP_Flow 19-4995] The host OS only allows 260 characters in a normal path. The IP cache path is more than 80 characters. If you experience issues with IP caching, please consider changing the IP cache to a location with a shorter path. Alternately consider using the OS subst command to map part of the path to a drive letter. 
Current IP cache path is d:/PSU_Work_and_Textbooks/ECE544/ECE544_Proj3/project-3-abhijeetp_neimak/MotorControlVivado/MotorControlVivado.cache/ip 
Command: synth_design -top embsys_rst_clk_wiz_1_100M_0 -part xc7a100tcsg324-1 -mode out_of_context
Starting synth_design
Attempting to get a license for feature 'Synthesis' and/or device 'xc7a100t'
INFO: [Common 17-349] Got license for feature 'Synthesis' and/or device 'xc7a100t'
INFO: [Device 21-403] Loading part xc7a100tcsg324-1
INFO: [Synth 8-7079] Multithreading enabled for synth_design using a maximum of 2 processes.
INFO: [Synth 8-7078] Launching helper process for spawning children vivado processes
INFO: [Synth 8-7075] Helper process launched with PID 34924
---------------------------------------------------------------------------------
Starting RTL Elaboration : Time (s): cpu = 00:00:02 ; elapsed = 00:00:03 . Memory (MB): peak = 1173.375 ; gain = 29.848
---------------------------------------------------------------------------------
INFO: [Synth 8-638] synthesizing module 'embsys_rst_clk_wiz_1_100M_0' [d:/PSU_Work_and_Textbooks/ECE544/ECE544_Proj3/project-3-abhijeetp_neimak/MotorControlVivado/MotorControlVivado.gen/sources_1/bd/embsys/ip/embsys_rst_clk_wiz_1_100M_0/synth/embsys_rst_clk_wiz_1_100M_0.vhd:74]
	Parameter C_FAMILY bound to: artix7 - type: string 
	Parameter C_EXT_RST_WIDTH bound to: 4 - type: integer 
	Parameter C_AUX_RST_WIDTH bound to: 4 - type: integer 
	Parameter C_EXT_RESET_HIGH bound to: 1'b0 
	Parameter C_AUX_RESET_HIGH bound to: 1'b1 
	Parameter C_NUM_BUS_RST bound to: 1 - type: integer 
	Parameter C_NUM_PERP_RST bound to: 1 - type: integer 
	Parameter C_NUM_INTERCONNECT_ARESETN bound to: 1 - type: integer 
	Parameter C_NUM_PERP_ARESETN bound to: 1 - type: integer 
INFO: [Synth 8-3491] module 'proc_sys_reset' declared at 'd:/PSU_Work_and_Textbooks/ECE544/ECE544_Proj3/project-3-abhijeetp_neimak/MotorControlVivado/MotorControlVivado.gen/sources_1/bd/embsys/ipshared/8842/hdl/proc_sys_reset_v5_0_vh_rfs.vhd:1264' bound to instance 'U0' of component 'proc_sys_reset' [d:/PSU_Work_and_Textbooks/ECE544/ECE544_Proj3/project-3-abhijeetp_neimak/MotorControlVivado/MotorControlVivado.gen/sources_1/bd/embsys/ip/embsys_rst_clk_wiz_1_100M_0/synth/embsys_rst_clk_wiz_1_100M_0.vhd:129]
INFO: [Synth 8-638] synthesizing module 'proc_sys_reset' [d:/PSU_Work_and_Textbooks/ECE544/ECE544_Proj3/project-3-abhijeetp_neimak/MotorControlVivado/MotorControlVivado.gen/sources_1/bd/embsys/ipshared/8842/hdl/proc_sys_reset_v5_0_vh_rfs.vhd:1323]
	Parameter C_FAMILY bound to: artix7 - type: string 
	Parameter C_EXT_RST_WIDTH bound to: 4 - type: integer 
	Parameter C_AUX_RST_WIDTH bound to: 4 - type: integer 
	Parameter C_EXT_RESET_HIGH bound to: 1'b0 
	Parameter C_AUX_RESET_HIGH bound to: 1'b1 
	Parameter C_NUM_BUS_RST bound to: 1 - type: integer 
	Parameter C_NUM_PERP_RST bound to: 1 - type: integer 
	Parameter C_NUM_INTERCONNECT_ARESETN bound to: 1 - type: integer 
	Parameter C_NUM_PERP_ARESETN bound to: 1 - type: integer 
	Parameter INIT bound to: 1'b1 
	Parameter IS_C_INVERTED bound to: 1'b0 
	Parameter IS_D_INVERTED bound to: 1'b0 
	Parameter IS_R_INVERTED bound to: 1'b0 
INFO: [Synth 8-113] binding component instance 'FDRE_inst' to cell 'FDRE' [d:/PSU_Work_and_Textbooks/ECE544/ECE544_Proj3/project-3-abhijeetp_neimak/MotorControlVivado/MotorControlVivado.gen/sources_1/bd/embsys/ipshared/8842/hdl/proc_sys_reset_v5_0_vh_rfs.vhd:1392]
	Parameter INIT bound to: 1'b1 
	Parameter IS_C_INVERTED bound to: 1'b0 
	Parameter IS_D_INVERTED bound to: 1'b0 
	Parameter IS_R_INVERTED bound to: 1'b0 
INFO: [Synth 8-113] binding component instance 'FDRE_BSR' to cell 'FDRE' [d:/PSU_Work_and_Textbooks/ECE544/ECE544_Proj3/project-3-abhijeetp_neimak/MotorControlVivado/MotorControlVivado.gen/sources_1/bd/embsys/ipshared/8842/hdl/proc_sys_reset_v5_0_vh_rfs.vhd:1408]
	Parameter INIT bound to: 1'b0 
	Parameter IS_C_INVERTED bound to: 1'b0 
	Parameter IS_D_INVERTED bound to: 1'b0 
	Parameter IS_R_INVERTED bound to: 1'b0 
INFO: [Synth 8-113] binding component instance 'FDRE_BSR_N' to cell 'FDRE' [d:/PSU_Work_and_Textbooks/ECE544/ECE544_Proj3/project-3-abhijeetp_neimak/MotorControlVivado/MotorControlVivado.gen/sources_1/bd/embsys/ipshared/8842/hdl/proc_sys_reset_v5_0_vh_rfs.vhd:1434]
	Parameter INIT bound to: 1'b1 
	Parameter IS_C_INVERTED bound to: 1'b0 
	Parameter IS_D_INVERTED bound to: 1'b0 
	Parameter IS_R_INVERTED bound to: 1'b0 
INFO: [Synth 8-113] binding component instance 'FDRE_PER' to cell 'FDRE' [d:/PSU_Work_and_Textbooks/ECE544/ECE544_Proj3/project-3-abhijeetp_neimak/MotorControlVivado/MotorControlVivado.gen/sources_1/bd/embsys/ipshared/8842/hdl/proc_sys_reset_v5_0_vh_rfs.vhd:1457]
	Parameter INIT bound to: 1'b0 
	Parameter IS_C_INVERTED bound to: 1'b0 
	Parameter IS_D_INVERTED bound to: 1'b0 
	Parameter IS_R_INVERTED bound to: 1'b0 
INFO: [Synth 8-113] binding component instance 'FDRE_PER_N' to cell 'FDRE' [d:/PSU_Work_and_Textbooks/ECE544/ECE544_Proj3/project-3-abhijeetp_neimak/MotorControlVivado/MotorControlVivado.gen/sources_1/bd/embsys/ipshared/8842/hdl/proc_sys_reset_v5_0_vh_rfs.vhd:1481]
INFO: [Synth 8-638] synthesizing module 'lpf' [d:/PSU_Work_and_Textbooks/ECE544/ECE544_Proj3/project-3-abhijeetp_neimak/MotorControlVivado/MotorControlVivado.gen/sources_1/bd/embsys/ipshared/8842/hdl/proc_sys_reset_v5_0_vh_rfs.vhd:816]
	Parameter C_EXT_RST_WIDTH bound to: 4 - type: integer 
	Parameter C_AUX_RST_WIDTH bound to: 4 - type: integer 
	Parameter C_EXT_RESET_HIGH bound to: 1'b0 
	Parameter C_AUX_RESET_HIGH bound to: 1'b1 
INFO: [Synth 8-3491] module 'SRL16' declared at 'C:/Xilinx/Vivado/2020.2/scripts/rt/data/unisim_comp.v:78018' bound to instance 'POR_SRL_I' of component 'SRL16' [d:/PSU_Work_and_Textbooks/ECE544/ECE544_Proj3/project-3-abhijeetp_neimak/MotorControlVivado/MotorControlVivado.gen/sources_1/bd/embsys/ipshared/8842/hdl/proc_sys_reset_v5_0_vh_rfs.vhd:868]
INFO: [Synth 8-6157] synthesizing module 'SRL16' [C:/Xilinx/Vivado/2020.2/scripts/rt/data/unisim_comp.v:78018]
	Parameter INIT bound to: 16'b0000000000000000 
INFO: [Synth 8-6155] done synthesizing module 'SRL16' (1#1) [C:/Xilinx/Vivado/2020.2/scripts/rt/data/unisim_comp.v:78018]
INFO: [Synth 8-638] synthesizing module 'cdc_sync' [d:/PSU_Work_and_Textbooks/ECE544/ECE544_Proj3/project-3-abhijeetp_neimak/MotorControlVivado/MotorControlVivado.gen/sources_1/bd/embsys/ipshared/ef1e/hdl/lib_cdc_v1_0_rfs.vhd:106]
	Parameter C_CDC_TYPE bound to: 1 - type: integer 
	Parameter C_RESET_STATE bound to: 0 - type: integer 
	Parameter C_SINGLE_BIT bound to: 1 - type: integer 
	Parameter C_FLOP_INPUT bound to: 0 - type: integer 
	Parameter C_VECTOR_WIDTH bound to: 2 - type: integer 
	Parameter C_MTBF_STAGES bound to: 4 - type: integer 
	Parameter INIT bound to: 1'b0 
INFO: [Synth 8-113] binding component instance 'CROSS_PLEVEL_IN2SCNDRY_IN_cdc_to' to cell 'FDR' [d:/PSU_Work_and_Textbooks/ECE544/ECE544_Proj3/project-3-abhijeetp_neimak/MotorControlVivado/MotorControlVivado.gen/sources_1/bd/embsys/ipshared/ef1e/hdl/lib_cdc_v1_0_rfs.vhd:514]
	Parameter INIT bound to: 1'b0 
INFO: [Synth 8-113] binding component instance 'CROSS_PLEVEL_IN2SCNDRY_s_level_out_d2' to cell 'FDR' [d:/PSU_Work_and_Textbooks/ECE544/ECE544_Proj3/project-3-abhijeetp_neimak/MotorControlVivado/MotorControlVivado.gen/sources_1/bd/embsys/ipshared/ef1e/hdl/lib_cdc_v1_0_rfs.vhd:545]
	Parameter INIT bound to: 1'b0 
INFO: [Synth 8-113] binding component instance 'CROSS_PLEVEL_IN2SCNDRY_s_level_out_d3' to cell 'FDR' [d:/PSU_Work_and_Textbooks/ECE544/ECE544_Proj3/project-3-abhijeetp_neimak/MotorControlVivado/MotorControlVivado.gen/sources_1/bd/embsys/ipshared/ef1e/hdl/lib_cdc_v1_0_rfs.vhd:554]
	Parameter INIT bound to: 1'b0 
INFO: [Synth 8-113] binding component instance 'CROSS_PLEVEL_IN2SCNDRY_s_level_out_d4' to cell 'FDR' [d:/PSU_Work_and_Textbooks/ECE544/ECE544_Proj3/project-3-abhijeetp_neimak/MotorControlVivado/MotorControlVivado.gen/sources_1/bd/embsys/ipshared/ef1e/hdl/lib_cdc_v1_0_rfs.vhd:564]
	Parameter INIT bound to: 1'b0 
INFO: [Synth 8-113] binding component instance 'CROSS_PLEVEL_IN2SCNDRY_s_level_out_d5' to cell 'FDR' [d:/PSU_Work_and_Textbooks/ECE544/ECE544_Proj3/project-3-abhijeetp_neimak/MotorControlVivado/MotorControlVivado.gen/sources_1/bd/embsys/ipshared/ef1e/hdl/lib_cdc_v1_0_rfs.vhd:574]
	Parameter INIT bound to: 1'b0 
INFO: [Synth 8-113] binding component instance 'CROSS_PLEVEL_IN2SCNDRY_s_level_out_d6' to cell 'FDR' [d:/PSU_Work_and_Textbooks/ECE544/ECE544_Proj3/project-3-abhijeetp_neimak/MotorControlVivado/MotorControlVivado.gen/sources_1/bd/embsys/ipshared/ef1e/hdl/lib_cdc_v1_0_rfs.vhd:584]
INFO: [Synth 8-256] done synthesizing module 'cdc_sync' (2#1) [d:/PSU_Work_and_Textbooks/ECE544/ECE544_Proj3/project-3-abhijeetp_neimak/MotorControlVivado/MotorControlVivado.gen/sources_1/bd/embsys/ipshared/ef1e/hdl/lib_cdc_v1_0_rfs.vhd:106]
INFO: [Synth 8-256] done synthesizing module 'lpf' (3#1) [d:/PSU_Work_and_Textbooks/ECE544/ECE544_Proj3/project-3-abhijeetp_neimak/MotorControlVivado/MotorControlVivado.gen/sources_1/bd/embsys/ipshared/8842/hdl/proc_sys_reset_v5_0_vh_rfs.vhd:816]
INFO: [Synth 8-638] synthesizing module 'sequence_psr' [d:/PSU_Work_and_Textbooks/ECE544/ECE544_Proj3/project-3-abhijeetp_neimak/MotorControlVivado/MotorControlVivado.gen/sources_1/bd/embsys/ipshared/8842/hdl/proc_sys_reset_v5_0_vh_rfs.vhd:301]
INFO: [Synth 8-638] synthesizing module 'upcnt_n' [d:/PSU_Work_and_Textbooks/ECE544/ECE544_Proj3/project-3-abhijeetp_neimak/MotorControlVivado/MotorControlVivado.gen/sources_1/bd/embsys/ipshared/8842/hdl/proc_sys_reset_v5_0_vh_rfs.vhd:125]
	Parameter C_SIZE bound to: 6 - type: integer 
INFO: [Synth 8-256] done synthesizing module 'upcnt_n' (4#1) [d:/PSU_Work_and_Textbooks/ECE544/ECE544_Proj3/project-3-abhijeetp_neimak/MotorControlVivado/MotorControlVivado.gen/sources_1/bd/embsys/ipshared/8842/hdl/proc_sys_reset_v5_0_vh_rfs.vhd:125]
INFO: [Synth 8-256] done synthesizing module 'sequence_psr' (5#1) [d:/PSU_Work_and_Textbooks/ECE544/ECE544_Proj3/project-3-abhijeetp_neimak/MotorControlVivado/MotorControlVivado.gen/sources_1/bd/embsys/ipshared/8842/hdl/proc_sys_reset_v5_0_vh_rfs.vhd:301]
INFO: [Synth 8-256] done synthesizing module 'proc_sys_reset' (6#1) [d:/PSU_Work_and_Textbooks/ECE544/ECE544_Proj3/project-3-abhijeetp_neimak/MotorControlVivado/MotorControlVivado.gen/sources_1/bd/embsys/ipshared/8842/hdl/proc_sys_reset_v5_0_vh_rfs.vhd:1323]
INFO: [Synth 8-256] done synthesizing module 'embsys_rst_clk_wiz_1_100M_0' (7#1) [d:/PSU_Work_and_Textbooks/ECE544/ECE544_Proj3/project-3-abhijeetp_neimak/MotorControlVivado/MotorControlVivado.gen/sources_1/bd/embsys/ip/embsys_rst_clk_wiz_1_100M_0/synth/embsys_rst_clk_wiz_1_100M_0.vhd:74]
---------------------------------------------------------------------------------
Finished RTL Elaboration : Time (s): cpu = 00:00:03 ; elapsed = 00:00:03 . Memory (MB): peak = 1231.184 ; gain = 87.656
---------------------------------------------------------------------------------
---------------------------------------------------------------------------------
Start Handling Custom Attributes
---------------------------------------------------------------------------------
---------------------------------------------------------------------------------
Finished Handling Custom Attributes : Time (s): cpu = 00:00:03 ; elapsed = 00:00:04 . Memory (MB): peak = 1231.184 ; gain = 87.656
---------------------------------------------------------------------------------
---------------------------------------------------------------------------------
Finished RTL Optimization Phase 1 : Time (s): cpu = 00:00:03 ; elapsed = 00:00:04 . Memory (MB): peak = 1231.184 ; gain = 87.656
---------------------------------------------------------------------------------
Netlist sorting complete. Time (s): cpu = 00:00:00 ; elapsed = 00:00:00 . Memory (MB): peak = 1231.184 ; gain = 0.000
INFO: [Netlist 29-17] Analyzing 13 Unisim elements for replacement
INFO: [Netlist 29-28] Unisim Transformation completed in 0 CPU seconds
INFO: [Project 1-570] Preparing netlist for logic optimization

Processing XDC Constraints
Initializing timing engine
Parsing XDC File [d:/PSU_Work_and_Textbooks/ECE544/ECE544_Proj3/project-3-abhijeetp_neimak/MotorControlVivado/MotorControlVivado.gen/sources_1/bd/embsys/ip/embsys_rst_clk_wiz_1_100M_0/embsys_rst_clk_wiz_1_100M_0_ooc.xdc] for cell 'U0'
Finished Parsing XDC File [d:/PSU_Work_and_Textbooks/ECE544/ECE544_Proj3/project-3-abhijeetp_neimak/MotorControlVivado/MotorControlVivado.gen/sources_1/bd/embsys/ip/embsys_rst_clk_wiz_1_100M_0/embsys_rst_clk_wiz_1_100M_0_ooc.xdc] for cell 'U0'
Parsing XDC File [d:/PSU_Work_and_Textbooks/ECE544/ECE544_Proj3/project-3-abhijeetp_neimak/MotorControlVivado/MotorControlVivado.gen/sources_1/bd/embsys/ip/embsys_rst_clk_wiz_1_100M_0/embsys_rst_clk_wiz_1_100M_0_board.xdc] for cell 'U0'
Finished Parsing XDC File [d:/PSU_Work_and_Textbooks/ECE544/ECE544_Proj3/project-3-abhijeetp_neimak/MotorControlVivado/MotorControlVivado.gen/sources_1/bd/embsys/ip/embsys_rst_clk_wiz_1_100M_0/embsys_rst_clk_wiz_1_100M_0_board.xdc] for cell 'U0'
Parsing XDC File [d:/PSU_Work_and_Textbooks/ECE544/ECE544_Proj3/project-3-abhijeetp_neimak/MotorControlVivado/MotorControlVivado.gen/sources_1/bd/embsys/ip/embsys_rst_clk_wiz_1_100M_0/embsys_rst_clk_wiz_1_100M_0.xdc] for cell 'U0'
Finished Parsing XDC File [d:/PSU_Work_and_Textbooks/ECE544/ECE544_Proj3/project-3-abhijeetp_neimak/MotorControlVivado/MotorControlVivado.gen/sources_1/bd/embsys/ip/embsys_rst_clk_wiz_1_100M_0/embsys_rst_clk_wiz_1_100M_0.xdc] for cell 'U0'
Parsing XDC File [D:/PSU_Work_and_Textbooks/ECE544/ECE544_Proj3/project-3-abhijeetp_neimak/MotorControlVivado/MotorControlVivado.runs/embsys_rst_clk_wiz_1_100M_0_synth_1/dont_touch.xdc]
Finished Parsing XDC File [D:/PSU_Work_and_Textbooks/ECE544/ECE544_Proj3/project-3-abhijeetp_neimak/MotorControlVivado/MotorControlVivado.runs/embsys_rst_clk_wiz_1_100M_0_synth_1/dont_touch.xdc]
Completed Processing XDC Constraints

Netlist sorting complete. Time (s): cpu = 00:00:00 ; elapsed = 00:00:00 . Memory (MB): peak = 1328.473 ; gain = 0.000
INFO: [Project 1-111] Unisim Transformation Summary:
  A total of 13 instances were transformed.
  FDR => FDRE: 12 instances
  SRL16 => SRL16E: 1 instance 

Constraint Validation Runtime : Time (s): cpu = 00:00:00 ; elapsed = 00:00:00.017 . Memory (MB): peak = 1340.340 ; gain = 11.867
---------------------------------------------------------------------------------
Finished Constraint Validation : Time (s): cpu = 00:00:07 ; elapsed = 00:00:07 . Memory (MB): peak = 1340.340 ; gain = 196.812
---------------------------------------------------------------------------------
---------------------------------------------------------------------------------
Start Loading Part and Timing Information
---------------------------------------------------------------------------------
Loading part: xc7a100tcsg324-1
---------------------------------------------------------------------------------
Finished Loading Part and Timing Information : Time (s): cpu = 00:00:07 ; elapsed = 00:00:07 . Memory (MB): peak = 1340.340 ; gain = 196.812
---------------------------------------------------------------------------------
---------------------------------------------------------------------------------
Start Applying 'set_property' XDC Constraints
---------------------------------------------------------------------------------
Applied set_property KEEP_HIERARCHY = SOFT for U0. (constraint file  D:/PSU_Work_and_Textbooks/ECE544/ECE544_Proj3/project-3-abhijeetp_neimak/MotorControlVivado/MotorControlVivado.runs/embsys_rst_clk_wiz_1_100M_0_synth_1/dont_touch.xdc, line 9).
---------------------------------------------------------------------------------
Finished applying 'set_property' XDC Constraints : Time (s): cpu = 00:00:07 ; elapsed = 00:00:07 . Memory (MB): peak = 1340.340 ; gain = 196.812
---------------------------------------------------------------------------------
---------------------------------------------------------------------------------
Finished RTL Optimization Phase 2 : Time (s): cpu = 00:00:07 ; elapsed = 00:00:08 . Memory (MB): peak = 1340.340 ; gain = 196.812
---------------------------------------------------------------------------------
---------------------------------------------------------------------------------
Start RTL Component Statistics 
---------------------------------------------------------------------------------
Detailed RTL Component Info : 
+---Adders : 
	   2 Input    6 Bit       Adders := 1     
+---Registers : 
	                6 Bit    Registers := 1     
	                3 Bit    Registers := 3     
	                1 Bit    Registers := 8     
+---Muxes : 
	   2 Input    6 Bit        Muxes := 1     
	   2 Input    1 Bit        Muxes := 1     
---------------------------------------------------------------------------------
Finished RTL Component Statistics 
---------------------------------------------------------------------------------
---------------------------------------------------------------------------------
Start Part Resource Summary
---------------------------------------------------------------------------------
Part Resources:
DSPs: 240 (col length:80)
BRAMs: 270 (col length: RAMB18 80 RAMB36 40)
---------------------------------------------------------------------------------
Finished Part Resource Summary
---------------------------------------------------------------------------------
---------------------------------------------------------------------------------
Start Cross Boundary and Area Optimization
---------------------------------------------------------------------------------
---------------------------------------------------------------------------------
Finished Cross Boundary and Area Optimization : Time (s): cpu = 00:00:08 ; elapsed = 00:00:08 . Memory (MB): peak = 1340.340 ; gain = 196.812
---------------------------------------------------------------------------------
---------------------------------------------------------------------------------
Start Applying XDC Timing Constraints
---------------------------------------------------------------------------------
---------------------------------------------------------------------------------
Finished Applying XDC Timing Constraints : Time (s): cpu = 00:00:11 ; elapsed = 00:00:12 . Memory (MB): peak = 1340.340 ; gain = 196.812
---------------------------------------------------------------------------------
---------------------------------------------------------------------------------
Start Timing Optimization
---------------------------------------------------------------------------------
---------------------------------------------------------------------------------
Finished Timing Optimization : Time (s): cpu = 00:00:11 ; elapsed = 00:00:12 . Memory (MB): peak = 1340.340 ; gain = 196.812
---------------------------------------------------------------------------------
---------------------------------------------------------------------------------
Start Technology Mapping
---------------------------------------------------------------------------------
---------------------------------------------------------------------------------
Finished Technology Mapping : Time (s): cpu = 00:00:11 ; elapsed = 00:00:12 . Memory (MB): peak = 1340.340 ; gain = 196.812
---------------------------------------------------------------------------------
---------------------------------------------------------------------------------
Start IO Insertion
---------------------------------------------------------------------------------
---------------------------------------------------------------------------------
Start Flattening Before IO Insertion
---------------------------------------------------------------------------------
---------------------------------------------------------------------------------
Finished Flattening Before IO Insertion
---------------------------------------------------------------------------------
---------------------------------------------------------------------------------
Start Final Netlist Cleanup
---------------------------------------------------------------------------------
---------------------------------------------------------------------------------
Finished Final Netlist Cleanup
---------------------------------------------------------------------------------
---------------------------------------------------------------------------------
Finished IO Insertion : Time (s): cpu = 00:00:13 ; elapsed = 00:00:14 . Memory (MB): peak = 1340.340 ; gain = 196.812
---------------------------------------------------------------------------------
---------------------------------------------------------------------------------
Start Renaming Generated Instances
---------------------------------------------------------------------------------
---------------------------------------------------------------------------------
Finished Renaming Generated Instances : Time (s): cpu = 00:00:13 ; elapsed = 00:00:14 . Memory (MB): peak = 1340.340 ; gain = 196.812
---------------------------------------------------------------------------------
---------------------------------------------------------------------------------
Start Rebuilding User Hierarchy
---------------------------------------------------------------------------------
---------------------------------------------------------------------------------
Finished Rebuilding User Hierarchy : Time (s): cpu = 00:00:13 ; elapsed = 00:00:14 . Memory (MB): peak = 1340.340 ; gain = 196.812
---------------------------------------------------------------------------------
---------------------------------------------------------------------------------
Start Renaming Generated Ports
---------------------------------------------------------------------------------
---------------------------------------------------------------------------------
Finished Renaming Generated Ports : Time (s): cpu = 00:00:13 ; elapsed = 00:00:14 . Memory (MB): peak = 1340.340 ; gain = 196.812
---------------------------------------------------------------------------------
---------------------------------------------------------------------------------
Start Handling Custom Attributes
---------------------------------------------------------------------------------
---------------------------------------------------------------------------------
Finished Handling Custom Attributes : Time (s): cpu = 00:00:13 ; elapsed = 00:00:14 . Memory (MB): peak = 1340.340 ; gain = 196.812
---------------------------------------------------------------------------------
---------------------------------------------------------------------------------
Start Renaming Generated Nets
---------------------------------------------------------------------------------
---------------------------------------------------------------------------------
Finished Renaming Generated Nets : Time (s): cpu = 00:00:13 ; elapsed = 00:00:14 . Memory (MB): peak = 1340.340 ; gain = 196.812
---------------------------------------------------------------------------------
---------------------------------------------------------------------------------
Start Writing Synthesis Report
---------------------------------------------------------------------------------

Report BlackBoxes: 
+-+--------------+----------+
| |BlackBox name |Instances |
+-+--------------+----------+
+-+--------------+----------+

Report Cell Usage: 
+------+------+------+
|      |Cell  |Count |
+------+------+------+
|1     |LUT1  |     4|
|2     |LUT2  |     9|
|3     |LUT3  |     1|
|4     |LUT4  |     6|
|5     |LUT5  |     3|
|6     |LUT6  |     1|
|7     |SRL16 |     1|
|8     |FDR   |     8|
|9     |FDRE  |    28|
|10    |FDSE  |     4|
+------+------+------+
---------------------------------------------------------------------------------
Finished Writing Synthesis Report : Time (s): cpu = 00:00:13 ; elapsed = 00:00:14 . Memory (MB): peak = 1340.340 ; gain = 196.812
---------------------------------------------------------------------------------
Synthesis finished with 0 errors, 0 critical warnings and 0 warnings.
Synthesis Optimization Runtime : Time (s): cpu = 00:00:09 ; elapsed = 00:00:13 . Memory (MB): peak = 1340.340 ; gain = 87.656
Synthesis Optimization Complete : Time (s): cpu = 00:00:13 ; elapsed = 00:00:14 . Memory (MB): peak = 1340.340 ; gain = 196.812
INFO: [Project 1-571] Translating synthesized netlist
Netlist sorting complete. Time (s): cpu = 00:00:00 ; elapsed = 00:00:00 . Memory (MB): peak = 1340.340 ; gain = 0.000
INFO: [Netlist 29-17] Analyzing 9 Unisim elements for replacement
INFO: [Netlist 29-28] Unisim Transformation completed in 0 CPU seconds
INFO: [Project 1-570] Preparing netlist for logic optimization
INFO: [Opt 31-138] Pushed 0 inverter(s) to 0 load pin(s).
Netlist sorting complete. Time (s): cpu = 00:00:00 ; elapsed = 00:00:00.001 . Memory (MB): peak = 1351.633 ; gain = 0.000
INFO: [Project 1-111] Unisim Transformation Summary:
  A total of 9 instances were transformed.
  FDR => FDRE: 8 instances
  SRL16 => SRL16E: 1 instance 

INFO: [Common 17-83] Releasing license: Synthesis
47 Infos, 4 Warnings, 0 Critical Warnings and 0 Errors encountered.
synth_design completed successfully
synth_design: Time (s): cpu = 00:00:17 ; elapsed = 00:00:18 . Memory (MB): peak = 1351.633 ; gain = 208.105
INFO: [Common 17-1381] The checkpoint 'D:/PSU_Work_and_Textbooks/ECE544/ECE544_Proj3/project-3-abhijeetp_neimak/MotorControlVivado/MotorControlVivado.runs/embsys_rst_clk_wiz_1_100M_0_synth_1/embsys_rst_clk_wiz_1_100M_0.dcp' has been generated.
WARNING: [Common 17-576] 'use_project_ipc' is deprecated. This option is deprecated and no longer used.
INFO: [Coretcl 2-1648] Added synthesis output to IP cache for IP embsys_rst_clk_wiz_1_100M_0, cache-ID = df4abdefd998471c
INFO: [Coretcl 2-1174] Renamed 6 cell refs.
INFO: [Common 17-1381] The checkpoint 'D:/PSU_Work_and_Textbooks/ECE544/ECE544_Proj3/project-3-abhijeetp_neimak/MotorControlVivado/MotorControlVivado.runs/embsys_rst_clk_wiz_1_100M_0_synth_1/embsys_rst_clk_wiz_1_100M_0.dcp' has been generated.
INFO: [runtcl-4] Executing : report_utilization -file embsys_rst_clk_wiz_1_100M_0_utilization_synth.rpt -pb embsys_rst_clk_wiz_1_100M_0_utilization_synth.pb
INFO: [Common 17-206] Exiting Vivado at Sat May 21 14:43:10 2022...

*** Running vivado
    with args -log embsys_rst_clk_wiz_1_100M_0.vds -m64 -product Vivado -mode batch -messageDb vivado.pb -notrace -source embsys_rst_clk_wiz_1_100M_0.tcl



****** Vivado v2020.2 (64-bit)
  **** SW Build 3064766 on Wed Nov 18 09:12:45 MST 2020
  **** IP Build 3064653 on Wed Nov 18 14:17:31 MST 2020
    ** Copyright 1986-2020 Xilinx, Inc. All Rights Reserved.

source embsys_rst_clk_wiz_1_100M_0.tcl -notrace
INFO: [IP_Flow 19-234] Refreshing IP repositories
INFO: [IP_Flow 19-1700] Loaded user IP repository 'd:/PSU_Work_and_Textbooks/ECE544/ECE544_ProjFinal/ECE-544-final-project/ece544ip_v2021'.
INFO: [IP_Flow 19-1700] Loaded user IP repository 'd:/PSU_Work_and_Textbooks/ECE544/ECE544_ProjFinal/ECE-544-final-project/vivado-library-v2019.1-1'.
INFO: [IP_Flow 19-2313] Loaded Vivado IP repository 'C:/Xilinx/Vivado/2020.2/data/ip'.
WARNING: [IP_Flow 19-4995] The host OS only allows 260 characters in a normal path. The IP cache path is more than 80 characters. If you experience issues with IP caching, please consider changing the IP cache to a location with a shorter path. Alternately consider using the OS subst command to map part of the path to a drive letter. 
Current IP cache path is d:/PSU_Work_and_Textbooks/ECE544/ECE544_ProjFinal/Light_Motor_Vivado/Light_Motor_Vivado.cache/ip 
Command: synth_design -top embsys_rst_clk_wiz_1_100M_0 -part xc7a100tcsg324-1 -mode out_of_context
Starting synth_design
Attempting to get a license for feature 'Synthesis' and/or device 'xc7a100t'
INFO: [Common 17-349] Got license for feature 'Synthesis' and/or device 'xc7a100t'
INFO: [Device 21-403] Loading part xc7a100tcsg324-1
INFO: [Synth 8-7079] Multithreading enabled for synth_design using a maximum of 2 processes.
INFO: [Synth 8-7078] Launching helper process for spawning children vivado processes
INFO: [Synth 8-7075] Helper process launched with PID 10904
---------------------------------------------------------------------------------
Starting RTL Elaboration : Time (s): cpu = 00:00:05 ; elapsed = 00:00:05 . Memory (MB): peak = 1172.723 ; gain = 33.301
---------------------------------------------------------------------------------
INFO: [Synth 8-638] synthesizing module 'embsys_rst_clk_wiz_1_100M_0' [d:/PSU_Work_and_Textbooks/ECE544/ECE544_ProjFinal/Light_Motor_Vivado/Light_Motor_Vivado.gen/sources_1/bd/embsys/ip/embsys_rst_clk_wiz_1_100M_0/synth/embsys_rst_clk_wiz_1_100M_0.vhd:74]
	Parameter C_FAMILY bound to: artix7 - type: string 
	Parameter C_EXT_RST_WIDTH bound to: 4 - type: integer 
	Parameter C_AUX_RST_WIDTH bound to: 4 - type: integer 
	Parameter C_EXT_RESET_HIGH bound to: 1'b0 
	Parameter C_AUX_RESET_HIGH bound to: 1'b1 
	Parameter C_NUM_BUS_RST bound to: 1 - type: integer 
	Parameter C_NUM_PERP_RST bound to: 1 - type: integer 
	Parameter C_NUM_INTERCONNECT_ARESETN bound to: 1 - type: integer 
	Parameter C_NUM_PERP_ARESETN bound to: 1 - type: integer 
INFO: [Synth 8-3491] module 'proc_sys_reset' declared at 'd:/PSU_Work_and_Textbooks/ECE544/ECE544_ProjFinal/Light_Motor_Vivado/Light_Motor_Vivado.gen/sources_1/bd/embsys/ipshared/8842/hdl/proc_sys_reset_v5_0_vh_rfs.vhd:1264' bound to instance 'U0' of component 'proc_sys_reset' [d:/PSU_Work_and_Textbooks/ECE544/ECE544_ProjFinal/Light_Motor_Vivado/Light_Motor_Vivado.gen/sources_1/bd/embsys/ip/embsys_rst_clk_wiz_1_100M_0/synth/embsys_rst_clk_wiz_1_100M_0.vhd:129]
INFO: [Synth 8-638] synthesizing module 'proc_sys_reset' [d:/PSU_Work_and_Textbooks/ECE544/ECE544_ProjFinal/Light_Motor_Vivado/Light_Motor_Vivado.gen/sources_1/bd/embsys/ipshared/8842/hdl/proc_sys_reset_v5_0_vh_rfs.vhd:1323]
	Parameter C_FAMILY bound to: artix7 - type: string 
	Parameter C_EXT_RST_WIDTH bound to: 4 - type: integer 
	Parameter C_AUX_RST_WIDTH bound to: 4 - type: integer 
	Parameter C_EXT_RESET_HIGH bound to: 1'b0 
	Parameter C_AUX_RESET_HIGH bound to: 1'b1 
	Parameter C_NUM_BUS_RST bound to: 1 - type: integer 
	Parameter C_NUM_PERP_RST bound to: 1 - type: integer 
	Parameter C_NUM_INTERCONNECT_ARESETN bound to: 1 - type: integer 
	Parameter C_NUM_PERP_ARESETN bound to: 1 - type: integer 
	Parameter INIT bound to: 1'b1 
	Parameter IS_C_INVERTED bound to: 1'b0 
	Parameter IS_D_INVERTED bound to: 1'b0 
	Parameter IS_R_INVERTED bound to: 1'b0 
INFO: [Synth 8-113] binding component instance 'FDRE_inst' to cell 'FDRE' [d:/PSU_Work_and_Textbooks/ECE544/ECE544_ProjFinal/Light_Motor_Vivado/Light_Motor_Vivado.gen/sources_1/bd/embsys/ipshared/8842/hdl/proc_sys_reset_v5_0_vh_rfs.vhd:1392]
	Parameter INIT bound to: 1'b1 
	Parameter IS_C_INVERTED bound to: 1'b0 
	Parameter IS_D_INVERTED bound to: 1'b0 
	Parameter IS_R_INVERTED bound to: 1'b0 
INFO: [Synth 8-113] binding component instance 'FDRE_BSR' to cell 'FDRE' [d:/PSU_Work_and_Textbooks/ECE544/ECE544_ProjFinal/Light_Motor_Vivado/Light_Motor_Vivado.gen/sources_1/bd/embsys/ipshared/8842/hdl/proc_sys_reset_v5_0_vh_rfs.vhd:1408]
	Parameter INIT bound to: 1'b0 
	Parameter IS_C_INVERTED bound to: 1'b0 
	Parameter IS_D_INVERTED bound to: 1'b0 
	Parameter IS_R_INVERTED bound to: 1'b0 
INFO: [Synth 8-113] binding component instance 'FDRE_BSR_N' to cell 'FDRE' [d:/PSU_Work_and_Textbooks/ECE544/ECE544_ProjFinal/Light_Motor_Vivado/Light_Motor_Vivado.gen/sources_1/bd/embsys/ipshared/8842/hdl/proc_sys_reset_v5_0_vh_rfs.vhd:1434]
	Parameter INIT bound to: 1'b1 
	Parameter IS_C_INVERTED bound to: 1'b0 
	Parameter IS_D_INVERTED bound to: 1'b0 
	Parameter IS_R_INVERTED bound to: 1'b0 
INFO: [Synth 8-113] binding component instance 'FDRE_PER' to cell 'FDRE' [d:/PSU_Work_and_Textbooks/ECE544/ECE544_ProjFinal/Light_Motor_Vivado/Light_Motor_Vivado.gen/sources_1/bd/embsys/ipshared/8842/hdl/proc_sys_reset_v5_0_vh_rfs.vhd:1457]
	Parameter INIT bound to: 1'b0 
	Parameter IS_C_INVERTED bound to: 1'b0 
	Parameter IS_D_INVERTED bound to: 1'b0 
	Parameter IS_R_INVERTED bound to: 1'b0 
INFO: [Synth 8-113] binding component instance 'FDRE_PER_N' to cell 'FDRE' [d:/PSU_Work_and_Textbooks/ECE544/ECE544_ProjFinal/Light_Motor_Vivado/Light_Motor_Vivado.gen/sources_1/bd/embsys/ipshared/8842/hdl/proc_sys_reset_v5_0_vh_rfs.vhd:1481]
INFO: [Synth 8-638] synthesizing module 'lpf' [d:/PSU_Work_and_Textbooks/ECE544/ECE544_ProjFinal/Light_Motor_Vivado/Light_Motor_Vivado.gen/sources_1/bd/embsys/ipshared/8842/hdl/proc_sys_reset_v5_0_vh_rfs.vhd:816]
	Parameter C_EXT_RST_WIDTH bound to: 4 - type: integer 
	Parameter C_AUX_RST_WIDTH bound to: 4 - type: integer 
	Parameter C_EXT_RESET_HIGH bound to: 1'b0 
	Parameter C_AUX_RESET_HIGH bound to: 1'b1 
INFO: [Synth 8-3491] module 'SRL16' declared at 'C:/Xilinx/Vivado/2020.2/scripts/rt/data/unisim_comp.v:78018' bound to instance 'POR_SRL_I' of component 'SRL16' [d:/PSU_Work_and_Textbooks/ECE544/ECE544_ProjFinal/Light_Motor_Vivado/Light_Motor_Vivado.gen/sources_1/bd/embsys/ipshared/8842/hdl/proc_sys_reset_v5_0_vh_rfs.vhd:868]
INFO: [Synth 8-6157] synthesizing module 'SRL16' [C:/Xilinx/Vivado/2020.2/scripts/rt/data/unisim_comp.v:78018]
	Parameter INIT bound to: 16'b0000000000000000 
INFO: [Synth 8-6155] done synthesizing module 'SRL16' (1#1) [C:/Xilinx/Vivado/2020.2/scripts/rt/data/unisim_comp.v:78018]
INFO: [Synth 8-638] synthesizing module 'cdc_sync' [d:/PSU_Work_and_Textbooks/ECE544/ECE544_ProjFinal/Light_Motor_Vivado/Light_Motor_Vivado.gen/sources_1/bd/embsys/ipshared/ef1e/hdl/lib_cdc_v1_0_rfs.vhd:106]
	Parameter C_CDC_TYPE bound to: 1 - type: integer 
	Parameter C_RESET_STATE bound to: 0 - type: integer 
	Parameter C_SINGLE_BIT bound to: 1 - type: integer 
	Parameter C_FLOP_INPUT bound to: 0 - type: integer 
	Parameter C_VECTOR_WIDTH bound to: 2 - type: integer 
	Parameter C_MTBF_STAGES bound to: 4 - type: integer 
	Parameter INIT bound to: 1'b0 
INFO: [Synth 8-113] binding component instance 'CROSS_PLEVEL_IN2SCNDRY_IN_cdc_to' to cell 'FDR' [d:/PSU_Work_and_Textbooks/ECE544/ECE544_ProjFinal/Light_Motor_Vivado/Light_Motor_Vivado.gen/sources_1/bd/embsys/ipshared/ef1e/hdl/lib_cdc_v1_0_rfs.vhd:514]
	Parameter INIT bound to: 1'b0 
INFO: [Synth 8-113] binding component instance 'CROSS_PLEVEL_IN2SCNDRY_s_level_out_d2' to cell 'FDR' [d:/PSU_Work_and_Textbooks/ECE544/ECE544_ProjFinal/Light_Motor_Vivado/Light_Motor_Vivado.gen/sources_1/bd/embsys/ipshared/ef1e/hdl/lib_cdc_v1_0_rfs.vhd:545]
	Parameter INIT bound to: 1'b0 
INFO: [Synth 8-113] binding component instance 'CROSS_PLEVEL_IN2SCNDRY_s_level_out_d3' to cell 'FDR' [d:/PSU_Work_and_Textbooks/ECE544/ECE544_ProjFinal/Light_Motor_Vivado/Light_Motor_Vivado.gen/sources_1/bd/embsys/ipshared/ef1e/hdl/lib_cdc_v1_0_rfs.vhd:554]
	Parameter INIT bound to: 1'b0 
INFO: [Synth 8-113] binding component instance 'CROSS_PLEVEL_IN2SCNDRY_s_level_out_d4' to cell 'FDR' [d:/PSU_Work_and_Textbooks/ECE544/ECE544_ProjFinal/Light_Motor_Vivado/Light_Motor_Vivado.gen/sources_1/bd/embsys/ipshared/ef1e/hdl/lib_cdc_v1_0_rfs.vhd:564]
	Parameter INIT bound to: 1'b0 
INFO: [Synth 8-113] binding component instance 'CROSS_PLEVEL_IN2SCNDRY_s_level_out_d5' to cell 'FDR' [d:/PSU_Work_and_Textbooks/ECE544/ECE544_ProjFinal/Light_Motor_Vivado/Light_Motor_Vivado.gen/sources_1/bd/embsys/ipshared/ef1e/hdl/lib_cdc_v1_0_rfs.vhd:574]
	Parameter INIT bound to: 1'b0 
INFO: [Synth 8-113] binding component instance 'CROSS_PLEVEL_IN2SCNDRY_s_level_out_d6' to cell 'FDR' [d:/PSU_Work_and_Textbooks/ECE544/ECE544_ProjFinal/Light_Motor_Vivado/Light_Motor_Vivado.gen/sources_1/bd/embsys/ipshared/ef1e/hdl/lib_cdc_v1_0_rfs.vhd:584]
INFO: [Synth 8-256] done synthesizing module 'cdc_sync' (2#1) [d:/PSU_Work_and_Textbooks/ECE544/ECE544_ProjFinal/Light_Motor_Vivado/Light_Motor_Vivado.gen/sources_1/bd/embsys/ipshared/ef1e/hdl/lib_cdc_v1_0_rfs.vhd:106]
INFO: [Synth 8-256] done synthesizing module 'lpf' (3#1) [d:/PSU_Work_and_Textbooks/ECE544/ECE544_ProjFinal/Light_Motor_Vivado/Light_Motor_Vivado.gen/sources_1/bd/embsys/ipshared/8842/hdl/proc_sys_reset_v5_0_vh_rfs.vhd:816]
INFO: [Synth 8-638] synthesizing module 'sequence_psr' [d:/PSU_Work_and_Textbooks/ECE544/ECE544_ProjFinal/Light_Motor_Vivado/Light_Motor_Vivado.gen/sources_1/bd/embsys/ipshared/8842/hdl/proc_sys_reset_v5_0_vh_rfs.vhd:301]
INFO: [Synth 8-638] synthesizing module 'upcnt_n' [d:/PSU_Work_and_Textbooks/ECE544/ECE544_ProjFinal/Light_Motor_Vivado/Light_Motor_Vivado.gen/sources_1/bd/embsys/ipshared/8842/hdl/proc_sys_reset_v5_0_vh_rfs.vhd:125]
	Parameter C_SIZE bound to: 6 - type: integer 
INFO: [Synth 8-256] done synthesizing module 'upcnt_n' (4#1) [d:/PSU_Work_and_Textbooks/ECE544/ECE544_ProjFinal/Light_Motor_Vivado/Light_Motor_Vivado.gen/sources_1/bd/embsys/ipshared/8842/hdl/proc_sys_reset_v5_0_vh_rfs.vhd:125]
INFO: [Synth 8-256] done synthesizing module 'sequence_psr' (5#1) [d:/PSU_Work_and_Textbooks/ECE544/ECE544_ProjFinal/Light_Motor_Vivado/Light_Motor_Vivado.gen/sources_1/bd/embsys/ipshared/8842/hdl/proc_sys_reset_v5_0_vh_rfs.vhd:301]
INFO: [Synth 8-256] done synthesizing module 'proc_sys_reset' (6#1) [d:/PSU_Work_and_Textbooks/ECE544/ECE544_ProjFinal/Light_Motor_Vivado/Light_Motor_Vivado.gen/sources_1/bd/embsys/ipshared/8842/hdl/proc_sys_reset_v5_0_vh_rfs.vhd:1323]
INFO: [Synth 8-256] done synthesizing module 'embsys_rst_clk_wiz_1_100M_0' (7#1) [d:/PSU_Work_and_Textbooks/ECE544/ECE544_ProjFinal/Light_Motor_Vivado/Light_Motor_Vivado.gen/sources_1/bd/embsys/ip/embsys_rst_clk_wiz_1_100M_0/synth/embsys_rst_clk_wiz_1_100M_0.vhd:74]
---------------------------------------------------------------------------------
Finished RTL Elaboration : Time (s): cpu = 00:00:06 ; elapsed = 00:00:06 . Memory (MB): peak = 1229.879 ; gain = 90.457
---------------------------------------------------------------------------------
---------------------------------------------------------------------------------
Start Handling Custom Attributes
---------------------------------------------------------------------------------
---------------------------------------------------------------------------------
Finished Handling Custom Attributes : Time (s): cpu = 00:00:06 ; elapsed = 00:00:07 . Memory (MB): peak = 1229.879 ; gain = 90.457
---------------------------------------------------------------------------------
---------------------------------------------------------------------------------
Finished RTL Optimization Phase 1 : Time (s): cpu = 00:00:06 ; elapsed = 00:00:07 . Memory (MB): peak = 1229.879 ; gain = 90.457
---------------------------------------------------------------------------------
Netlist sorting complete. Time (s): cpu = 00:00:00 ; elapsed = 00:00:00 . Memory (MB): peak = 1229.879 ; gain = 0.000
INFO: [Netlist 29-17] Analyzing 13 Unisim elements for replacement
INFO: [Netlist 29-28] Unisim Transformation completed in 0 CPU seconds
INFO: [Project 1-570] Preparing netlist for logic optimization

Processing XDC Constraints
Initializing timing engine
Parsing XDC File [d:/PSU_Work_and_Textbooks/ECE544/ECE544_ProjFinal/Light_Motor_Vivado/Light_Motor_Vivado.gen/sources_1/bd/embsys/ip/embsys_rst_clk_wiz_1_100M_0/embsys_rst_clk_wiz_1_100M_0_ooc.xdc] for cell 'U0'
Finished Parsing XDC File [d:/PSU_Work_and_Textbooks/ECE544/ECE544_ProjFinal/Light_Motor_Vivado/Light_Motor_Vivado.gen/sources_1/bd/embsys/ip/embsys_rst_clk_wiz_1_100M_0/embsys_rst_clk_wiz_1_100M_0_ooc.xdc] for cell 'U0'
Parsing XDC File [d:/PSU_Work_and_Textbooks/ECE544/ECE544_ProjFinal/Light_Motor_Vivado/Light_Motor_Vivado.gen/sources_1/bd/embsys/ip/embsys_rst_clk_wiz_1_100M_0/embsys_rst_clk_wiz_1_100M_0_board.xdc] for cell 'U0'
Finished Parsing XDC File [d:/PSU_Work_and_Textbooks/ECE544/ECE544_ProjFinal/Light_Motor_Vivado/Light_Motor_Vivado.gen/sources_1/bd/embsys/ip/embsys_rst_clk_wiz_1_100M_0/embsys_rst_clk_wiz_1_100M_0_board.xdc] for cell 'U0'
Parsing XDC File [d:/PSU_Work_and_Textbooks/ECE544/ECE544_ProjFinal/Light_Motor_Vivado/Light_Motor_Vivado.gen/sources_1/bd/embsys/ip/embsys_rst_clk_wiz_1_100M_0/embsys_rst_clk_wiz_1_100M_0.xdc] for cell 'U0'
Finished Parsing XDC File [d:/PSU_Work_and_Textbooks/ECE544/ECE544_ProjFinal/Light_Motor_Vivado/Light_Motor_Vivado.gen/sources_1/bd/embsys/ip/embsys_rst_clk_wiz_1_100M_0/embsys_rst_clk_wiz_1_100M_0.xdc] for cell 'U0'
Parsing XDC File [D:/PSU_Work_and_Textbooks/ECE544/ECE544_ProjFinal/Light_Motor_Vivado/Light_Motor_Vivado.runs/embsys_rst_clk_wiz_1_100M_0_synth_1/dont_touch.xdc]
Finished Parsing XDC File [D:/PSU_Work_and_Textbooks/ECE544/ECE544_ProjFinal/Light_Motor_Vivado/Light_Motor_Vivado.runs/embsys_rst_clk_wiz_1_100M_0_synth_1/dont_touch.xdc]
Completed Processing XDC Constraints

Netlist sorting complete. Time (s): cpu = 00:00:00 ; elapsed = 00:00:00 . Memory (MB): peak = 1329.094 ; gain = 0.000
INFO: [Project 1-111] Unisim Transformation Summary:
  A total of 13 instances were transformed.
  FDR => FDRE: 12 instances
  SRL16 => SRL16E: 1 instance 

Constraint Validation Runtime : Time (s): cpu = 00:00:00 ; elapsed = 00:00:00.021 . Memory (MB): peak = 1340.918 ; gain = 11.824
---------------------------------------------------------------------------------
Finished Constraint Validation : Time (s): cpu = 00:00:13 ; elapsed = 00:00:14 . Memory (MB): peak = 1340.918 ; gain = 201.496
---------------------------------------------------------------------------------
---------------------------------------------------------------------------------
Start Loading Part and Timing Information
---------------------------------------------------------------------------------
Loading part: xc7a100tcsg324-1
---------------------------------------------------------------------------------
Finished Loading Part and Timing Information : Time (s): cpu = 00:00:13 ; elapsed = 00:00:14 . Memory (MB): peak = 1340.918 ; gain = 201.496
---------------------------------------------------------------------------------
---------------------------------------------------------------------------------
Start Applying 'set_property' XDC Constraints
---------------------------------------------------------------------------------
Applied set_property KEEP_HIERARCHY = SOFT for U0. (constraint file  D:/PSU_Work_and_Textbooks/ECE544/ECE544_ProjFinal/Light_Motor_Vivado/Light_Motor_Vivado.runs/embsys_rst_clk_wiz_1_100M_0_synth_1/dont_touch.xdc, line 9).
---------------------------------------------------------------------------------
Finished applying 'set_property' XDC Constraints : Time (s): cpu = 00:00:13 ; elapsed = 00:00:14 . Memory (MB): peak = 1340.918 ; gain = 201.496
---------------------------------------------------------------------------------
---------------------------------------------------------------------------------
Finished RTL Optimization Phase 2 : Time (s): cpu = 00:00:13 ; elapsed = 00:00:14 . Memory (MB): peak = 1340.918 ; gain = 201.496
---------------------------------------------------------------------------------
---------------------------------------------------------------------------------
Start RTL Component Statistics 
---------------------------------------------------------------------------------
Detailed RTL Component Info : 
+---Adders : 
	   2 Input    6 Bit       Adders := 1     
+---Registers : 
	                6 Bit    Registers := 1     
	                3 Bit    Registers := 3     
	                1 Bit    Registers := 8     
+---Muxes : 
	   2 Input    6 Bit        Muxes := 1     
	   2 Input    1 Bit        Muxes := 1     
---------------------------------------------------------------------------------
Finished RTL Component Statistics 
---------------------------------------------------------------------------------
---------------------------------------------------------------------------------
Start Part Resource Summary
---------------------------------------------------------------------------------
Part Resources:
DSPs: 240 (col length:80)
BRAMs: 270 (col length: RAMB18 80 RAMB36 40)
---------------------------------------------------------------------------------
Finished Part Resource Summary
---------------------------------------------------------------------------------
---------------------------------------------------------------------------------
Start Cross Boundary and Area Optimization
---------------------------------------------------------------------------------
---------------------------------------------------------------------------------
Finished Cross Boundary and Area Optimization : Time (s): cpu = 00:00:15 ; elapsed = 00:00:16 . Memory (MB): peak = 1340.918 ; gain = 201.496
---------------------------------------------------------------------------------
---------------------------------------------------------------------------------
Start Applying XDC Timing Constraints
---------------------------------------------------------------------------------
---------------------------------------------------------------------------------
Finished Applying XDC Timing Constraints : Time (s): cpu = 00:00:22 ; elapsed = 00:00:23 . Memory (MB): peak = 1340.918 ; gain = 201.496
---------------------------------------------------------------------------------
---------------------------------------------------------------------------------
Start Timing Optimization
---------------------------------------------------------------------------------
---------------------------------------------------------------------------------
Finished Timing Optimization : Time (s): cpu = 00:00:22 ; elapsed = 00:00:23 . Memory (MB): peak = 1340.918 ; gain = 201.496
---------------------------------------------------------------------------------
---------------------------------------------------------------------------------
Start Technology Mapping
---------------------------------------------------------------------------------
---------------------------------------------------------------------------------
Finished Technology Mapping : Time (s): cpu = 00:00:22 ; elapsed = 00:00:23 . Memory (MB): peak = 1343.164 ; gain = 203.742
---------------------------------------------------------------------------------
---------------------------------------------------------------------------------
Start IO Insertion
---------------------------------------------------------------------------------
---------------------------------------------------------------------------------
Start Flattening Before IO Insertion
---------------------------------------------------------------------------------
---------------------------------------------------------------------------------
Finished Flattening Before IO Insertion
---------------------------------------------------------------------------------
---------------------------------------------------------------------------------
Start Final Netlist Cleanup
---------------------------------------------------------------------------------
---------------------------------------------------------------------------------
Finished Final Netlist Cleanup
---------------------------------------------------------------------------------
---------------------------------------------------------------------------------
Finished IO Insertion : Time (s): cpu = 00:00:25 ; elapsed = 00:00:26 . Memory (MB): peak = 1343.164 ; gain = 203.742
---------------------------------------------------------------------------------
---------------------------------------------------------------------------------
Start Renaming Generated Instances
---------------------------------------------------------------------------------
---------------------------------------------------------------------------------
Finished Renaming Generated Instances : Time (s): cpu = 00:00:25 ; elapsed = 00:00:26 . Memory (MB): peak = 1343.164 ; gain = 203.742
---------------------------------------------------------------------------------
---------------------------------------------------------------------------------
Start Rebuilding User Hierarchy
---------------------------------------------------------------------------------
---------------------------------------------------------------------------------
Finished Rebuilding User Hierarchy : Time (s): cpu = 00:00:25 ; elapsed = 00:00:26 . Memory (MB): peak = 1343.164 ; gain = 203.742
---------------------------------------------------------------------------------
---------------------------------------------------------------------------------
Start Renaming Generated Ports
---------------------------------------------------------------------------------
---------------------------------------------------------------------------------
Finished Renaming Generated Ports : Time (s): cpu = 00:00:25 ; elapsed = 00:00:26 . Memory (MB): peak = 1343.164 ; gain = 203.742
---------------------------------------------------------------------------------
---------------------------------------------------------------------------------
Start Handling Custom Attributes
---------------------------------------------------------------------------------
---------------------------------------------------------------------------------
Finished Handling Custom Attributes : Time (s): cpu = 00:00:25 ; elapsed = 00:00:26 . Memory (MB): peak = 1343.164 ; gain = 203.742
---------------------------------------------------------------------------------
---------------------------------------------------------------------------------
Start Renaming Generated Nets
---------------------------------------------------------------------------------
---------------------------------------------------------------------------------
Finished Renaming Generated Nets : Time (s): cpu = 00:00:25 ; elapsed = 00:00:26 . Memory (MB): peak = 1343.164 ; gain = 203.742
---------------------------------------------------------------------------------
---------------------------------------------------------------------------------
Start Writing Synthesis Report
---------------------------------------------------------------------------------

Report BlackBoxes: 
+-+--------------+----------+
| |BlackBox name |Instances |
+-+--------------+----------+
+-+--------------+----------+

Report Cell Usage: 
+------+------+------+
|      |Cell  |Count |
+------+------+------+
|1     |LUT1  |     4|
|2     |LUT2  |     9|
|3     |LUT3  |     1|
|4     |LUT4  |     6|
|5     |LUT5  |     3|
|6     |LUT6  |     1|
|7     |SRL16 |     1|
|8     |FDR   |     8|
|9     |FDRE  |    28|
|10    |FDSE  |     4|
+------+------+------+
---------------------------------------------------------------------------------
Finished Writing Synthesis Report : Time (s): cpu = 00:00:25 ; elapsed = 00:00:26 . Memory (MB): peak = 1343.164 ; gain = 203.742
---------------------------------------------------------------------------------
Synthesis finished with 0 errors, 0 critical warnings and 0 warnings.
Synthesis Optimization Runtime : Time (s): cpu = 00:00:17 ; elapsed = 00:00:24 . Memory (MB): peak = 1343.164 ; gain = 92.703
Synthesis Optimization Complete : Time (s): cpu = 00:00:25 ; elapsed = 00:00:26 . Memory (MB): peak = 1343.164 ; gain = 203.742
INFO: [Project 1-571] Translating synthesized netlist
Netlist sorting complete. Time (s): cpu = 00:00:00 ; elapsed = 00:00:00 . Memory (MB): peak = 1343.164 ; gain = 0.000
INFO: [Netlist 29-17] Analyzing 9 Unisim elements for replacement
INFO: [Netlist 29-28] Unisim Transformation completed in 0 CPU seconds
INFO: [Project 1-570] Preparing netlist for logic optimization
INFO: [Opt 31-138] Pushed 0 inverter(s) to 0 load pin(s).
Netlist sorting complete. Time (s): cpu = 00:00:00 ; elapsed = 00:00:00 . Memory (MB): peak = 1360.484 ; gain = 0.000
INFO: [Project 1-111] Unisim Transformation Summary:
  A total of 9 instances were transformed.
  FDR => FDRE: 8 instances
  SRL16 => SRL16E: 1 instance 

INFO: [Common 17-83] Releasing license: Synthesis
47 Infos, 1 Warnings, 0 Critical Warnings and 0 Errors encountered.
synth_design completed successfully
synth_design: Time (s): cpu = 00:00:32 ; elapsed = 00:00:35 . Memory (MB): peak = 1360.484 ; gain = 221.062
INFO: [Common 17-1381] The checkpoint 'D:/PSU_Work_and_Textbooks/ECE544/ECE544_ProjFinal/Light_Motor_Vivado/Light_Motor_Vivado.runs/embsys_rst_clk_wiz_1_100M_0_synth_1/embsys_rst_clk_wiz_1_100M_0.dcp' has been generated.
WARNING: [Common 17-576] 'use_project_ipc' is deprecated. This option is deprecated and no longer used.
INFO: [Coretcl 2-1648] Added synthesis output to IP cache for IP embsys_rst_clk_wiz_1_100M_0, cache-ID = df4abdefd998471c
INFO: [Coretcl 2-1174] Renamed 6 cell refs.
INFO: [Common 17-1381] The checkpoint 'D:/PSU_Work_and_Textbooks/ECE544/ECE544_ProjFinal/Light_Motor_Vivado/Light_Motor_Vivado.runs/embsys_rst_clk_wiz_1_100M_0_synth_1/embsys_rst_clk_wiz_1_100M_0.dcp' has been generated.
INFO: [runtcl-4] Executing : report_utilization -file embsys_rst_clk_wiz_1_100M_0_utilization_synth.rpt -pb embsys_rst_clk_wiz_1_100M_0_utilization_synth.pb
INFO: [Common 17-206] Exiting Vivado at Fri Jun  3 07:04:14 2022...
